184651 0.0635167
199738 0.486941
195487 0.0641985
191863 0.3475
197527 0.10098
183117 0.279062
178323 0.0974687
196512 0.53097
159222 0.537768
140414 0.451435
198293 0.55205
169200 0.0904737
151902 0.536015
154848 0.0966603
165892 0.516271
170307 0.0989149
147051 0.11641
186557 0.064984
194595 0.0274844
140516 0.219769
110558 0.0925581
138695 0.811775
136821 0.818976
123778 0.483692
169596 0.052188
161519 0.11556
175953 0.0890445
141751 0.204808
164083 0.135773
182918 0.112155
146514 0.0039217
194549 0.534636
163798 0.272482
141203 0.102268
144344 0.183505
162571 0.286806
187668 0.511383
167824 0.657233
195674 0.473392
187885 0.0740979
191129 0.00735541
141928 0.235503
149479 0.425404
203460 0.2473
192314 0.554645
198630 0.0639246
187220 0.411282
150875 0.0983586
142921 0.038956
154206 0.466214
193605 0.251182
152756 0.0831142
105020 0.0877322
129595 0.63391
121435 0.187475
177148 0.0920478
151032 0.345439
142732 0.716106
193588 0.333749
147403 0.0165263
159065 0.4614
181627 0.458685
133007 0.611109
173266 0.159893
104068 0.423025
152708 0.0154813
184485 0.104369
181664 0.540171
130225 0.639019
155259 0.195778
198427 0.554348
143248 0.50248
141297 0.634489
134856 0.368798
200566 0.324145
164642 0.150716
178985 0.223546
191599 0.0302575
167191 0.276664
143024 0.0132899
157006 0.478697
161551 0.0207063
146771 0.443636
177630 0.323372
199631 0.195369
178389 0.184598
188192 0.11132
183093 0.046918
176218 0.384433
174460 0.30829
117133 0.661897
144052 0.556035
201705 0.107195
155235 0.110716
197330 0.36923
193122 0.0632758
159821 0.0959767
166325 0.363804
113457 0.704732
170402 0.212205
150314 0.332684
149853 0.705935
158908 0.201273
194760 0.158295
193374 0.327639
119779 0.410851
148248 0.726156
158774 0.360032
144339 0.184926
158539 0.256857
163489 0.183328
153878 0.392221
173920 0.0930413
182305 0.0599518
188948 0.41422
126738 0.399839
176429 0.0869271
142376 0.38149
199870 0.132033
202142 0.703936
149440 0.166891
188440 0.113243
143262 0.426875
108851 0.022337
193016 0.244282
166675 0.409478
176717 0.392612
202750 0.104521
155506 0.223803
189664 0.298461
167480 0.0850293
199805 0.00766297
189916 0.028401
134196 0.477
172232 0.431839
158472 0.439826
180506 0.229535
150198 0.806505
154906 0.314129
174401 0.13781
161511 0.268973
188172 0.0285776
166644 0.336157
181094 0.226269
117210 0.288404
166754 0.0884781
182955 0.118961
140791 0.046378
124770 0.504761
197184 0.182261
126052 0.30714
194067 0.259472
200229 0.599528
98414 0.597678
144971 0.179197
148238 0.488853
194735 0.398784
121662 0.71938
164301 0.282471
199925 0.228198
173133 0.0876354
177458 0.106562
138968 0.774401
156339 0.0429692
123103 0.0724196
165276 0.0657056
203407 0.587707
164930 0.111767
115893 0.707774
178684 0.181518
142552 0.246321
186372 0.1631
153454 0.16911
175410 0.247839
179186 0.266871
189073 0.268426
170152 0.464243
163921 0.0506696
93155 0.00732096
136891 0.616116
192493 0.0115789
148440 0.207569
155908 0.204688
184435 0.130752
177619 0.043449
179922 0.519343
168530 0.069222
203195 0.216379
118782 0.332649
150324 0.592416
191508 0.0352159
186893 0.306986
169526 0.22212
158653 0.0426989
169733 0.470087
121740 0.710526
203356 0.128053
142431 0.578734
148751 0.244639
179234 0.192924
170085 0.145547
121237 0.736535
172065 0.193434
153727 0.38324
162530 0.388801
180630 0.169642
121204 0.238519
158330 0.115925
160035 0.0927987
173293 0.493262
165344 0.354834
191546 0.0970296
178915 0.0819152
189337 0.0290737
119682 0.192162
186538 0.209723
185382 0.419505
178575 0.143232
159930 0.356641
192069 0.32011
140553 0.158831
167978 0.278868
142373 0.549186
140959 0.0926306
169153 0.0275292
166579 0.0397722
118146 0.535224
179340 0.126086
198978 0.260124
170335 0.331442
201609 0.321521
141182 0.396966
172183 0.151332
118704 0.642168
148611 0.0618834
135471 0.61187
196960 0.131893
120827 0.565
199645 0.365603
151575 0.262227
174892 0.333672
146782 0.0991355
118004 0.743946
179364 0.13027
185368 0.161922
130009 0.188193
196477 0.00736514
194148 0.16871
156708 0.180554
166087 0.0161586
182990 0.17899
115387 0.694588
123787 0.503043
170451 0.0143038
160081 0.662605
200093 0.155127
140447 0.322485
194921 0.498063
142752 0.582353
148304 0.178683
202106 0.684185
167951 0.223069
168160 0.0804878
187308 0.403797
177175 0.0646827
122134 0.672972
152171 0.546706
165286 0.235817
132852 0.620604
192438 0.0603982
139900 0.187872
151040 0.117014
201557 0.449113
121079 0.132844
152205 0.00957686
195720 0.164173
152231 0.172138
153228 0.46747
140327 0.55179
146786 0.480967
196238 0.107424
166615 0.160201
121255 0.522116
158777 0.282291
153908 0.372863
151591 0.671007
140675 0.223054
174789 0.205089
157811 0.261191
191779 0.318047
127184 0.279341
197643 0.0706851
188211 0.32339
201753 0.351891
176934 0.315465
186892 0.401119
173357 0.0791192
202139 0.579594
118196 0.327395
195695 0.193053
174362 0.300032
128021 0.834932
202385 0.155746
153762 0.0644667
191035 0.619711
169968 0.125069
116804 0.250995
155670 0.136607
168230 0.138532
156346 0.100029
185885 0.0284009
151162 0.0172884
181787 0.330134
118698 0.422886
191415 0.146283
140980 0.559575
181255 0.526801
126200 0.377686
203220 0.241841
201254 0.747575
142378 0.429987
160513 0.319913
172427 0.308228
153962 0.0714889
142193 0.605595
133062 0.681675
152886 0.610198
172329 0.127187
123699 0.565416
154776 0.0296088
182382 0.51173
173356 0.0980452
185463 0.00143285
165214 0.369163
162380 0.215459
199953 0.0765682
192176 0.0465318
173587 0.0998367
158045 0.341677
188591 0.14002
152823 0.127652
181636 0.182491
196093 0.605991
168134 0.0428561
130795 0.551386
133634 0.660114
133711 0.694972
184774 0.275481
167913 0.034967
165557 0.302026
152326 0.483948
107885 0.389547
201018 0.00359246
124050 0.593253
125326 0.61814
142619 0.263998
174876 0.044527
146856 0.0422865
119029 0.270633
167518 0.014944
189663 0.4198
144422 0.487318
147285 0.282636
169244 0.162427
151350 0.140554
156664 0.315307
173555 0.479484
174077 0.571078
191564 0.601701
124808 0.344079
181037 0.182001
119797 0.203909
133725 0.865976
146507 0.135928
196038 0.159156
139272 0.461879
150694 0.834079
195529 0.167681
149542 0.291272
201836 0.0144761
193314 0.086827
196178 0.599059
147921 0.494812
129113 0.128552
150949 0.0416049
167125 0.151916
129674 0.559545
147179 0.690369
126885 0.0972745
191228 0.119947
189511 0.060333
111484 0.498569
148407 0.0256612
141536 0.299143
199602 0.569739
159599 0.301361
198168 0.372436
144419 0.628934
127955 0.81984
186544 0.205082
196536 0.219112
153586 0.366724
113501 0.705458
143692 0.323916
148420 0.27597
178071 0.224519
186862 0.248666
138235 0.452004
120641 0.717132
174860 0.0136608
200863 0.233108
189954 0.144787
139431 0.50423
160322 0.311313
173808 0.528183
187411 0.198276
150213 0.140334
190561 0.36999
178018 0.259309
193613 0.25292
185925 0.258135
176455 0.394928
200831 0.356139
124814 0.373695
132547 0.729421
203210 0.061887
195569 0.581931
105154 0.0906268
153245 0.0280987
166966 0.0313642
159942 0.312214
118097 0.493007
174312 0.0884724
199746 0.28981
151771 0.435732
142428 0.215423
156298 0.321665
144883 0.0192056
200055 0.792609
178543 0.278
166430 0.10825
183311 0.247744
162746 0.146738
200421 0.208959
197172 0.367055
127502 0.87116
132413 0.361973
156182 0.542566
152177 0.273546
164886 0.294305
162636 0.391356
107919 0.170232
183418 0.0352713
203419 0.142731
180556 0.0971205
189365 0.33967
173117 0.244283
158606 0.44029
182177 0.144835
203208 0.253525
133762 0.696236
190040 0.16012
190760 0.410074
139160 0.491326
156072 0.136156
129726 0.430689
148533 0.644839
126498 0.335878
184479 0.0207457
195826 0.564803
182548 0.234371
178169 0.101844
196145 0.123142
194678 0.517029
185421 0.22401
182972 0.317823
144722 0.448923
147625 0.488098
150028 0.19938
155146 0.529568
148058 0.369705
185354 0.099438
173114 0.316989
169456 0.564481
181326 0.134218
140796 0.0565808
158713 0.106988
172455 0.289225
124444 0.701586
182758 0.34602
199945 0.328429
149481 0.186444
186878 0.143373
194851 0.177973
189756 0.255452
157426 0.0437421
153185 0.385157
157815 0.284267
165728 0.466802
125885 0.0582474
185244 0.0797852
161166 0.225416
145791 0.105455
167785 0.147328
166312 0.324464
146217 0.110923
185200 0.0253309
202410 0.141804
198612 0.0272602
156687 0.725299
197263 0.599967
131768 0.252529
164382 0.0882559
188570 0.295507
202839 0.157714
201656 0.0123298
199469 0.2215
155213 0.052919
161470 0.0803427
186120 0.140066
138016 0.486783
121489 0.465751
185053 0.0509337
172161 0.119466
168369 0.212288
167148 0.0910511
142425 0.758213
150674 0.0824125
163113 0.0853453
198516 0.329646
182254 0.467432
144515 0.140985
193404 0.130372
147353 0.560059
196393 0.428381
158541 0.384325
169946 0.585345
159928 0.46941
174020 0.629377
118200 0.209329
185353 0.349567
180721 0.534911
188320 0.196755
143624 0.544428
198887 0.469899
162971 0.199276
200752 0.221835
178033 0.270076
123188 0.520752
193324 0.399929
145272 0.20809
194800 0.356614
145941 0.2655
153484 0.491493
173328 0.266657
183371 0.472476
142454 0.259662
187485 0.239548
194159 0.272144
155840 0.00231133
181166 0.0220333
174727 0.434202
160105 0.1712
180638 0.277858
144449 0.786478
119956 0.60154
159508 0.390051
123204 0.584514
174400 0.50188
199334 0.642456
157972 0.155317
151675 0.109395
187144 0.139085
143054 0.288995
155186 0.238779
174816 0.265636
155626 0.280183
118197 0.258974
200108 0.672434
125585 0.702543
167385 0.452304
166525 0.15606
187562 0.0743329
169079 0.111775
174895 0.403397
198869 0.604911
176952 0.520858
149787 0.622231
177133 0.477413
138614 0.330871
195410 0.17837
142379 0.612289
174662 0.109469
190471 0.393093
132921 0.819108
164801 0.125945
142841 0.445803
164027 0.0650411
160315 0.244794
155308 0.131187
120534 0.61108
130549 0.0705525
149715 0.433946
167503 0.241727
201754 0.525919
143575 0.277036
144672 0.643573
133067 0.614421
182927 0.122736
153070 0.226628
140422 0.389458
153699 0.203828
146785 0.493918
147996 0.673422
142029 0.596116
174048 0.0271032
187287 0.0724355
198196 0.0458911
117483 0.245421
162770 0.249815
140658 0.0615784
182214 0.0544195
129685 0.454732
119396 0.539712
125581 0.508967
142363 0.499234
170535 0.242107
188282 0.317941
169326 0.760361
117213 0.436158
172640 0.18459
173488 0.220698
183727 0.175994
172191 0.146189
138924 0.439525
151710 0.109977
139231 0.632273
173426 0.172179
152318 0.512617
194689 0.115246
177151 0.0862469
160773 0.176947
176806 0.0776395
198300 0.185485
168216 0.0994851
149811 0.654299
145803 0.257779
148006 0.158508
132561 0.797489
199217 0.373771
108575 0.0198079
119397 0.243099
127239 0.666013
180388 0.259817
181471 0.129931
143297 0.058393
176988 0.322078
148214 0.254399
197176 0.0738574
187895 0.323106
185525 0.282374
184671 0.092579
170336 0.0530906
189710 0.582493
132930 0.648089
119875 0.294095
139763 0.571379
181003 0.0993654
154908 0.314973
153032 0.308193
144294 0.110289
139930 0.417081
149483 0.0837902
156579 0.345006
124661 0.341752
183595 0.153497
195490 0.629746
160782 0.263704
164128 0.0828961
166533 0.380991
188898 0.159581
202241 0.102387
201265 0.199285
134351 0.484205
191216 0.566479
195302 0.170479
198944 0.281597
166061 0.281247
137599 0.350518
166316 0.32529
163340 0.0664797
193557 0.34003
182664 0.24855
144170 0.520563
200122 0.215666
201394 0.354833
164075 0.063025
160012 0.199796
182631 0.0582051
103932 0.0554258
152500 0.163104
106117 0.387402
173564 0.182806
153442 0.150083
158579 0.0128315
161196 0.152905
152223 0.226135
176785 0.102045
169559 0.557168
167350 0.439807
165410 0.198013
164875 0.410238
172487 0.246809
198873 0.444968
196818 0.162853
119852 0.602499
147213 0.0709278
126100 0.579973
148215 0.0841486
146304 0.101787
172179 0.0621424
166905 0.230864
187275 0.0549747
191062 0.147105
150675 0.231745
156907 0.725745
199090 0.420451
202831 0.282945
165729 0.227029
147968 0.604835
201045 0.404518
178008 0.251539
177918 0.0362612
199731 0.202747
144773 0.114764
195393 0.444591
181523 0.362954
122948 0.270054
118096 0.287692
172587 0.186153
198028 0.0450404
197969 0.245915
183827 0.0990692
179958 0.24126
181876 0.555747
124124 0.383625
183691 0.555108
160382 0.345072
199818 0.239058
189794 0.453776
149708 0.380012
177347 0.428219
202328 0.0759813
143286 0.246459
155270 0.298705
188827 0.152921
169468 0.034592
164120 0.0543168
165961 0.271359
190961 0.0136834
194802 0.162601
155629 0.406762
173514 0.201549
114715 0.435521
115858 0.0442242
121847 0.0244224
142460 0.711725
153756 0.0365349
189420 0.0390209
127507 0.665366
151914 0.155287
159459 0.0401731
171196 0.358288
183973 0.481333
197468 0.219461
143105 0.387784
153738 0.51154
192507 0.657432
142492 0.411029
178101 0.0548186
119165 0.166438
155347 0.321781
142877 0.031684
165874 0.378117
148858 0.137653
201382 0.0689459
178925 0.348401
191862 0.0752165
196343 0.275601
165610 0.139499
174468 0.0663103
177334 0.138773
153895 0.155226
124896 0.618193
167897 0.344691
171185 0.287595
184744 0.0345509
151469 0.662851
160107 0.619039
186486 0.254172
121014 0.532471
146387 0.0934896
160055 0.519808
187383 0.301612
175243 0.0861522
179927 0.368219
192415 0.252342
185975 0.0611038
191940 0.0461341
139211 0.562904
142970 0.0673531
138260 0.0574868
149515 0.450436
171146 0.240579
169231 0.0622525
199278 0.0997873
181633 0.511319
157008 0.211049
165925 0.115808
180690 0.250178
128132 0.590443
190877 0.181381
151388 0.413686
202769 0.69884
126537 0.716918
179962 0.251103
194050 0.122433
177599 0.248124
188372 0.338622
189098 0.0583632
122231 0.61745
157839 0.321254
164893 0.158205
182826 0.484311
172582 0.0721831
145945 0.35418
165681 0.175348
157392 0.216571
123367 0.72859
149998 0.225142
187184 0.387391
148531 0.715077
162599 0.338475
191743 0.463294
160610 0.217901
182536 0.0370751
201182 0.421346
200857 0.384415
171708 0.117066
174723 0.431698
139158 0.74911
146807 0.205293
167558 0.64114
172250 0.364732
160975 0.0992745
107907 0.382994
132693 0.763013
167924 0.254607
177226 0.763036
160377 0.272373
138364 0.107522
138604 0.713184
140424 0.521363
156208 0.345469
113284 0.0974498
144411 0.598541
148170 0.364
142486 0.322143
191931 0.0581986
127244 0.893335
169130 0.0703943
155245 0.408482
168661 0.509637
149467 0.426077
157123 0.0629434
153749 0.20742
193048 0.412443
154623 0.107284
170946 0.299692
194955 0.405648
165635 0.127443
179313 0.161077
167150 0.220554
140388 0.374784
160412 0.625031
198593 0.45921
183132 0.149191
175203 0.289572
198549 0.809606
187271 0.0248838
179105 0.0373123
188919 0.316626
166885 0.404474
156518 0.471377
171623 0.0307439
202043 0.413516
114710 0.232324
121463 0.201822
190759 0.401156
149509 0.187999
157089 0.582724
182669 0.134407
127228 0.482229
132075 0.252336
184730 0.337488
199006 0.0580144
144334 0.0552346
180021 0.650651
203002 0.488655
124655 0.0794698
153689 0.283809
104069 0.86296
178572 0.232528
145891 0.439647
193340 0.0666684
197635 0.423331
183232 0.156929
182509 0.112792
173596 0.373542
180092 0.166909
172442 0.581064
183914 0.233071
158121 0.128759
123863 0.352582
116809 0.164861
160046 0.814396
152226 0.818085
124894 0.339565
169072 0.31693
156566 0.1859
157560 0.77306
166361 0.0638293
123326 0.546532
162348 0.2538
181404 0.625471
148128 0.429436
144471 0.140957
161689 0.107166
168341 0.0807538
157632 0.116763
181203 0.229533
141498 0.188676
173118 0.175463
189678 0.0340965
137076 0.127577
170582 0.461612
188870 0.579804
143882 0.278785
200983 0.215735
159745 0.42834
179181 0.0638273
192572 0.137294
157109 0.115877
193023 0.233955
157333 0.212937
201826 0.179683
198313 0.425088
178243 0.0711527
129879 0.246129
196072 0.00391134
166399 0.197051
196830 0.497986
188746 0.042134
120635 0.643119
199266 0.240448
160474 0.271037
118112 0.296541
