184651 0.048681
195487 0.0241483
191863 0.370154
197527 0.0611246
183117 0.230596
178323 0.0685813
196512 0.520332
159222 0.556575
140414 0.401506
198293 0.565457
169200 0.0826431
151902 0.575198
154848 0.0466183
165892 0.41244
147051 0.0709805
186557 0.0456224
194595 0.0143001
140516 0.178908
110558 0.0736206
138695 0.772503
136821 0.838796
123778 0.516143
169596 0.0220463
175953 0.0805227
141751 0.144889
164083 0.105365
182918 0.0873666
146514 0.00124155
163798 0.20834
141203 0.0730275
162571 0.289746
187668 0.520639
167824 0.671274
187885 0.0387609
191129 0.00313637
141928 0.161524
192314 0.538059
150875 0.0604599
142921 0.0325755
154206 0.356982
193605 0.210561
105020 0.0851728
129595 0.674246
121435 0.199774
177148 0.06132
151032 0.324903
193588 0.275837
133007 0.627262
173266 0.138494
104068 0.510583
152708 0.0107351
184485 0.059764
130225 0.657308
155259 0.119372
198427 0.54163
143248 0.469185
134856 0.371242
200566 0.38101
164642 0.0984958
178985 0.191091
191599 0.0239044
167191 0.284677
143024 0.00791887
157006 0.398478
161551 0.013329
146771 0.402772
177630 0.228828
178389 0.151253
188192 0.0873598
183093 0.0374977
176218 0.374786
174460 0.292276
117133 0.715243
144052 0.567114
201705 0.088632
155235 0.0801586
193122 0.0254609
159821 0.0538719
113457 0.754089
170402 0.150586
150314 0.414641
158908 0.135427
194760 0.174433
158774 0.338281
158539 0.206867
163489 0.138236
153878 0.37529
173920 0.0611911
188948 0.336396
126738 0.390282
176429 0.068596
142376 0.327209
199870 0.0724708
202142 0.689999
149440 0.128364
188440 0.0658876
143262 0.51154
108851 0.0114552
193016 0.367493
166675 0.399693
155506 0.186526
167480 0.0767977
189916 0.013772
134196 0.434312
172232 0.342808
158472 0.434818
180506 0.160071
150198 0.82177
154906 0.321973
174401 0.115959
161511 0.200804
188172 0.0191717
117210 0.239142
166754 0.0639346
182955 0.066496
140791 0.0236285
124770 0.421319
197184 0.114421
126052 0.375735
200229 0.596752
98414 0.577088
144971 0.138616
148238 0.473745
121662 0.818786
164301 0.193985
199925 0.165916
173133 0.0504998
177458 0.0621158
138968 0.848695
156339 0.0214946
123103 0.0583433
165276 0.0449333
203407 0.589452
164930 0.0902868
115893 0.742571
178684 0.150773
142552 0.180669
186372 0.171567
153454 0.103293
175410 0.128729
179186 0.172427
189073 0.242076
163921 0.0283175
93155 0.00349416
136891 0.676395
148440 0.191097
155908 0.122874
184435 0.0574252
177619 0.0170778
179922 0.514602
168530 0.0394456
203195 0.148336
118782 0.320712
150324 0.668378
191508 0.0174058
169526 0.181931
158653 0.0363644
169733 0.389043
121740 0.786399
203356 0.081674
142431 0.599407
148751 0.28358
170085 0.11799
121237 0.802177
153727 0.300354
162530 0.283252
121204 0.184823
160035 0.0564741
173293 0.444781
191546 0.0543495
178915 0.0510668
189337 0.0140257
119682 0.155669
186538 0.155212
185382 0.420924
178575 0.0808408
159930 0.353685
192069 0.285326
140553 0.1082
142373 0.492365
140959 0.0487562
169153 0.0190792
166579 0.0436567
118146 0.536195
179340 0.102722
198978 0.188818
170335 0.275358
172183 0.120523
118704 0.698728
148611 0.0403657
135471 0.636872
196960 0.0867087
120827 0.564536
151575 0.257586
174892 0.250466
146782 0.0776541
118004 0.819598
179364 0.098838
130009 0.178267
156708 0.154476
166087 0.0100196
182990 0.13868
115387 0.695948
123787 0.597297
170451 0.00972578
160081 0.738406
200093 0.107947
140447 0.314161
167951 0.178562
168160 0.0444303
187308 0.413896
177175 0.0287683
122134 0.761985
152171 0.426931
165286 0.191503
132852 0.706051
192438 0.0256463
139900 0.12878
151040 0.0720636
121079 0.138499
152205 0.00661574
152231 0.108414
153228 0.413168
140327 0.556921
146786 0.439732
196238 0.079329
166615 0.140842
121255 0.568429
158777 0.255706
153908 0.323863
151591 0.703914
140675 0.170354
174789 0.162434
127184 0.323626
197643 0.039668
188211 0.359455
176934 0.197579
186892 0.461466
173357 0.048581
118196 0.35617
195695 0.139658
174362 0.260714
128021 0.846778
202385 0.098932
153762 0.0479547
169968 0.0845752
116804 0.190035
155670 0.109897
168230 0.0667022
156346 0.0654953
151162 0.00737192
181787 0.264147
118698 0.399093
191415 0.097567
140980 0.590924
203220 0.284441
201254 0.785157
142378 0.415656
160513 0.297441
153962 0.0348999
142193 0.616469
133062 0.721248
152886 0.580904
123699 0.572336
154776 0.0155449
173356 0.0397645
165214 0.304423
162380 0.14388
192176 0.0219918
173587 0.0603565
158045 0.347192
188591 0.106182
152823 0.0833775
181636 0.144227
196093 0.635494
168134 0.0237098
130795 0.645442
133634 0.691099
133711 0.695046
184774 0.217327
167913 0.0194071
165557 0.221192
152326 0.342998
125326 0.69632
174876 0.0315771
146856 0.0204446
119029 0.231144
167518 0.00800513
189663 0.447303
144422 0.544693
147285 0.30695
156664 0.379574
173555 0.541487
174077 0.600578
191564 0.600828
181037 0.136416
146507 0.142544
196038 0.0883372
139272 0.401582
150694 0.878023
149542 0.248743
196178 0.578411
129113 0.118061
150949 0.0278624
129674 0.635608
147179 0.706225
191228 0.0714749
189511 0.0451049
111484 0.501919
148407 0.0176918
141536 0.275787
199602 0.615944
159599 0.249773
198168 0.344434
144419 0.638259
127955 0.849912
186544 0.132822
196536 0.144691
153586 0.347363
143692 0.316159
148420 0.259061
186862 0.29994
138235 0.458477
120641 0.794877
200863 0.291637
189954 0.0763102
139431 0.53039
160322 0.285656
173808 0.60816
187411 0.126478
150213 0.117926
190561 0.306518
178018 0.229864
193613 0.23699
185925 0.249787
176455 0.343875
200831 0.295937
124814 0.348862
132547 0.74618
203210 0.0325034
195569 0.636102
105154 0.0835515
153245 0.00961175
166966 0.0234757
159942 0.32664
118097 0.416509
174312 0.0592357
199746 0.267425
151771 0.458329
142428 0.17417
156298 0.318305
144883 0.0146409
178543 0.248093
162746 0.112172
127502 0.879529
156182 0.505696
152177 0.192708
164886 0.258734
162636 0.3431
107919 0.189702
183418 0.0252438
203419 0.153712
180556 0.0640813
189365 0.352477
158606 0.466843
182177 0.0976819
133762 0.727984
190040 0.190476
139160 0.492701
156072 0.133636
148533 0.720535
126498 0.360377
184479 0.00874604
195826 0.531018
182548 0.240288
178169 0.0523588
196145 0.102159
194678 0.564372
182972 0.267046
144722 0.392145
147625 0.509361
150028 0.207339
155146 0.529427
148058 0.278448
185354 0.0657087
173114 0.347479
169456 0.542993
181326 0.100483
140796 0.0306251
158713 0.108522
182758 0.30443
199945 0.304594
149481 0.131022
186878 0.166138
194851 0.136132
189756 0.209988
157426 0.0263715
153185 0.373975
165728 0.464341
125885 0.069147
185244 0.0579402
161166 0.182788
145791 0.0517707
167785 0.114333
166312 0.306872
146217 0.103688
185200 0.00991872
202410 0.136032
198612 0.0135373
156687 0.773015
197263 0.61474
131768 0.176866
164382 0.0590012
188570 0.202793
202839 0.116474
186120 0.0985171
138016 0.473532
121489 0.413773
185053 0.0242735
167148 0.04624
142425 0.813179
150674 0.054955
163113 0.0416758
198516 0.383646
147353 0.580975
196393 0.260598
158541 0.383865
159928 0.462782
118200 0.221904
185353 0.314503
180721 0.58137
188320 0.151893
143624 0.606282
198887 0.462529
200752 0.183436
123188 0.515144
145272 0.171908
194800 0.369864
145941 0.275706
153484 0.500043
173328 0.260907
142454 0.174408
187485 0.173039
155840 0.00110297
181166 0.0102308
174727 0.406235
160105 0.146063
180638 0.260446
144449 0.793577
119956 0.714192
159508 0.327612
123204 0.616543
174400 0.470179
199334 0.663479
157972 0.0965407
151675 0.0662361
143054 0.235555
155186 0.141627
155626 0.250245
118197 0.238579
200108 0.694156
125585 0.75684
167385 0.361939
187562 0.0535764
169079 0.0535175
174895 0.376739
198869 0.585105
176952 0.548824
174662 0.0544799
190471 0.374551
132921 0.850651
164801 0.0689045
142841 0.412043
164027 0.0279628
160315 0.205954
155308 0.101031
120534 0.586591
130549 0.0389083
167503 0.165624
201754 0.632709
143575 0.221551
144672 0.699319
133067 0.592747
182927 0.0888839
153070 0.187445
140422 0.297467
153699 0.133458
146785 0.450412
147996 0.718382
142029 0.641045
174048 0.015175
187287 0.0521826
117483 0.218617
162770 0.149779
182214 0.0325199
129685 0.54879
119396 0.503011
142363 0.538225
170535 0.127494
188282 0.295964
117213 0.455203
172640 0.114631
173488 0.158547
183727 0.131972
172191 0.0954356
138924 0.454273
173426 0.131219
152318 0.435413
194689 0.0715166
160773 0.113423
176806 0.0655776
198300 0.126517
168216 0.0713977
149811 0.695166
145803 0.20572
148006 0.140167
132561 0.790465
108575 0.0244605
119397 0.232695
127239 0.647829
180388 0.236503
181471 0.0836131
143297 0.049446
176988 0.307635
197176 0.0364665
185525 0.213365
184671 0.0681934
170336 0.0213397
132930 0.700833
119875 0.276386
139763 0.557588
181003 0.0628352
154908 0.233653
153032 0.276627
144294 0.06227
139930 0.483818
156579 0.268468
160782 0.214096
164128 0.0779511
166533 0.362239
188898 0.146161
134351 0.501232
195302 0.129648
137599 0.307518
163340 0.0410967
193557 0.254369
182664 0.265796
144170 0.518628
201394 0.394045
164075 0.0326445
160012 0.203588
182631 0.0559567
103932 0.0451878
173564 0.142255
153442 0.119823
158579 0.00618527
161196 0.0837702
152223 0.193282
176785 0.078498
169559 0.549577
167350 0.460807
165410 0.12826
164875 0.448158
172487 0.210014
198873 0.42118
196818 0.170411
119852 0.652006
147213 0.0567815
126100 0.603811
148215 0.0519823
146304 0.0556968
172179 0.0339928
166905 0.198743
187275 0.0313573
191062 0.0820841
150675 0.1783
156907 0.830051
199090 0.45661
202831 0.311211
165729 0.120023
147968 0.61475
201045 0.435616
177918 0.0212001
199731 0.197132
144773 0.0873302
195393 0.462759
181523 0.341711
122948 0.252443
118096 0.308075
172587 0.166598
198028 0.0251384
179958 0.191423
124124 0.384045
183691 0.537847
160382 0.28648
189794 0.394099
149708 0.298576
177347 0.403427
202328 0.0410889
155270 0.272139
188827 0.122871
169468 0.0145552
164120 0.0481582
165961 0.237392
155629 0.369062
173514 0.145545
114715 0.417334
115858 0.0375857
142460 0.751785
153756 0.0139208
189420 0.0298172
127507 0.760549
151914 0.0875126
159459 0.0186462
183973 0.525192
197468 0.193813
143105 0.341921
153738 0.427522
192507 0.722682
142492 0.358923
178101 0.0441133
119165 0.1773
155347 0.262423
142877 0.0126049
165874 0.404775
148858 0.106552
201382 0.0468605
178925 0.370918
191862 0.0416891
165610 0.118842
174468 0.0561565
153895 0.100418
171185 0.228777
184744 0.0191839
151469 0.720968
160107 0.651602
186486 0.180221
121014 0.630275
146387 0.0704721
160055 0.575006
187383 0.235063
175243 0.0315643
179927 0.391424
192415 0.217813
185975 0.0508846
191940 0.0226139
142970 0.0611702
138260 0.0566873
149515 0.463446
169231 0.0386341
199278 0.0900953
157008 0.226502
128132 0.647114
190877 0.148243
151388 0.357216
202769 0.6552
126537 0.752287
179962 0.240728
194050 0.0995404
177599 0.223978
188372 0.278788
189098 0.0478663
122231 0.733414
157839 0.304527
164893 0.114794
182826 0.391751
172582 0.0444037
145945 0.375519
165681 0.134552
157392 0.17685
123367 0.765449
149998 0.212297
187184 0.366049
148531 0.77752
162599 0.339368
160610 0.204411
182536 0.0346782
201182 0.44766
200857 0.346966
171708 0.0782965
174723 0.358791
139158 0.807244
146807 0.129159
172250 0.345948
160975 0.0576903
107907 0.374178
132693 0.768174
167924 0.243201
177226 0.767765
160377 0.211366
138364 0.0757248
138604 0.7557
156208 0.392778
113284 0.0748197
144411 0.640232
148170 0.363305
142486 0.323453
191931 0.041385
127244 0.931313
169130 0.0453979
155245 0.346275
168661 0.529182
149467 0.34154
157123 0.0397329
193048 0.377786
194955 0.391132
165635 0.0724951
179313 0.0746955
167150 0.12058
140388 0.353697
160412 0.667377
198593 0.500107
183132 0.1479
175203 0.227613
188919 0.327365
156518 0.360144
171623 0.0124561
114710 0.168039
121463 0.128652
190759 0.300818
149509 0.192467
157089 0.599804
182669 0.113435
127228 0.448818
132075 0.197595
199006 0.0393777
144334 0.0236366
180021 0.637067
178572 0.183319
193340 0.0544452
197635 0.422674
183232 0.157059
182509 0.112902
173596 0.397674
180092 0.077761
172442 0.508563
183914 0.188442
158121 0.0923875
123863 0.344657
116809 0.165708
160046 0.841935
152226 0.825236
124894 0.340145
169072 0.291922
156566 0.0997895
157560 0.815477
166361 0.0464948
123326 0.544072
162348 0.27849
181404 0.627226
148128 0.404148
144471 0.0749827
161689 0.0937518
168341 0.0501457
157632 0.0740553
181203 0.195637
141498 0.147378
173118 0.0809209
189678 0.014224
137076 0.0732487
170582 0.395331
188870 0.607967
143882 0.267051
200983 0.203815
159745 0.38958
179181 0.0419743
192572 0.110272
157109 0.0984492
193023 0.144105
157333 0.198223
201826 0.107406
198313 0.461301
178243 0.0457174
166399 0.149279
196830 0.456262
188746 0.0268683
120635 0.713556
160474 0.297253
118112 0.244791
