5993984 0.00497108
5993987 0.0168632
5994005 0.00383436
5994034 3.81117e-06
5994037 9.70514e-05
5994053 0.00201564
5994075 0.0354307
5994098 0.232723
5994123 0.00509365
5994125 0.0440286
5994135 0.128116
5994141 0.023803
5994154 0.00420515
5994203 0.000492915
5994244 0.00151049
5994264 0.0237172
5994291 0.0179163
5994293 0.00305821
5994296 0.00428203
5994303 0.065763
5994317 0.00049989
5994318 0.0283599
5994319 0.00143687
5994324 0.00930284
5994336 0.0358353
5994341 0.133614
5994346 0.011491
5994347 0.0920718
5994359 0.0454168
5994363 0.00410958
5994386 0.0198287
5994389 0.00139218
5994401 1.88862e-05
5994417 0.249174
5994426 0.00136067
5994427 0.000222026
5994451 0.0113758
5995573 0.0196376
5995574 0.036276
5995581 0.0347226
5995592 0.423103
5995931 0.0457815
5995934 0.0430106
5995956 0.0372849
5995960 0.812154
5995961 0.108028
5996021 0.000467461
5996027 0.0220711
5996144 0.000207677
5996148 1.41224e-05
5996162 0.0315953
5996170 0.00198152
5996171 0.0708684
5996193 0.000837381
5996198 0.120089
5996202 0.000407374
5996209 0.00960743
5996214 0.000680792
5996232 0.0940023
5996233 1.65313e-06
5996241 0.0083036
5996245 0.00453174
5996248 0.0587324
5996262 0.00300477
5996263 0.841593
5996273 0.000654608
5996280 9.70725e-05
5996291 0.00236886
5996295 0.347452
5996296 0.0606917
5996340 0.0205279
5996494 0.179728
5996496 0.00932315
5996497 0.0787794
5996498 0.0497485
5996519 0.0017564
5996520 0.466008
5996521 0.023564
5996528 0.0898821
5996552 0.00457935
5996554 0.0109362
5996563 0.677104
5996565 0.149589
5996574 0.0833567
5996576 0.135651
5998892 5.55634e-05
5998899 0.000357168
5998907 0.117796
5998911 0.547208
5998912 0.08524
5998913 0.129412
5998919 0.114462
5998928 0.0277305
5998931 0.0321034
5998933 0.136149
5998934 0.00978895
5998938 0.0129563
5998944 0.280026
5998950 0.000416521
5998957 0.984392
5998959 0.542201
5998990 0.527753
5998993 0.416422
5998996 0.397737
5999002 0.0256683
5999011 0.00256653
5999014 0.000491819
5999021 0.00293649
5999022 0.0174426
5999026 0.00355223
5999044 0.162963
5999046 0.0119261
5999060 0.00193695
5999075 0.305852
5999076 0.00299559
5999081 0.955023
5999144 0.0205365
5999150 0.0949934
5999174 0.105612
5999175 0.0436162
5999178 0.0495252
5999179 0.0674786
5999182 0.240033
5999183 0.0104846
5999189 0.0220729
5999191 0.0634415
5999225 0.355108
5999484 0.126539
6000462 0.569925
6000474 0.0535152
6000531 0.104555
6000549 0.138962
6000580 0.0594167
6000591 0.0377638
6000606 0.0314552
6000624 0.00416095
6000629 0.0800251
6000631 0.245998
6000640 0.140581
6000643 0.00836975
6000644 0.0187211
6000645 0.0140784
6000646 0.211003
6000647 0.105527
6000649 0.0393193
6000650 0.0875104
6000658 0.0896918
6000659 0.691408
6000683 0.00946523
6000688 0.0586501
6000689 0.0112028
6000691 0.0271285
6000813 0.288802
6000817 0.00141437
6002785 0.170829
6004340 0.0312202
6004341 0.0399851
6004350 0.000129466
6004365 0.591725
6004373 0.827574
6004386 0.235164
6004392 0.0961045
6004406 0.401241
6004426 0.0247593
6004434 0.0833418
6004447 0.00570083
6004452 0.00310267
6004456 0.351304
6004459 0.221848
6004462 0.043297
6004463 0.199553
6004464 0.053755
6004465 0.201329
6004468 0.44778
6004469 0.255597
6004470 0.178527
6004471 0.0236664
6004472 0.0364669
6004473 0.312108
6004474 0.141758
6004476 0.342832
6004478 0.00123704
6004492 0.000155469
6004532 0.592205
6004533 0.117348
6004554 0.443742
6004561 0.000232079
6004578 0.0221184
6004580 0.156009
6005343 0.189638
6006614 0.000455974
6006625 0.00292136
6007562 0.123308
6009027 0.000860218
6018799 0.18746
6024360 0.932964
6027466 0.158189
6027492 0.260004
6027497 0.240164
6027501 0.162316
6028064 0.168446
6028070 0.0475966
6028075 0.0172216
6028129 0.555628
6028130 0.582971
6028138 0.21441
6028142 0.000320599
6028161 0.000341533
6028163 0.000379312
6028167 0.000158232
6028177 0.00349709
6028179 0.0279043
6028184 0.214531
6028206 0.651404
6028210 0.000768633
6028219 0.026891
6028417 0.0314726
6028433 0.100999
6028628 0.0114129
6028632 0.0213071
6028633 0.116034
6028634 0.0352804
6028644 0.153124
6029052 0.692927
6029055 0.250344
6029064 0.000111381
6029065 8.45401e-05
6029145 0.00146032
6029162 0.0981751
6029170 0.167393
6029183 0.000951246
6029208 0.159416
6029242 0.629131
6029264 0.0201759
6029297 0.0299221
6029392 0.18348
6029515 0.0497746
6029522 0.131351
6029538 0.0140378
6029539 0.0987805
6029550 0.47788
6029552 1.7369e-05
6029665 0.021118
6029666 0.0128824
6029669 0.0235865
6029673 0.00101862
6029681 0.00286963
6029694 0.284285
6029695 0.293097
6029713 0.196029
6029715 0.00458958
6029716 0.093065
6029767 0.0541221
6029768 0.0410182
6029769 0.0022006
6029774 0.232258
6029778 0.000951201
6040241 0.00679746
6040245 0.501804
6040408 0.0157117
6043410 0.423756
6043424 0.00129584
6043431 0.734525
6043846 0.00436644
6043847 0.0121538
6043859 0.0864563
6043868 0.00367964
6043897 0.0371128
6043911 0.179478
6043912 0.184281
6044020 0.0449222
6044025 0.0225719
6044029 0.13172
6044032 0.131501
6044041 0.0171587
6044043 0.0396824
6044045 0.00866315
6044079 0.0296077
6044081 0.00686078
6044111 0.00500926
6044130 0.310744
6044138 0.00278621
6044254 0.0161757
6044268 0.0567509
6044279 0.000926109
6045494 0.00936745
6045509 0.0308532
6045535 0.0904594
6045538 0.23336
6045539 0.00310423
6045549 0.00113851
6045550 0.00263436
6045556 0.000246811
6045559 0.102711
6045562 0.574302
6045565 0.0426289
6045576 0.0479561
6045597 0.00581923
6045605 0.0837938
6045606 0.0418564
6045608 0.0193617
6045624 0.0667616
6045625 0.11885
6045627 0.373513
6045751 0.92749
6045852 0.587694
6045863 0.377201
6045884 0.079744
6045888 0.091439
6045894 0.0639307
6045904 0.782921
6045909 0.657492
6046047 0.0769649
6046674 0.00689816
6047292 0.000804406
6048233 0.988739
6048268 0.0268745
6048271 0.300057
6048273 0.492538
6048274 0.401136
6048278 0.20178
6048280 0.146391
6048287 0.596482
6048289 0.126914
6048303 0.157268
6048309 0.612772
6048310 0.162634
6048314 0.376854
6048498 0.0939387
6048608 0.000832878
6048622 0.01388
6048641 0.00311905
6048656 0.876532
6053312 0.000779183
6053317 0.123148
6053320 0.23232
6053335 0.00257093
6053352 0.0897809
6053357 0.159976
6053376 0.0603608
6053429 0.260131
6053467 0.000232433
6053471 0.0942313
6053516 0.101121
6053520 0.0115288
6053611 0.0316454
6053718 0.0354634
6053747 0.0093487
6054224 0.00137422
6054231 0.0229097
6054234 0.0458488
6057163 0.00119027
6059244 0.0467391
6059275 0.00753353
6059284 0.104627
6059293 0.856003
6059296 0.000775083
6059318 0.523453
6059341 0.506952
6059349 0.16649
6059453 0.000373281
6059459 0.328847
6059467 0.780966
6059486 0.0182634
6059493 0.00255924
6059500 0.0493704
6059501 0.0691346
6059505 0.119701
6059530 0.00144911
6059541 0.0105486
6059545 0.0118277
6059575 0.0209705
6059577 6.48921e-05
6059591 0.585218
6059597 0.0370835
6059600 0.0841166
6060246 0.185334
6060259 0.00779342
6060263 0.0832863
6060264 0.000506621
6060275 0.584455
6060314 0.480086
6060321 0.111014
6060324 0.363994
6060366 0.133798
6060367 0.554815
6060368 0.0317355
6060369 0.256893
6060385 0.128421
6060484 0.0027778
6060538 0.0168459
6060544 0.000154317
6060556 0.107878
6060559 0.123565
6060563 0.535303
6060566 0.0169795
6060568 0.0279614
6060611 0.00859502
6060696 0.000931761
6060698 0.375077
6060707 0.00022697
6060709 0.00349866
6060714 0.00018514
6060718 0.125058
6060720 0.493516
6060724 0.00258557
6060731 0.505127
6060733 0.659892
6060739 0.00316542
6060747 0.0153099
6060762 0.483248
6060791 0.0628762
6060799 0.0105042
6060822 0.0299494
6060826 0.00089691
6060827 0.00561148
6060876 0.000866937
6060893 0.644328
6060921 0.0257189
6060953 0.442175
6060964 0.417922
6060976 0.815707
6061396 0.000376672
6061762 0.0313707
6061765 0.000586049
6061766 0.0227466
6061780 0.00226554
6061807 0.0145039
6061826 8.47386e-05
6061842 0.00211112
6061917 0.111757
6061939 0.757657
6061941 0.03029
6062090 0.018137
6062107 0.00174023
6063063 0.000118429
6063089 6.5593e-05
6063159 0.37724
6063185 0.000731611
6063239 0.000924461
6063241 0.000384534
6063243 0.0605194
6063247 0.000667846
6063263 0.0347235
6063299 0.000543294
6063317 0.000266389
6063405 7.47759e-05
6063449 0.0157313
6063494 0.00985312
6063512 0.460843
6063514 0.018819
6063544 0.00479284
6063574 0.000155428
6063585 0.00709819
6063599 0.0223649
6066900 0.0126951
6066906 0.0268211
6066908 0.0709266
6066929 0.0548903
6068638 0.203364
6068652 0.0353987
6068723 0.00897243
6068726 0.0421941
6068765 0.0169795
6068770 0.0250118
6068774 0.0059861
6078200 0.092259
6078205 0.0784247
6078437 0.130594
6078490 0.00389549
6078561 0.141902
6078575 0.0200293
6078581 0.0010248
6078609 0.0935836
6078612 0.959047
6078718 0.0150246
6078719 0.00698645
6078753 0.0376904
6078759 0.0439627
6078768 0.0136756
6078769 0.0013888
6080451 0.0102411
6080456 0.238457
6080458 0.0205772
6081737 0.138399
6081738 0.0065409
6081748 0.00279991
6083077 0.00376784
6088047 0.00150099
6088107 0.00124172
6088594 0.000565429
6088595 6.21306e-05
6088608 0.271795
6088618 0.000501883
6088642 0.404362
6088679 0.856749
6088680 0.552485
6088681 0.582023
6088682 0.250213
6088683 0.241886
6088684 0.354796
6088685 0.0659183
6088686 0.0294013
6088688 0.142294
6088689 0.0446548
6088690 0.218054
6088698 0.0909612
6088704 0.0698536
6089999 0.00358219
6090008 0.442827
6090014 0.62823
6090016 0.0524877
6090017 0.672197
6090023 0.536174
6090027 0.237854
6090029 0.228009
6090038 0.00262362
6090407 0.193211
6090441 0.00554099
6090474 0.000967959
6090486 0.00489124
6090491 0.0010528
6090549 0.133201
6090557 0.00175559
6090608 0.00140595
6097762 0.0005376
6097806 0.0507758
6097808 0.234915
6097824 0.0101806
6097831 0.0191273
6097858 0.00107339
6098125 0.0136126
6098126 0.025986
6098131 0.083396
6098133 0.00436567
6098148 0.271863
6098150 0.245718
6098162 0.00523452
6098180 0.0129607
6098281 0.00477431
6098307 0.316564
6098314 0.197756
6098322 0.0179591
6099058 0.0061911
6099108 0.211565
6099207 0.000552787
6099228 0.23492
6099240 0.506326
6099245 0.343118
6099261 0.262203
6099368 0.289165
6099372 0.0134734
6099405 0.014405
6099498 0.00319696
6099504 0.00458546
6099506 0.00564998
6099526 0.00996315
6099531 0.000819997
6099635 0.0518329
6099641 0.255565
6099647 0.0178887
6099658 0.0292556
6099672 0.356241
6099673 0.0381596
6099674 0.146149
6099680 0.0161819
6099702 0.0264488
6099717 0.0065132
6099751 0.00316312
6099778 0.00681154
6099789 0.0427922
6099819 0.0155638
6099830 0.000796891
6099840 0.000579445
6099848 0.0454641
6099865 0.0181968
6099879 0.440967
6099907 0.0244125
6099910 0.00434763
6099934 0.248577
6100021 0.165534
6100025 0.190358
6100117 0.00718664
6100139 0.236213
6100178 0.0121089
6100295 0.0411656
6100349 0.414858
6100854 0.0161683
6100855 0.0139435
6101160 0.321887
6101182 0.000890687
6101212 0.00994126
6101213 0.0632743
6101226 0.582136
6101256 0.00157187
6101383 0.347481
6101484 0.00130248
6101505 0.180427
6102003 0.00311259
6102587 0.00990398
6103350 0.0770847
6103868 4.91246e-05
6103881 0.00141109
6103969 0.0127867
6103973 0.0047353
6103981 0.00224936
6103986 0.0187168
6103992 0.0688149
6103996 0.0224276
6104002 0.0220832
6104006 0.00916027
6104007 0.000241792
6104012 0.141152
6104014 0.0342617
6104015 0.0647174
6104021 0.00318013
6107173 0.279898
6107179 0.0295274
6107181 0.0331183
6107183 0.0751537
6107187 0.20513
6107189 0.0413258
6107192 0.103741
6107195 0.00863561
6107198 0.0863122
6107202 0.00216639
6107206 0.00067647
6107210 0.00440784
6107214 0.167383
6107218 0.573304
6107224 0.137351
6107233 0.000152193
6107235 0.171909
6107243 0.211267
6107245 0.402824
6107246 0.168879
6107250 0.0830943
6107263 0.218454
6107265 0.0108805
6107267 0.154648
6107291 0.104772
6107309 0.000369205
6107313 0.000741214
6107320 0.0894431
6107323 0.0123938
6107369 0.0246217
6107385 0.286696
6107386 0.193971
6107387 0.814319
6107388 0.193319
6107389 0.303675
6107436 0.0126222
6107445 0.00741803
6107459 0.23168
6107483 0.00596224
6107501 0.12216
6107502 0.00126494
6107514 0.0175639
6107516 0.0285521
6107562 0.0849327
6107566 0.0624284
6107579 0.366644
6107592 0.146413
6107599 0.289601
6107601 0.0028203
6107602 0.00494498
6107603 0.0132992
6107608 0.0994959
6107613 0.742739
6107655 0.0588986
6107662 0.00282563
6107663 0.0475555
6107668 0.511052
6107679 0.548917
6107684 0.262796
6107688 0.0931563
6107691 0.193561
6107700 0.17752
6107723 0.00203771
6107750 0.014756
6107767 0.215134
6107774 0.0262162
6107782 0.00895155
6107785 0.146873
6107793 0.281043
6107797 0.131568
6107806 0.00589048
6107850 0.000804402
6108027 0.0328076
6108249 0.000171373
6108268 0.0213933
6108280 0.0357782
6108300 0.000334237
6110186 0.00570144
6110271 0.0396333
6110273 0.0216847
6110274 0.545155
6110276 0.00650949
6110281 0.0356809
6110283 0.0395405
6110297 0.00240324
6110302 0.0604512
6110309 0.184958
6110313 0.0128214
6110314 0.106696
6110331 0.000300788
6110334 0.00911523
6110336 0.0459108
6110394 0.073867
6110396 0.58711
6110402 0.495744
6110407 0.00761729
6110436 0.00723622
6112975 0.0522788
6114511 0.00257702
6119103 0.00845959
6119110 0.0426773
6119131 0.759007
6119146 0.43507
6119153 0.230978
6119166 0.0073645
6119169 0.0641381
6119176 0.276092
6119183 0.0652506
6119198 0.126174
6119199 0.79813
6119279 0.000318567
6119282 0.00389134
6119293 0.225614
6119310 0.0547534
6122370 0.0209824
6122394 0.048029
6122399 0.230163
6122416 0.196268
6122419 0.0407777
6122420 0.0453059
6123179 0.0108736
6126004 0.198113
6126013 0.00114981
6126018 0.00514436
6126072 0.00538938
6126109 0.0150979
6126130 0.000314438
6126132 0.000324077
6126228 0.139132
6126265 0.0718053
6126381 0.000476006
6126387 0.000224283
6126396 0.0790183
6126400 0.0754119
6126406 0.0155052
6126555 0.00698856
6126560 0.034684
6126951 0.00100619
6127296 0.0352907
6127297 0.117352
6127304 0.0177471
6127311 0.00163941
6133320 0.0995044
6133526 0.0319568
6133538 0.0145329
6133698 0.106907
6133701 0.273733
6133708 0.947244
6133710 0.0298693
6133814 0.0776135
6133824 0.379246
6133826 0.0320559
6133828 0.0519483
6133831 0.046178
6133930 0.012124
6133932 0.152387
6133935 0.0667598
6133952 0.582921
6133960 0.00476508
6133987 0.000533228
6133995 0.039121
6134012 0.296007
6136269 0.00216445
6136420 0.209785
6136421 0.00625059
6136443 0.190066
6136456 0.0497514
6136471 0.0169176
6136479 0.0972755
6136486 5.69199e-05
6136514 0.0152544
6136531 0.248318
6136543 0.548788
6136666 0.0331566
6136734 0.112157
6136760 0.0289649
6136765 0.00257597
6136880 0.0640819
6136893 0.150639
6136897 0.0580738
6136930 0.000601031
6140790 0.000306311
6140864 0.0129909
6140880 0.00376005
6140899 0.0130006
6140901 0.00163338
6140923 9.19509e-05
6140928 0.000236538
6140934 0.00158839
6140942 0.000681077
6140951 0.00226275
6140956 0.205727
6140997 0.000101356
6141006 0.00842169
6141037 0.00915241
6141043 0.00426557
6141047 0.0586728
6141051 0.0222669
6141067 0.0622261
6141132 0.265612
6141176 0.0234705
6141193 0.0927442
6141218 0.217194
6141233 0.0123905
6141243 0.0759099
6141257 0.0480352
6141264 0.00439896
6141267 0.264984
6141645 0.701048
6142526 0.183566
6142534 0.000125316
6142535 0.280606
6142536 0.4318
6142546 0.00625845
6143001 0.0679004
6143029 0.451102
6143043 0.598649
6143051 0.0696857
6143097 0.00247118
6143152 0.0127513
6143169 0.0277515
6143173 0.000660541
6143217 0.471647
6143218 0.955761
6143225 0.191804
6143228 0.157496
6143229 0.014615
6143231 0.00504908
6143236 0.00202038
6143238 0.820127
6143239 0.0583956
