135549 0.0638866
146435 0.124408
193647 0.0582112
191945 0.00144218
183475 0.00703495
181940 0.00471528
201254 0.892779
158757 0.671309
152977 0.0174214
168020 0.000557995
149462 0.0105328
195819 0.0512413
202923 0.289165
202227 0.00371995
198091 0.0229097
199963 0.00088326
165111 0.390833
165392 0.000745111
149865 0.00668378
181462 0.000511771
120736 0.062308
196745 0.0306655
156710 0.213009
194970 0.0477309
157588 0.00333945
161586 0.0472571
138420 0.00116019
191961 0.025678
147454 0.000125736
175950 0.00697663
186544 0.00106702
145549 0.206772
180779 0.000963222
183945 0.0141263
148994 0.00124934
194345 0.0539878
156046 0.976171
123967 0.0386378
139259 0.404694
140326 0.000190806
175281 0.000130193
187217 0.0278114
190923 0.00104478
151622 0.11344
143947 0.00088719
177586 0.147285
130262 0.0628238
141506 8.65421e-05
123940 0.330052
165345 0.00322877
196376 0.000585685
150016 0.0539458
142654 0.00730669
177540 0.033274
153292 0.0013285
176427 0.000202001
113170 0.963281
185929 0.0835289
171624 0.000137722
175242 0.000143865
192396 0.0612826
184064 0.0953056
138029 0.896185
153375 0.112532
154977 0.0927213
119396 0.000586742
175508 0.00107218
162024 0.990167
149511 0.00349372
117463 0.00323349
166891 6.80296e-06
173295 0.000935681
203044 0.0108754
139251 0.0004003
166282 0.0933027
190886 0.00183043
142550 0.464345
159664 0.35715
156479 0.217584
158020 0.312541
153769 0.265574
150757 0.00748374
198560 0.0249651
160708 0.0235032
149576 0.00223206
127658 0.0025718
142667 3.70791e-05
188725 0.239209
141524 0.103525
156842 0.0234494
199781 0.00455742
123051 0.00111456
141058 0.277264
130303 0.912403
185223 0.152866
186311 0.00749121
195593 0.000811329
197261 0.0145108
150895 0.183037
130334 0.71628
191921 0.150072
167985 0.0128003
119926 0.00145932
196761 0.0392287
182702 0.000704203
65070 0.00246427
178925 0.053919
201466 0.0304302
142898 0.0115032
193480 0.00305821
158300 0.888258
151948 0.00546448
144271 0.508107
150198 0.928799
198917 0.0342349
112409 0.995683
151109 0.000480373
162623 0.283865
155620 0.000730495
148491 0.00119163
94659 0.347995
161742 0.000585665
164466 0.000302945
202585 0.000162417
155548 0.0111284
196374 0.00159799
125726 0.0806673
180028 0.00566615
201112 0.170103
176281 0.0834161
127168 0.0458881
184773 0.00677032
156485 0.00192354
153976 0.550007
178339 0.00349835
189187 0.000605383
144486 0.000460826
155463 0.0117232
145284 0.00962133
187131 0.0257118
155346 0.0401446
157567 0.000386363
149805 0.978403
159577 0.00425605
132562 0.00876469
165213 0.669756
185174 0.00179425
193447 0.0124459
189521 0.0296374
186960 0.0655239
143058 0.183672
149954 0.000332111
115511 0.33512
162235 0.0431243
160835 0.00122255
182752 0.00162462
182474 0.0016231
145795 0.000790679
172708 5.94165e-05
194661 0.397737
153274 0.00193045
178265 0.00106464
123377 0.154161
180268 5.43846e-05
158328 0.594802
188614 0.00977475
150445 0.0757833
171605 1.6408e-05
195483 0.00078946
172581 0.225931
172056 0.193775
170475 0.00404184
193625 0.0715524
201752 0.098681
179200 0.0952818
154372 0.000829579
194482 0.0100137
187018 0.0049951
157608 0.00805181
169749 0.0293744
182287 0.000529234
179334 0.0450947
143626 0.0502451
184533 0.000439548
118683 0.951673
165378 0.967049
158064 0.0272643
96944 0.878823
148417 0.546163
133448 0.0305257
193227 0.000352433
185894 0.004518
129140 0.356198
135232 0.151334
160544 0.2618
150841 0.992349
145815 0.000596155
155643 0.904841
128953 0.156652
203502 0.432518
169185 0.00113773
174993 2.74341e-05
196038 7.46286e-05
79028 0.00308358
123028 0.376156
178985 4.52424e-05
155374 0.0320925
145749 0.0107531
136469 0.0316781
190638 0.128564
159945 0.054002
178405 0.00228817
172183 0.000464213
143717 0.00836207
151991 0.164774
179151 0.0219548
198846 0.138941
128232 0.521737
193294 0.00875826
166314 5.56684e-05
120720 0.572052
187962 0.136124
147362 0.0941847
139936 0.986804
190069 0.00124961
147655 0.00725432
199519 0.00384784
154816 0.112352
179144 0.0116307
149855 0.988133
167411 0.00428223
178798 0.00739834
188503 0.27406
136812 0.0422175
179932 0.23217
118643 0.800769
156855 0.00373876
189229 0.835981
182312 0.0311996
125336 0.010428
202360 0.00383874
187577 0.000745324
196387 0.000567472
156812 0.989249
194673 0.00256653
117075 0.0747605
163911 7.62859e-05
155273 0.000259669
148940 0.128093
200981 0.991112
183620 0.00701082
192438 0.00016179
140783 0.000483028
129673 0.0285988
123038 0.00147649
175285 0.0647015
171117 0.110005
112895 0.968958
198150 0.0019734
186610 0.0290892
156814 0.953978
196966 0.32047
169344 0.0315757
183191 0.000909315
177363 0.000164692
166952 0.00510997
182671 0.00348579
149789 0.325856
139749 0.0621534
183007 0.0003202
191190 0.00767214
188248 0.702909
174418 0.011672
125532 0.0779896
154724 0.0168517
119773 0.997649
180881 0.0152895
126122 0.754196
171687 0.0105725
176158 0.00204718
135631 0.163031
112402 0.995791
197928 0.00523165
129682 0.0702319
122900 0.0121564
188187 0.146181
153087 0.977632
166134 0.0507414
140433 0.400018
182630 0.00490075
166188 6.80722e-06
136497 0.946379
119798 0.997953
195681 0.00136136
200811 0.475569
175447 0.00962326
144191 0.00272565
194789 0.00060016
141295 2.06256e-06
151785 0.00986826
146822 0.0579286
126162 0.0352449
168124 0.188224
166021 0.00752407
113378 0.0982187
157351 0.174482
125822 0.0654799
125536 0.00131258
156901 0.0785658
193303 0.000574366
165352 0.00199627
137492 0.336611
127816 0.00960496
179948 0.146463
175518 0.000116649
173808 0.211793
160070 0.0333165
175194 0.0417561
181640 0.000338394
177253 0.00610636
158821 0.00604279
173310 0.00214036
197490 0.00999359
191521 0.0469733
145240 0.537903
154158 0.0508762
159259 0.0118007
202444 0.1295
187009 0.00195123
199721 0.0124316
156850 0.0372258
164669 0.856239
120635 0.362677
144913 0.00420085
159758 0.0113883
188041 0.000868749
153178 0.00263253
148232 0.134993
193299 0.00237
126842 0.0782
159295 0.0161402
185919 0.00186326
139280 0.0216914
165284 0.363846
203303 0.0048549
158466 0.0270297
134979 9.89417e-07
188765 0.0244449
177226 0.454572
123617 0.41573
195901 0.00158426
157530 0.0566074
166071 0.000530402
167936 0.00336187
119430 0.00643193
165234 0.00749334
123547 0.0597845
144496 0.117006
203272 0.146149
172739 9.42796e-05
200912 0.0307602
152753 0.837858
152485 0.934981
177263 0.039143
154331 0.000262632
144042 0.00607046
178258 5.28535e-05
175071 0.00234067
166973 0.0237533
160028 0.904933
183844 9.9915e-05
108061 0.968273
149847 0.99422
189528 0.00112929
201149 0.989389
158098 0.0111458
144020 0.47291
155596 0.000944327
197059 0.952958
119036 0.0677468
136401 0.00184532
146755 0.0333199
152497 0.672752
201173 0.966576
156230 0.00244477
147670 0.00485886
128119 0.897617
125307 0.0229087
152792 0.000237257
156031 0.00124264
146259 0.01848
169370 0.000253757
101289 0.93041
165639 0.00720781
202424 0.0166451
177817 0.00487045
158399 0.313183
149843 0.985014
142497 0.958815
199951 0.000740501
142639 0.450204
189968 0.0319563
198073 0.0242096
168339 0.180447
108375 0.333902
119786 0.996263
165589 0.033482
121233 0.0177498
190632 0.101689
178615 0.252687
118583 0.000586183
168775 0.422056
156189 0.00302938
181139 0.00134956
180607 0.00710656
194639 0.0952877
144829 0.00440523
112107 0.11963
107472 0.271543
200389 0.0364646
191509 0.0551574
167958 0.0051148
146780 0.00572872
188019 0.030031
199792 0.269216
171821 0.0021356
197605 0.00743689
142966 4.03003e-06
131856 0.171154
119007 0.975116
141834 0.00205792
127246 0.0864011
157957 0.102473
181727 0.299865
187180 0.247376
180354 0.0184823
194687 0.981274
167861 3.19404e-05
148132 0.972699
130308 0.668857
159708 0.0212572
