202551 0.966747
180213 1.23141e-05
172257 2.40057e-05
135549 0.00528931
146435 0.0145623
193647 3.6323e-05
173657 2.64348e-11
190955 3.61979e-05
182744 6.35995e-13
136631 0.0315219
191945 0.00010589
183475 1.46081e-08
181940 3.80071e-06
201254 0.947027
158757 0.231174
152977 6.16436e-07
168020 2.49668e-10
149462 1.00637e-06
195819 1.64049e-05
202923 0.00304196
202227 2.76512e-07
198091 6.99043e-06
201868 3.2677e-05
180615 6.84981e-10
199963 3.50419e-06
165111 0.00619708
165392 2.95576e-07
149865 0.000623228
181462 1.11511e-07
171502 1.99772e-06
120736 0.0749073
196745 0.00159948
156710 0.00290112
194970 0.0609641
157588 1.76717e-06
183858 2.25271e-06
149479 2.51924e-06
161586 0.00117744
138420 1.49496e-05
191961 3.53686e-06
147454 0.000347417
175950 8.40216e-07
196121 7.50494e-09
186544 9.51682e-07
145549 0.000145548
180779 6.17197e-05
183945 7.61872e-07
148994 0.000314466
194345 3.38084e-06
156046 0.97908
181925 0.000290867
123967 2.17033e-05
139259 0.000139887
150799 0.237535
154014 0.979505
140326 4.46089e-07
186959 7.2892e-07
186708 6.17723e-06
175281 6.87965e-09
187217 0.000100676
190923 2.34991e-06
151622 0.000157219
143947 0.033391
154542 0.670833
177586 0.000819264
198708 5.96792e-08
130262 0.00210683
141506 3.70978e-07
160249 0.00106729
174142 0.00310998
123940 0.0366727
165345 2.45128e-05
124640 3.14365e-06
196376 1.47918e-06
150016 7.65045e-05
142654 1.16747e-05
177540 0.00133641
153292 0.000455857
176427 2.79421e-08
113170 0.975241
202441 0.00208026
149852 0.72825
198324 0.00802759
185929 0.00374147
144223 0.00065105
171624 2.95861e-10
175242 5.52235e-09
192396 3.16635e-07
184064 5.36477e-05
138029 0.999274
190711 0.0874548
153375 0.000836073
154977 0.0515978
119396 7.52965e-07
175508 1.4157e-10
162024 0.968747
171979 0.0748474
149511 1.55038e-06
117463 1.48284e-06
167902 4.20928e-05
184491 1.74578e-08
166891 4.07521e-08
173295 0.00319657
203044 2.45089e-05
139251 5.26565e-07
166282 0.0136658
190886 0.00230541
123829 2.56291e-05
157821 0.403677
142550 0.00329156
159664 0.000351681
156479 2.82835e-05
128261 0.00963007
158020 0.100522
142097 0.000412069
153769 0.00491109
150757 1.60379e-07
174167 0.259696
198560 8.96876e-05
160708 2.59994e-12
149576 9.28586e-07
127658 8.84689e-05
142667 9.22209e-09
188725 0.0120045
141524 2.76132e-07
156842 0.00085337
197061 0.0712955
199781 0.0181592
123051 0.00124226
141058 0.0524244
152741 0.999781
130303 0.987303
185223 8.76356e-07
186311 0.000192951
195593 5.47344e-05
154650 0.98656
152742 0.996718
195466 3.02262e-05
197261 0.0242202
108063 0.999807
150895 0.633116
143568 5.91592e-06
130334 0.96278
191921 0.0207208
195716 1.55218e-07
167985 5.30157e-05
119926 1.65904e-06
196761 0.000174018
182702 7.84776e-08
65070 0.00113149
178925 1.21875e-09
201466 0.000509342
177826 7.38245e-06
142898 8.82254e-05
193480 6.38328e-08
158300 0.0127018
151948 7.6008e-07
144271 0.00159048
150198 0.946941
198917 0.102719
112409 0.999985
151109 1.25699e-05
162623 0.0724169
155620 0.00603131
148491 6.68504e-11
94659 0.455382
161742 2.4491e-06
183267 4.04668e-05
164466 1.40148e-06
202585 3.02816e-09
155548 0.000291029
155033 0.000248195
196374 7.61328e-08
125726 0.00184165
180028 3.49765e-06
201112 0.999041
176281 2.71512e-06
170474 0.00058344
127168 0.00379344
184773 2.98934e-06
156485 0.000883087
153976 0.0476211
178339 2.58884e-06
189187 9.22395e-06
144486 6.22898e-07
155463 2.66273e-08
145284 0.0962128
187131 3.4917e-05
155346 0.00757261
182517 1.63751e-05
157567 2.29316e-07
178187 1.20025e-05
149805 0.959313
159577 2.37403e-06
132562 0.0043326
152437 7.77787e-05
165213 0.000427636
185174 4.70197e-05
193447 3.82927e-07
189521 1.40795e-05
186960 0.00116416
143058 0.0352913
149954 2.64755e-07
115511 0.0386749
178066 1.26206e-05
162235 0.000898139
202470 0.341073
160835 1.39788e-07
182752 2.56331e-05
182474 1.3557e-05
172341 0.0189091
200852 0.00125505
145795 4.67244e-08
172708 1.9806e-11
142690 4.72598e-11
194661 0.00625575
153274 2.34047e-06
178265 9.93541e-10
123377 0.0686394
172310 0.717667
180268 1.47239e-09
158328 9.19244e-05
188614 1.35955e-05
119432 0.0151942
150445 0.00783187
171605 1.56038e-08
195483 1.38715e-09
200520 0.00222665
117223 0.000359845
172581 9.4997e-06
172056 0.00722313
170475 0.000259373
193625 0.000361867
154026 0.938557
201752 0.656892
179200 0.0230212
154372 4.96195e-06
194482 4.4106e-05
187018 2.12688e-09
157608 0.000115542
169749 0.000226166
182287 1.33316e-05
179334 9.24542e-06
143626 4.92469e-07
184533 2.63543e-09
118683 0.929931
165378 0.993456
158064 0.0183873
96944 0.0106935
148417 3.22948e-05
133448 0.00013062
193227 2.04831e-08
201886 2.61818e-05
202816 0.0015277
185894 6.77372e-05
129140 0.460845
135232 0.00960932
160544 0.1331
150841 0.996973
182402 9.44364e-08
145815 1.59646e-08
155643 0.962659
128953 9.46832e-05
203502 0.0145462
169185 5.3137e-07
174993 1.13956e-09
196038 0.000544019
79028 0.000151723
123028 0.00103355
178985 1.21349e-08
155374 1.60404e-07
145749 1.29103e-06
136469 0.0015754
190638 0.0183856
159945 0.000658935
178405 1.76764e-08
201146 0.98329
161489 0.0106435
172183 2.2112e-07
143717 0.000353711
151991 0.000213495
179151 6.36116e-07
198846 0.213246
147979 0.910683
128232 0.0145256
193294 2.78755e-08
166314 2.08311e-07
120720 0.0332932
183072 0.000175902
187962 2.04358e-05
147362 4.31111e-06
199100 2.07253e-05
139936 0.455984
190069 1.33168e-07
159492 4.63721e-09
147655 1.68881e-05
199519 0.0218804
154816 1.07184e-05
179144 9.90148e-05
149855 0.953401
167411 8.92393e-06
178798 6.08988e-06
188503 7.42397e-05
136812 1.20131e-06
179932 0.0107003
118643 0.344238
156855 0.00441816
189229 0.0329465
182312 5.10862e-08
125336 0.000242366
202360 0.000239103
174013 0.00114423
187577 8.00207e-08
196387 0.00227154
156812 0.776009
194673 4.07144e-06
117075 0.000173959
157798 0.0581629
163911 1.15175e-06
191779 0.0045414
155273 0.00047172
148940 0.00228744
200981 0.987128
183620 2.35407e-08
192438 2.79257e-06
178436 0.00313419
140783 9.79125e-07
129673 0.0809688
123038 0.0748134
175285 1.27706e-05
171117 0.0685067
112895 0.996137
198150 1.22454e-06
199217 5.98482e-07
186610 4.07873e-07
156814 0.157319
196966 0.599961
169344 5.46991e-07
201255 0.0183673
202538 1.37953e-05
183191 5.50709e-10
177363 2.96108e-10
166952 0.000590485
182671 1.78746e-06
149789 0.645151
155669 0.000131078
139749 0.923676
183007 9.98251e-09
191190 3.13158e-05
132159 5.10466e-06
188248 0.349271
174418 0.00553187
125532 0.134581
154724 8.7696e-06
119773 0.999782
181999 2.02406e-06
180881 0.000115608
126122 0.00558109
165603 2.73879e-07
171687 1.87327e-06
174764 3.04593e-05
176158 2.82041e-05
135631 0.0015363
112402 0.999982
197928 0.0103107
152461 3.76065e-05
129682 2.21429e-05
170463 1.0905e-09
122900 4.82785e-05
188187 0.010686
153087 0.00469683
166134 0.0541296
154020 0.74076
140433 0.000799815
182630 0.00148429
166188 2.14307e-10
136497 0.586841
119798 0.999744
124708 5.20279e-06
195681 1.66164e-05
175290 3.42468e-10
202479 0.000136543
130307 0.997712
131575 4.21555e-06
200811 4.32824e-06
193304 1.90204e-06
195300 1.88546e-06
175447 2.4207e-07
144191 1.45753e-09
194789 5.4865e-05
141295 9.4671e-05
151785 0.146235
146822 0.458664
126162 0.000312729
168124 2.24722e-06
166021 1.92353e-05
113378 0.00256582
192153 0.0182258
149854 0.980358
157351 0.0048139
125822 8.22884e-05
163975 6.58074e-08
125536 1.52968e-06
156901 0.00382471
193303 2.98818e-09
165352 1.75213e-10
137492 0.000784337
127816 4.17182e-06
172633 0.0119372
195343 4.57908e-07
179948 2.54303e-05
175518 1.27671e-08
173808 0.0880427
160070 4.70068e-08
175194 1.60505e-06
181640 1.56656e-07
181790 2.33959e-07
177253 0.00744883
158821 2.44696e-08
173310 1.11941e-07
197490 4.17703e-08
191521 9.87749e-05
145240 0.54227
154158 1.71824e-06
159259 1.35671e-06
201402 2.07013e-07
187580 3.16858e-08
202444 0.0456515
199818 0.00072736
187009 1.6261e-05
199721 3.70352e-11
201150 0.999982
156850 0.000267508
164669 0.0538465
202699 1.54494e-06
120635 0.261264
174428 1.287e-05
144913 0.000130547
159758 2.05319e-05
163840 1.33444e-06
150492 3.70922e-05
188041 0.00144327
153178 7.46883e-06
198776 0.123561
148232 0.000275801
193299 2.7727e-09
187195 4.79843e-06
126842 0.0125361
159295 2.98304e-06
185919 0.000383756
139280 0.00306338
165284 0.00381993
203303 2.86588e-07
158466 4.41967e-08
178990 2.04113e-06
137317 1.66793e-08
134979 8.36607e-08
188765 1.52792e-07
177226 0.0992474
123617 0.080782
144187 0.00156474
195901 0.000805674
157530 0.0244747
166071 7.03932e-06
189637 4.38135e-05
185368 1.66573e-07
167936 1.45408e-07
152729 0.998141
119430 0.000960205
195627 0.0980113
165234 4.2936e-08
123547 0.00567195
144496 6.5271e-07
203272 0.592668
176196 6.99424e-08
172739 2.85342e-09
200912 1.80553e-06
152713 0.997552
152753 0.00148299
182519 2.84434e-07
152485 0.886169
177263 1.56019e-05
154331 4.89725e-09
144042 0.0106424
178258 4.3214e-05
175071 0.000495544
166973 0.0556787
160028 0.000392551
183844 3.08531e-06
108061 0.998098
149847 0.998969
202971 0.000120883
189528 0.00379227
201149 0.925067
158098 0.00166144
176788 6.07057e-10
144020 0.000893828
155596 0.627057
146729 3.33225e-06
197059 0.0146875
119036 0.00221556
174816 2.62275e-07
136401 0.000194539
146755 1.58196e-05
193458 9.46348e-12
144207 0.0227005
152497 0.0169655
201173 0.999859
156230 1.94303e-07
147670 0.000117381
128119 0.454207
141455 0.00111754
125307 7.45696e-07
152792 7.15894e-05
156031 0.00554935
146259 5.46599e-07
169370 3.41889e-07
101289 0.93978
165639 2.38574e-05
202424 0.00659485
177817 1.88076e-06
158399 0.00335117
149843 0.998241
142497 0.989872
166948 6.53609e-06
199951 3.92467e-06
142639 2.91806e-06
189968 8.99688e-07
198073 6.47148e-05
168339 0.00279505
152745 0.981798
202141 0.956836
108375 0.0863939
119786 0.99942
165589 1.23826e-05
121233 0.017271
190632 4.84765e-08
178615 0.000516571
118583 1.59591e-05
168775 0.0455045
156189 5.1972e-05
181139 8.76885e-08
180607 6.51666e-08
196635 2.1604e-05
194639 0.0987603
203119 0.0281291
150292 0.185075
144829 2.95955e-05
112107 0.00548467
107472 0.03539
200389 0.000374482
191509 3.31177e-06
119800 0.951574
167958 3.82972e-06
146780 3.31731e-06
201139 0.997495
188019 1.31092e-05
199792 1.30047e-05
171821 0.00107436
197605 7.06571e-09
142966 2.34643e-07
131856 0.000311517
119007 0.828357
141834 0.000171422
127246 0.956389
157957 4.30792e-05
181727 0.45594
187180 0.0112768
197346 0.000368271
189430 0.00425868
180354 0.148213
194687 0.990248
167861 7.76399e-09
148132 0.998839
130308 0.0342943
159708 9.84377e-07
