5993984 0.175758
5993987 0.0795871
5994005 0.0395957
5994034 0.00157038
5994037 0.0481009
5994053 0.00653856
5994075 0.0341709
5994098 0.199539
5994123 0.0328341
5994125 0.0596872
5994135 0.0897493
5994141 0.0151018
5994154 0.0430742
5994203 0.00505841
5994244 0.0691532
5994264 0.0420482
5994291 0.473343
5994293 0.113706
5994296 0.601694
5994303 0.0976374
5994317 0.00393692
5994318 0.0443631
5994319 0.0339073
5994324 0.0611052
5994336 0.0788027
5994341 0.21126
5994346 0.0894948
5994347 0.0470817
5994359 0.0250517
5994363 0.0256856
5994386 0.0135845
5994389 0.119709
5994401 0.00833954
5994417 0.472528
5994426 0.129436
5994427 0.29547
5994451 0.147764
5995573 0.0136388
5995574 0.0649621
5995581 0.0164467
5995592 0.0286126
5995931 0.101547
5995934 0.061785
5995956 0.0169476
5995960 0.0662636
5995961 0.131569
5996021 0.0207623
5996027 0.180739
5996144 0.0161366
5996148 0.0878657
5996162 0.606801
5996170 9.86358e-05
5996171 0.117348
5996193 0.287781
5996198 0.23876
5996202 0.000184483
5996209 0.16765
5996214 0.0643327
5996232 0.0350448
5996233 0.000981443
5996241 0.0722851
5996245 0.0798127
5996248 0.0299714
5996262 0.0089547
5996263 0.0619402
5996273 0.00114639
5996280 0.0202803
5996291 0.00697086
5996295 0.0568025
5996296 0.193984
5996340 0.233195
5996494 0.0281804
5996496 0.0297473
5996497 0.0632276
5996498 0.0280549
5996519 0.274836
5996520 0.672315
5996521 0.0613034
5996528 0.0353363
5996552 0.0898306
5996554 0.00355079
5996563 0.160531
5996565 0.126096
5996574 0.198626
5996576 0.0277971
5998892 0.0194252
5998899 0.0509285
5998907 0.115316
5998911 0.201014
5998912 0.245192
5998913 0.137339
5998919 0.418081
5998928 0.114828
5998931 0.276529
5998933 0.0079448
5998934 0.481304
5998938 0.0517028
5998944 0.113576
5998950 0.0543217
5998957 0.619931
5998959 0.265713
5998990 0.0104113
5998993 0.0765613
5998996 0.723499
5999002 0.0540815
5999011 0.0444671
5999014 0.0996065
5999021 0.0226847
5999022 0.0952113
5999026 0.045405
5999044 0.13213
5999046 0.061678
5999060 0.00254054
5999075 0.0561159
5999076 0.00385476
5999081 0.00958064
5999144 0.0292615
5999150 0.189457
5999174 0.0744586
5999175 0.233312
5999178 0.00106641
5999179 0.0691256
5999182 0.19622
5999183 0.150152
5999189 0.0106086
5999191 0.255232
5999225 0.00600519
5999484 0.0197718
6000462 0.272134
6000474 0.193689
6000531 0.0945766
6000549 0.0309759
6000580 0.0219203
6000591 0.331746
6000606 0.115189
6000624 0.010372
6000629 0.125256
6000631 0.0454267
6000640 0.0556253
6000643 0.0761423
6000644 0.032713
6000645 0.0283102
6000646 0.108966
6000647 0.0395072
6000649 0.122287
6000650 0.103327
6000658 0.0101745
6000659 0.0216174
6000683 0.302216
6000688 0.0969324
6000689 0.178425
6000691 0.305295
6000813 0.0434183
6000817 0.0452214
6002785 0.619958
6004340 0.0214671
6004341 0.934699
6004350 0.00596295
6004365 0.238071
6004373 0.0193599
6004386 0.0342005
6004392 0.077311
6004406 0.395963
6004426 0.0354597
6004434 0.00607436
6004447 0.238799
6004452 0.942607
6004456 0.166489
6004459 0.026056
6004462 0.0645685
6004463 0.0662161
6004464 0.110341
6004465 0.0483475
6004468 0.0790141
6004469 0.266693
6004470 0.0981882
6004471 0.0819013
6004472 0.101604
6004473 0.0618635
6004474 0.0258616
6004476 0.185161
6004478 0.84364
6004492 0.893386
6004532 0.023254
6004533 0.179227
6004554 0.297137
6004561 0.019062
6004578 0.102238
6004580 0.328427
6005343 0.110745
6006614 0.306497
6006625 0.0171544
6007562 0.418526
6009027 0.115217
6018799 0.546277
6024360 0.722745
6027466 0.653218
6027492 0.466392
6027497 0.510028
6027501 0.608064
6028064 0.17016
6028070 0.00297884
6028075 0.125513
6028129 0.234528
6028130 0.00811975
6028138 0.0518741
6028142 0.078034
6028161 0.0710192
6028163 0.0262851
6028167 0.185835
6028177 0.317195
6028179 0.00186386
6028184 0.239304
6028206 0.211138
6028210 0.174383
6028219 0.0434394
6028417 0.0107332
6028433 0.237577
6028628 0.0048884
6028632 0.0160183
6028633 0.28364
6028634 0.117134
6028644 0.227843
6029052 0.527205
6029055 0.474713
6029064 0.201897
6029065 0.0250253
6029145 0.00695937
6029162 0.19139
6029170 0.0161286
6029183 0.0392843
6029208 0.161399
6029242 0.863396
6029264 0.082318
6029297 0.0461848
6029392 0.106005
6029515 0.00562449
6029522 0.050139
6029538 0.102536
6029539 0.102639
6029550 0.4253
6029552 0.023179
6029665 0.0558791
6029666 0.634368
6029669 0.673705
6029673 0.0929489
6029681 0.0924089
6029694 0.235059
6029695 0.0329423
6029713 0.0299698
6029715 0.0542578
6029716 0.0924632
6029767 0.0546971
6029768 0.152352
6029769 0.0464493
6029774 0.136193
6029778 0.124845
6040241 0.0234332
6040245 0.0558369
6040408 0.299597
6043410 0.0864925
6043424 0.00203587
6043431 0.177216
6043846 0.00720623
6043847 0.00836295
6043859 0.105118
6043868 0.0333473
6043897 0.123815
6043911 0.00359817
6043912 0.00202383
6044020 0.0170445
6044025 0.00214475
6044029 0.00710898
6044032 0.108102
6044041 0.0867127
6044043 0.00129878
6044045 0.147459
6044079 0.119158
6044081 0.0260939
6044111 0.0952926
6044130 0.807108
6044138 0.05284
6044254 0.132892
6044268 0.24494
6044279 0.00188395
6045494 0.00964379
6045509 0.0109001
6045535 0.0438428
6045538 0.00946552
6045539 0.0135162
6045549 0.0305256
6045550 0.0203183
6045556 0.771384
6045559 0.0402957
6045562 0.34377
6045565 0.0200727
6045576 0.30768
6045597 0.121613
6045605 0.17172
6045606 0.00976972
6045608 0.0384414
6045624 0.0596438
6045625 0.0659461
6045627 0.100864
6045751 0.0800786
6045852 0.258932
6045863 0.0491785
6045884 0.1078
6045888 0.0771033
6045894 0.291405
6045904 0.150372
6045909 0.113749
6046047 0.09964
6046674 0.00396323
6047292 0.00184151
6048233 0.275598
6048268 0.0338555
6048271 0.209827
6048273 0.00501988
6048274 0.434478
6048278 0.200149
6048280 0.0562611
6048287 0.0975823
6048289 0.00143476
6048303 0.0597046
6048309 0.0895138
6048310 0.138239
6048314 0.073713
6048498 0.0640484
6048608 0.211047
6048622 0.000521684
6048641 0.065741
6048656 0.47473
6053312 0.00160404
6053317 0.150433
6053320 0.146046
6053335 0.0372346
6053352 0.227263
6053357 0.227506
6053376 0.0833299
6053429 0.464922
6053467 0.00321681
6053471 0.215669
6053516 0.0106183
6053520 0.0795355
6053611 0.0167275
6053718 0.0251036
6053747 0.456644
6054224 0.0814425
6054231 0.0160478
6054234 0.181301
6057163 0.0462703
6059244 0.101172
6059275 0.00236311
6059284 0.83204
6059293 0.111043
6059296 0.0158057
6059318 0.0235329
6059341 0.372262
6059349 0.13185
6059453 0.00726622
6059459 0.0122716
6059467 0.00859114
6059486 0.00143058
6059493 0.0458253
6059500 0.0622274
6059501 0.00717463
6059505 0.0499422
6059530 0.00620083
6059541 0.149126
6059545 0.105837
6059575 0.320699
6059577 0.00526082
6059591 0.198108
6059597 0.859063
6059600 0.00207624
6060246 0.284755
6060259 0.0105024
6060263 0.011465
6060264 0.117113
6060275 0.574472
6060314 0.0989199
6060321 0.0935221
6060324 0.194129
6060366 0.113141
6060367 0.101409
6060368 0.00994536
6060369 0.00992658
6060385 0.269165
6060484 0.00601281
6060538 0.0575025
6060544 0.0113929
6060556 0.361178
6060559 0.260535
6060563 0.0117986
6060566 0.0746388
6060568 0.010571
6060611 0.0802114
6060696 0.00515877
6060698 0.114264
6060707 0.116594
6060709 0.158033
6060714 0.0413921
6060718 0.0415423
6060720 0.0991073
6060724 0.120196
6060731 0.047324
6060733 0.00208128
6060739 0.0316103
6060747 0.222886
6060762 0.546589
6060791 0.0596167
6060799 0.225262
6060822 0.000668481
6060826 0.000400849
6060827 0.0170966
6060876 0.165735
6060893 0.148463
6060921 0.285031
6060953 0.0348994
6060964 0.0743809
6060976 0.0545587
6061396 0.00273614
6061762 0.0290537
6061765 0.0249956
6061766 0.0282015
6061780 0.000544935
6061807 0.0965272
6061826 0.0722065
6061842 0.0441913
6061917 0.240764
6061939 0.857437
6061941 0.54324
6062090 0.813863
6062107 0.002542
6063063 0.00669427
6063089 0.087371
6063159 0.233757
6063185 0.0479804
6063239 0.0868536
6063241 0.430166
6063243 0.212497
6063247 0.143693
6063263 0.00103633
6063299 0.0338607
6063317 0.0104811
6063405 0.00529517
6063449 0.0435126
6063494 0.000448631
6063512 0.105602
6063514 0.0061714
6063544 0.596855
6063574 0.00297276
6063585 0.0122318
6063599 0.0759494
6066900 0.369076
6066906 0.0542579
6066908 0.175896
6066929 0.551999
6068638 0.0876198
6068652 0.00140658
6068723 0.000912422
6068726 0.0131683
6068765 0.10068
6068770 0.145215
6068774 0.000448389
6078200 0.189757
6078205 0.00185845
6078437 0.0694548
6078490 0.0254147
6078561 0.029463
6078575 0.0797863
6078581 0.05284
6078609 0.829451
6078612 0.465772
6078718 0.00183929
6078719 0.0593516
6078753 9.77303e-05
6078759 0.164652
6078768 0.408308
6078769 0.00120874
6080451 0.0165651
6080456 0.065114
6080458 0.00522318
6081737 0.118356
6081738 0.0439205
6081748 0.000820913
6083077 0.00117044
6088047 0.00116087
6088107 6.41414e-05
6088594 0.0236939
6088595 0.0142029
6088608 0.0341587
6088618 0.280997
6088642 0.138312
6088679 0.100894
6088680 0.0142998
6088681 0.0270482
6088682 0.0449869
6088683 0.0401524
6088684 0.224654
6088685 0.249386
6088686 0.0403871
6088688 0.119762
6088689 0.0548979
6088690 0.0460177
6088698 0.0602815
6088704 0.099302
6089999 0.5948
6090008 0.0151215
6090014 0.138175
6090016 0.276052
6090017 0.493141
6090023 0.0669193
6090027 0.141065
6090029 0.164298
6090038 0.855105
6090407 0.0319252
6090441 0.00285009
6090474 0.00363629
6090486 0.000877107
6090491 0.0122306
6090549 0.0095938
6090557 0.00998262
6090608 0.00821326
6097762 0.126391
6097806 0.0237971
6097808 0.00911874
6097824 0.0557503
6097831 0.032843
6097858 0.0238983
6098125 0.000345998
6098126 0.0686396
6098131 0.0171996
6098133 0.00143762
6098148 0.39866
6098150 0.353888
6098162 0.00099086
6098180 0.000177544
6098281 0.00589015
6098307 0.0702921
6098314 0.0367546
6098322 0.0181169
6099058 0.0335022
6099108 0.00241292
6099207 0.000684276
6099228 0.0224966
6099240 0.248884
6099245 0.739812
6099261 0.546292
6099368 0.554535
6099372 0.171108
6099405 0.0158241
6099498 0.0897007
6099504 0.243493
6099506 0.0540722
6099526 0.110311
6099531 0.0209532
6099635 0.0685345
6099641 0.0928053
6099647 0.442861
6099658 0.555497
6099672 0.0769751
6099673 0.0246908
6099674 0.46612
6099680 0.542334
6099702 0.0112188
6099717 0.167055
6099751 0.271633
6099778 0.156589
6099789 0.0764152
6099819 0.0128555
6099830 0.0643474
6099840 0.0698207
6099848 0.0091019
6099865 0.365928
6099879 0.000637401
6099907 0.0871943
6099910 0.00140946
6099934 0.0204991
6100021 0.158476
6100025 0.000424267
6100117 0.000409563
6100139 0.0285957
6100178 0.183133
6100295 0.00930819
6100349 0.948462
6100854 0.00224002
6100855 0.00316759
6101160 0.0669078
6101182 0.00139823
6101212 0.0574683
6101213 0.131636
6101226 0.137626
6101256 0.00914872
6101383 0.0931818
6101484 0.0124416
6101505 0.124527
6102003 0.0125231
6102587 0.168431
6103350 0.133988
6103868 0.00418962
6103881 0.00379612
6103969 0.0045556
6103973 0.119084
6103981 0.331067
6103986 0.00343577
6103992 0.123417
6103996 0.477138
6104002 0.418102
6104006 0.0550325
6104007 0.0487814
6104012 0.147416
6104014 0.0818964
6104015 0.118475
6104021 0.0796991
6107173 0.0246176
6107179 0.91563
6107181 0.613212
6107183 0.277061
6107187 0.262092
6107189 0.333333
6107192 0.942442
6107195 0.971266
6107198 0.933493
6107202 0.925571
6107206 0.332863
6107210 0.936062
6107214 0.0324171
6107218 0.291913
6107224 0.161495
6107233 0.0191966
6107235 0.214988
6107243 0.109479
6107245 0.270387
6107246 0.0907761
6107250 0.301568
6107263 0.104683
6107265 0.0611308
6107267 0.0451845
6107291 0.799254
6107309 0.00559748
6107313 0.0131244
6107320 0.0305521
6107323 0.0163491
6107369 0.360956
6107385 0.540453
6107386 0.577761
6107387 0.843167
6107388 0.520895
6107389 0.52732
6107436 0.0990364
6107445 0.0175912
6107459 0.0845735
6107483 0.0344617
6107501 0.00438867
6107502 0.0111097
6107514 0.0765594
6107516 0.097282
6107562 0.0274157
6107566 0.00388179
6107579 0.025922
6107592 0.00700298
6107599 0.0916416
6107601 0.0834658
6107602 0.00497087
6107603 0.0213178
6107608 0.0157377
6107613 0.211364
6107655 0.23663
6107662 0.00691693
6107663 0.0265367
6107668 0.0478569
6107679 0.0385657
6107684 0.0463785
6107688 0.164829
6107691 0.184951
6107700 0.172559
6107723 0.158881
6107750 0.00815072
6107767 0.00297015
6107774 0.0259491
6107782 0.164541
6107785 0.319393
6107793 0.0176058
6107797 0.00964614
6107806 0.0659893
6107850 0.0697416
6108027 0.0093447
6108249 0.00690815
6108268 0.00635769
6108280 0.0118316
6108300 0.00171469
6110186 0.00068142
6110271 0.00887132
6110273 0.0436812
6110274 0.0620348
6110276 0.731502
6110281 0.218156
6110283 0.839145
6110297 0.0145762
6110302 0.0356532
6110309 0.141412
6110313 0.0930319
6110314 0.00591525
6110331 0.0252423
6110334 0.0112077
6110336 0.010083
6110394 0.024101
6110396 0.0966327
6110402 0.0361432
6110407 0.00680056
6110436 0.0248386
6112975 0.0150507
6114511 0.0384008
6119103 0.0178487
6119110 0.0971275
6119131 0.112994
6119146 0.103375
6119153 0.141229
6119166 0.00316555
6119169 0.00413027
6119176 0.0345919
6119183 0.0220864
6119198 0.354967
6119199 0.0575541
6119279 0.0604329
6119282 0.135641
6119293 0.0590134
6119310 0.0614754
6122370 0.901501
6122394 0.167485
6122399 0.0145223
6122416 0.00944891
6122419 0.00103019
6122420 0.0092231
6123179 0.00554697
6126004 0.0825744
6126013 0.00132913
6126018 0.00256707
6126072 0.0240393
6126109 0.468671
6126130 0.0137983
6126132 0.00238815
6126228 0.0101722
6126265 0.00958145
6126381 0.00417383
6126387 0.0130867
6126396 0.00386488
6126400 0.034067
6126406 0.0283904
6126555 0.000604737
6126560 0.0148644
6126951 0.0067071
6127296 0.0350136
6127297 0.108828
6127304 0.0176855
6127311 0.00404995
6133320 0.108279
6133526 0.138322
6133538 0.39923
6133698 0.0227685
6133701 0.0431512
6133708 0.944038
6133710 0.349748
6133814 0.0590912
6133824 0.000658343
6133826 0.000291425
6133828 0.572449
6133831 0.00468578
6133930 0.00327688
6133932 0.669771
6133935 0.893532
6133952 0.918815
6133960 0.000210467
6133987 0.0848026
6133995 0.0716451
6134012 0.795797
6136269 0.000997849
6136420 0.107285
6136421 0.0012583
6136443 0.20104
6136456 0.0401627
6136471 0.0595025
6136479 0.221202
6136486 0.506607
6136514 0.233801
6136531 0.00353526
6136543 0.000766441
6136666 0.10997
6136734 0.151828
6136760 0.0166765
6136765 0.00949442
6136880 0.00218448
6136893 0.102493
6136897 0.00756318
6136930 0.134818
6140790 0.0235232
6140864 0.0285695
6140880 0.0454656
6140899 0.0993052
6140901 0.0568084
6140923 0.03508
6140928 0.0616058
6140934 0.0640845
6140942 0.00269218
6140951 0.198705
6140956 0.0248228
6140997 0.070895
6141006 0.0719325
6141037 0.0982502
6141043 0.00828196
6141047 0.00561205
6141051 0.106806
6141067 0.00291077
6141132 0.235609
6141176 0.501262
6141193 0.339439
6141218 0.107885
6141233 0.687965
6141243 0.0956711
6141257 0.238742
6141264 0.0515267
6141267 0.0599662
6141645 0.260511
6142526 0.926722
6142534 0.00218194
6142535 0.512894
6142536 0.0323567
6142546 0.164813
6143001 0.338515
6143029 0.314078
6143043 0.308742
6143051 0.0328556
6143097 0.00717008
6143152 0.000868441
6143169 0.0166529
6143173 0.0180705
6143217 0.84051
6143218 0.887566
6143225 0.0297772
6143228 0.0699317
6143229 0.0407036
6143231 0.0177047
6143236 0.00274886
6143238 0.942419
6143239 0.935051
