5993984 0.368527
5993987 0.492443
5994005 0.0885358
5994034 0.397884
5994037 0.124444
5994053 0.0579489
5994075 0.1019
5994098 0.245554
5994123 0.0955939
5994125 0.479815
5994135 0.774354
5994141 0.311825
5994154 0.288314
5994203 0.541701
5994244 0.534898
5994264 0.304459
5994291 0.314728
5994293 0.48978
5994296 0.364216
5994303 0.0534956
5994317 0.193415
5994318 0.0897202
5994319 0.114363
5994324 0.080845
5994336 0.154788
5994341 0.239081
5994346 0.153934
5994347 0.0907157
5994359 0.136277
5994363 0.437294
5994386 0.301125
5994389 0.0617199
5994401 0.145524
5994417 0.43004
5994426 0.31514
5994427 0.385479
5994451 0.46523
5995573 0.11956
5995574 0.506345
5995581 0.727262
5995592 0.0597872
5995931 0.182681
5995934 0.163757
5995956 0.270365
5995960 0.183386
5995961 0.0393297
5996021 0.128445
5996027 0.373336
5996144 0.0569265
5996148 0.276708
5996162 0.270296
5996170 0.849613
5996171 0.183692
5996193 0.482343
5996198 0.139028
5996202 0.313668
5996209 0.335037
5996214 0.129001
5996232 0.234447
5996233 0.626291
5996241 0.21142
5996245 0.0781293
5996248 0.203069
5996262 0.53726
5996263 0.224433
5996273 0.486498
5996280 0.472495
5996291 0.284392
5996295 0.26308
5996296 0.415508
5996340 0.423262
5996494 0.17923
5996496 0.116958
5996497 0.166737
5996498 0.155618
5996519 0.104649
5996520 0.631224
5996521 0.228825
5996528 0.104683
5996552 0.221919
5996554 0.00922272
5996563 0.411703
5996565 0.768771
5996574 0.213054
5996576 0.34394
5998892 0.0510843
5998899 0.201603
5998907 0.378773
5998911 0.319224
5998912 0.600792
5998913 0.587644
5998919 0.658804
5998928 0.302185
5998931 0.11696
5998933 0.204309
5998934 0.381146
5998938 0.413405
5998944 0.0904985
5998950 0.0727367
5998957 0.711839
5998959 0.584695
5998990 0.337073
5998993 0.576666
5998996 0.352944
5999002 0.0421057
5999011 0.445896
5999014 0.221256
5999021 0.221977
5999022 0.445168
5999026 0.316219
5999044 0.236465
5999046 0.232236
5999060 0.643016
5999075 0.102563
5999076 0.176687
5999081 0.796992
5999144 0.522327
5999150 0.61083
5999174 0.261615
5999175 0.166028
5999178 0.275621
5999179 0.149804
5999182 0.160295
5999183 0.491169
5999189 0.419133
5999191 0.296065
5999225 0.310354
5999484 0.776603
6000462 0.228033
6000474 0.395624
6000531 0.40299
6000549 0.416442
6000580 0.142354
6000591 0.721631
6000606 0.138363
6000624 0.318312
6000629 0.0960652
6000631 0.147173
6000640 0.154373
6000643 0.0840559
6000644 0.40871
6000645 0.178587
6000646 0.151566
6000647 0.154559
6000649 0.398564
6000650 0.640199
6000658 0.412137
6000659 0.277598
6000683 0.167132
6000688 0.236129
6000689 0.272892
6000691 0.305128
6000813 0.459783
6000817 0.305075
6002785 0.668518
6004340 0.174651
6004341 0.182966
6004350 0.164759
6004365 0.571038
6004373 0.117707
6004386 0.430049
6004392 0.36887
6004406 0.188596
6004426 0.403172
6004434 0.161429
6004447 0.245475
6004452 0.229022
6004456 0.163728
6004459 0.540465
6004462 0.329578
6004463 0.311457
6004464 0.129871
6004465 0.232176
6004468 0.275485
6004469 0.18814
6004470 0.648302
6004471 0.149782
6004472 0.234495
6004473 0.322548
6004474 0.213072
6004476 0.204263
6004478 0.143866
6004492 0.0866606
6004532 0.656052
6004533 0.324033
6004554 0.143063
6004561 0.274861
6004578 0.129149
6004580 0.370413
6005343 0.414626
6006614 0.254768
6006625 0.267615
6007562 0.246444
6009027 0.398277
6018799 0.493213
6024360 0.347571
6027466 0.561148
6027492 0.319614
6027497 0.479046
6027501 0.596429
6028064 0.33863
6028070 0.479131
6028075 0.135354
6028129 0.399306
6028130 0.560108
6028138 0.694315
6028142 0.380246
6028161 0.143184
6028163 0.230142
6028167 0.123529
6028177 0.174472
6028179 0.0559705
6028184 0.145973
6028206 0.71493
6028210 0.277064
6028219 0.461308
6028417 0.261172
6028433 0.336745
6028628 0.0956014
6028632 0.132535
6028633 0.277688
6028634 0.36607
6028644 0.0975996
6029052 0.56373
6029055 0.461346
6029064 0.0613073
6029065 0.267247
6029145 0.697971
6029162 0.316523
6029170 0.578506
6029183 0.124537
6029208 0.394066
6029242 0.547479
6029264 0.220326
6029297 0.161344
6029392 0.508553
6029515 0.132344
6029522 0.580118
6029538 0.195862
6029539 0.494267
6029550 0.184917
6029552 0.17057
6029665 0.109776
6029666 0.643933
6029669 0.0865565
6029673 0.0984226
6029681 0.116779
6029694 0.472748
6029695 0.462543
6029713 0.306216
6029715 0.370102
6029716 0.268491
6029767 0.0812541
6029768 0.0805285
6029769 0.254562
6029774 0.318672
6029778 0.149316
6040241 0.196564
6040245 0.245422
6040408 0.407066
6043410 0.0665947
6043424 0.386847
6043431 0.272134
6043846 0.111422
6043847 0.0691197
6043859 0.367161
6043868 0.0920413
6043897 0.188371
6043911 0.23165
6043912 0.47503
6044020 0.441687
6044025 0.378054
6044029 0.668842
6044032 0.532449
6044041 0.361149
6044043 0.62827
6044045 0.465866
6044079 0.15133
6044081 0.116613
6044111 0.385844
6044130 0.164433
6044138 0.0570248
6044254 0.270581
6044268 0.460403
6044279 0.0414576
6045494 0.241351
6045509 0.0359339
6045535 0.264359
6045538 0.227339
6045539 0.299024
6045549 0.15948
6045550 0.123359
6045556 0.261244
6045559 0.120201
6045562 0.642719
6045565 0.588148
6045576 0.693696
6045597 0.253336
6045605 0.795224
6045606 0.302675
6045608 0.270386
6045624 0.217625
6045625 0.224272
6045627 0.152188
6045751 0.633328
6045852 0.27416
6045863 0.58212
6045884 0.104093
6045888 0.109998
6045894 0.267311
6045904 0.433387
6045909 0.235511
6046047 0.114624
6046674 0.521069
6047292 0.0511946
6048233 0.474025
6048268 0.448482
6048271 0.162103
6048273 0.239466
6048274 0.391659
6048278 0.342411
6048280 0.295663
6048287 0.295505
6048289 0.581925
6048303 0.198789
6048309 0.322281
6048310 0.545473
6048314 0.303106
6048498 0.380733
6048608 0.237078
6048622 0.684016
6048641 0.342335
6048656 0.371974
6053312 0.112867
6053317 0.46308
6053320 0.274917
6053335 0.0781916
6053352 0.511021
6053357 0.387472
6053376 0.520318
6053429 0.343451
6053467 0.314067
6053471 0.553637
6053516 0.0827767
6053520 0.303976
6053611 0.44136
6053718 0.433372
6053747 0.290261
6054224 0.229378
6054231 0.0262306
6054234 0.0724915
6057163 0.102832
6059244 0.293441
6059275 0.635465
6059284 0.55359
6059293 0.215032
6059296 0.29726
6059318 0.259863
6059341 0.650866
6059349 0.291791
6059453 0.0899318
6059459 0.198936
6059467 0.147316
6059486 0.0990186
6059493 0.0890582
6059500 0.177971
6059501 0.529119
6059505 0.423771
6059530 0.121678
6059541 0.153404
6059545 0.0940863
6059575 0.49118
6059577 0.560843
6059591 0.240742
6059597 0.50804
6059600 0.552367
6060246 0.345437
6060259 0.0894998
6060263 0.256047
6060264 0.103076
6060275 0.794746
6060314 0.449662
6060321 0.627193
6060324 0.563223
6060366 0.484804
6060367 0.289388
6060368 0.178224
6060369 0.184846
6060385 0.149056
6060484 0.245459
6060538 0.517451
6060544 0.41257
6060556 0.282082
6060559 0.419872
6060563 0.0510472
6060566 0.14404
6060568 0.139991
6060611 0.0291513
6060696 0.302064
6060698 0.242277
6060707 0.0738016
6060709 0.0389836
6060714 0.123115
6060718 0.109739
6060720 0.295093
6060724 0.198898
6060731 0.137592
6060733 0.672768
6060739 0.0609902
6060747 0.350595
6060762 0.314227
6060791 0.133657
6060799 0.0939328
6060822 0.630874
6060826 0.485733
6060827 0.0224922
6060876 0.22753
6060893 0.650945
6060921 0.355107
6060953 0.553223
6060964 0.339678
6060976 0.351744
6061396 0.509671
6061762 0.401643
6061765 0.777443
6061766 0.606418
6061780 0.244717
6061807 0.274322
6061826 0.898622
6061842 0.267426
6061917 0.479455
6061939 0.27407
6061941 0.270034
6062090 0.322762
6062107 0.1792
6063063 0.529566
6063089 0.716716
6063159 0.421619
6063185 0.444512
6063239 0.497362
6063241 0.326268
6063243 0.396329
6063247 0.245344
6063263 0.587855
6063299 0.151245
6063317 0.316107
6063405 0.126848
6063449 0.25329
6063494 0.0440093
6063512 0.12725
6063514 0.114062
6063544 0.662007
6063574 0.374116
6063585 0.0920116
6063599 0.748631
6066900 0.460124
6066906 0.175077
6066908 0.378385
6066929 0.704271
6068638 0.551195
6068652 0.0265527
6068723 0.537697
6068726 0.339971
6068765 0.51301
6068770 0.2334
6068774 0.0529555
6078200 0.0230083
6078205 0.466788
6078437 0.440186
6078490 0.218388
6078561 0.213309
6078575 0.339161
6078581 0.276894
6078609 0.352781
6078612 0.601421
6078718 0.0326947
6078719 0.145459
6078753 0.0383618
6078759 0.628876
6078768 0.201513
6078769 0.565196
6080451 0.377334
6080456 0.354031
6080458 0.820512
6081737 0.686894
6081738 0.115226
6081748 0.0586149
6083077 0.386851
6088047 0.222335
6088107 0.0163419
6088594 0.347773
6088595 0.636987
6088608 0.71269
6088618 0.334867
6088642 0.517884
6088679 0.0812118
6088680 0.265723
6088681 0.0792597
6088682 0.348501
6088683 0.133192
6088684 0.325216
6088685 0.580356
6088686 0.115531
6088688 0.120894
6088689 0.346128
6088690 0.312426
6088698 0.1436
6088704 0.234773
6089999 0.438258
6090008 0.477036
6090014 0.18945
6090016 0.3982
6090017 0.130631
6090023 0.316679
6090027 0.562483
6090029 0.391201
6090038 0.37936
6090407 0.10179
6090441 0.0466138
6090474 0.0425205
6090486 0.0316898
6090491 0.0445137
6090549 0.0944129
6090557 0.0157085
6090608 0.330927
6097762 0.211852
6097806 0.574794
6097808 0.243889
6097824 0.0392259
6097831 0.0350041
6097858 0.0168707
6098125 0.0436669
6098126 0.226261
6098131 0.113635
6098133 0.167604
6098148 0.330545
6098150 0.402856
6098162 0.0285946
6098180 0.0301824
6098281 0.525322
6098307 0.617374
6098314 0.823533
6098322 0.197308
6099058 0.474813
6099108 0.715427
6099207 0.091717
6099228 0.321381
6099240 0.161566
6099245 0.584048
6099261 0.79726
6099368 0.128708
6099372 0.282926
6099405 0.183673
6099498 0.493812
6099504 0.508747
6099506 0.254284
6099526 0.192876
6099531 0.551718
6099635 0.268383
6099641 0.359005
6099647 0.105972
6099658 0.143642
6099672 0.141742
6099673 0.274112
6099674 0.30796
6099680 0.718585
6099702 0.693199
6099717 0.0493677
6099751 0.301587
6099778 0.296084
6099789 0.321382
6099819 0.453562
6099830 0.516956
6099840 0.144713
6099848 0.611536
6099865 0.47284
6099879 0.119145
6099907 0.479817
6099910 0.173582
6099934 0.110026
6100021 0.389761
6100025 0.63201
6100117 0.0768012
6100139 0.7037
6100178 0.556326
6100295 0.514718
6100349 0.147974
6100854 0.046268
6100855 0.137354
6101160 0.144719
6101182 0.0759412
6101212 0.4557
6101213 0.362191
6101226 0.4874
6101256 0.043155
6101383 0.240384
6101484 0.0889826
6101505 0.372183
6102003 0.290609
6102587 0.424758
6103350 0.500473
6103868 0.0206978
6103881 0.298368
6103969 0.0879355
6103973 0.385783
6103981 0.414786
6103986 0.252301
6103992 0.299396
6103996 0.392121
6104002 0.477139
6104006 0.501121
6104007 0.208406
6104012 0.204456
6104014 0.803036
6104015 0.3089
6104021 0.706309
6107173 0.395901
6107179 0.553119
6107181 0.292872
6107183 0.24108
6107187 0.394274
6107189 0.328838
6107192 0.397302
6107195 0.341299
6107198 0.744679
6107202 0.518144
6107206 0.406535
6107210 0.769626
6107214 0.201266
6107218 0.68547
6107224 0.5853
6107233 0.194404
6107235 0.326329
6107243 0.640471
6107245 0.491662
6107246 0.235553
6107250 0.408498
6107263 0.436712
6107265 0.467036
6107267 0.174681
6107291 0.899679
6107309 0.575574
6107313 0.470839
6107320 0.278801
6107323 0.208599
6107369 0.729653
6107385 0.741148
6107386 0.757258
6107387 0.44451
6107388 0.805547
6107389 0.764033
6107436 0.284697
6107445 0.229904
6107459 0.517809
6107483 0.155254
6107501 0.389714
6107502 0.470421
6107514 0.559287
6107516 0.875822
6107562 0.0821186
6107566 0.277914
6107579 0.32469
6107592 0.316579
6107599 0.255995
6107601 0.407615
6107602 0.489483
6107603 0.114142
6107608 0.108285
6107613 0.366022
6107655 0.472882
6107662 0.586365
6107663 0.0652614
6107668 0.19151
6107679 0.324161
6107684 0.218954
6107688 0.284537
6107691 0.331568
6107700 0.280404
6107723 0.141752
6107750 0.226915
6107767 0.0388724
6107774 0.26089
6107782 0.464026
6107785 0.439898
6107793 0.143189
6107797 0.100491
6107806 0.522098
6107850 0.806483
6108027 0.0728259
6108249 0.161409
6108268 0.388538
6108280 0.352231
6108300 0.54912
6110186 0.67275
6110271 0.164617
6110273 0.250542
6110274 0.213611
6110276 0.802768
6110281 0.308768
6110283 0.467239
6110297 0.139834
6110302 0.139834
6110309 0.177929
6110313 0.0612591
6110314 0.0224956
6110331 0.0397054
6110334 0.0898825
6110336 0.288499
6110394 0.576822
6110396 0.144821
6110402 0.157569
6110407 0.456248
6110436 0.0735638
6112975 0.454595
6114511 0.361538
6119103 0.636764
6119110 0.532244
6119131 0.259417
6119146 0.135313
6119153 0.130254
6119166 0.0816562
6119169 0.0682598
6119176 0.180538
6119183 0.336062
6119198 0.218582
6119199 0.1122
6119279 0.309334
6119282 0.299031
6119293 0.530162
6119310 0.315535
6122370 0.405209
6122394 0.507845
6122399 0.558872
6122416 0.142357
6122419 0.711421
6122420 0.622249
6123179 0.530117
6126004 0.284799
6126013 0.409992
6126018 0.0459115
6126072 0.791873
6126109 0.189194
6126130 0.294671
6126132 0.564477
6126228 0.0926234
6126265 0.156617
6126381 0.0468147
6126387 0.753644
6126396 0.604199
6126400 0.366741
6126406 0.225388
6126555 0.167824
6126560 0.159766
6126951 0.576473
6127296 0.402246
6127297 0.102225
6127304 0.381504
6127311 0.532679
6133320 0.109727
6133526 0.440231
6133538 0.336647
6133698 0.12435
6133701 0.067001
6133708 0.283403
6133710 0.0561181
6133814 0.108821
6133824 0.174074
6133826 0.477519
6133828 0.431644
6133831 0.645057
6133930 0.361947
6133932 0.2805
6133935 0.739741
6133952 0.439819
6133960 0.719705
6133987 0.103357
6133995 0.149826
6134012 0.373775
6136269 0.833152
6136420 0.389731
6136421 0.579723
6136443 0.274934
6136456 0.426802
6136471 0.382892
6136479 0.331431
6136486 0.12403
6136514 0.0384597
6136531 0.148822
6136543 0.0286405
6136666 0.138489
6136734 0.463897
6136760 0.207216
6136765 0.706656
6136880 0.172478
6136893 0.353965
6136897 0.38765
6136930 0.356039
6140790 0.368032
6140864 0.868169
6140880 0.29773
6140899 0.818527
6140901 0.275953
6140923 0.335493
6140928 0.225777
6140934 0.395996
6140942 0.535077
6140951 0.675732
6140956 0.447222
6140997 0.204174
6141006 0.25138
6141037 0.459201
6141043 0.338559
6141047 0.276066
6141051 0.488744
6141067 0.789955
6141132 0.398581
6141176 0.270941
6141193 0.141198
6141218 0.612756
6141233 0.249264
6141243 0.15637
6141257 0.482047
6141264 0.148548
6141267 0.263016
6141645 0.637334
6142526 0.424926
6142534 0.0654521
6142535 0.557549
6142536 0.416638
6142546 0.0682499
6143001 0.0869288
6143029 0.660654
6143043 0.366029
6143051 0.215337
6143097 0.0979816
6143152 0.0982648
6143169 0.0439721
6143173 0.210928
6143217 0.675337
6143218 0.625056
6143225 0.266787
6143228 0.656772
6143229 0.237598
6143231 0.253489
6143236 0.0336371
6143238 0.31063
6143239 0.573082
