5993984 0.0299702
5993987 0.00798317
5994005 0.00323151
5994034 0.00624424
5994037 0.0133098
5994053 0.0106517
5994075 0.019113
5994098 0.0360339
5994123 0.0368019
5994125 0.0100003
5994135 0.026445
5994141 0.00155234
5994154 0.0126428
5994203 0.00370741
5994244 0.0349334
5994264 0.00121978
5994291 0.582007
5994293 0.00972866
5994296 0.597359
5994303 0.0023476
5994317 0.0123968
5994318 0.00288522
5994319 0.0181716
5994324 0.00512242
5994336 0.0458402
5994341 0.0489257
5994346 0.0191282
5994347 0.0545021
5994359 0.0354675
5994363 0.0420153
5994386 0.00942762
5994389 0.00773184
5994401 0.00208332
5994417 0.0125933
5994426 0.110673
5994427 0.0077131
5994451 0.460397
5995573 0.0593478
5995574 0.0216094
5995581 0.0173728
5995592 0.0293805
5995931 0.499888
5995934 0.00895238
5995956 0.00188941
5995960 0.00360149
5995961 0.0178412
5996021 0.0124474
5996027 0.399563
5996144 0.00859038
5996148 0.015727
5996162 0.606349
5996170 0.010901
5996171 0.302356
5996193 0.00474282
5996198 0.220875
5996202 0.00225892
5996209 0.411516
5996214 0.00426168
5996232 0.546026
5996233 0.000397352
5996241 0.00264947
5996245 0.0113925
5996248 0.491882
5996262 0.0861917
5996263 0.193271
5996273 0.0445893
5996280 0.000887024
5996291 0.00226442
5996295 0.568393
5996296 0.466378
5996340 0.361725
5996494 0.0145518
5996496 0.00773668
5996497 0.00279869
5996498 0.00286384
5996519 0.00710989
5996520 0.0789672
5996521 0.0147078
5996528 0.00922757
5996552 0.00187557
5996554 0.00828348
5996563 0.374212
5996565 0.449717
5996574 0.0115605
5996576 0.0773393
5998892 0.0258756
5998899 0.0106318
5998907 0.226667
5998911 0.41814
5998912 0.423989
5998913 0.105929
5998919 0.444345
5998928 0.0369582
5998931 0.0176405
5998933 0.0328122
5998934 0.0402875
5998938 0.408614
5998944 0.0133594
5998950 0.0100439
5998957 0.235357
5998959 0.426953
5998990 0.407848
5998993 0.452902
5998996 0.397692
5999002 0.600106
5999011 0.00363464
5999014 0.00162296
5999021 0.0410295
5999022 0.447132
5999026 0.00551998
5999044 0.000962398
5999046 0.0113572
5999060 0.00186136
5999075 0.0118368
5999076 0.00492178
5999081 0.512162
5999144 0.0170246
5999150 0.464307
5999174 0.0116888
5999175 0.011312
5999178 0.0114975
5999179 0.00301375
5999182 0.0135392
5999183 0.027734
5999189 0.0380362
5999191 0.491905
5999225 0.00656581
5999484 0.00809147
6000462 0.444734
6000474 0.228557
6000531 0.00680041
6000549 0.00524331
6000580 0.0127075
6000591 0.494275
6000606 0.0529379
6000624 0.00724511
6000629 0.0285412
6000631 0.0195216
6000640 0.0879536
6000643 0.501136
6000644 0.0438425
6000645 0.0437593
6000646 0.521649
6000647 0.598855
6000649 0.060256
6000650 0.0658106
6000658 0.00451625
6000659 0.0602076
6000683 0.00654683
6000688 0.0123299
6000689 0.0153095
6000691 0.0353233
6000813 0.325125
6000817 0.0275709
6002785 0.402064
6004340 0.0180105
6004341 0.599493
6004350 0.00248179
6004365 0.017834
6004373 0.619058
6004386 0.00377181
6004392 0.0118504
6004406 0.011622
6004426 0.0487674
6004434 0.000869118
6004447 0.428913
6004452 0.53321
6004456 0.599595
6004459 0.561641
6004462 0.142665
6004463 0.522406
6004464 0.440019
6004465 0.0854451
6004468 0.157255
6004469 0.519015
6004470 0.19047
6004471 0.537877
6004472 0.557187
6004473 0.181672
6004474 0.149891
6004476 0.325085
6004478 0.00821935
6004492 0.00228816
6004532 0.00878635
6004533 0.00365519
6004554 0.0507487
6004561 0.0745916
6004578 0.00960759
6004580 0.0101772
6005343 0.0400816
6006614 0.056303
6006625 0.00206438
6007562 0.504516
6009027 0.0442937
6018799 0.573087
6024360 0.560391
6027466 0.494016
6027492 0.577388
6027497 0.59271
6027501 0.607213
6028064 0.0722795
6028070 0.0693032
6028075 0.00677764
6028129 0.400197
6028130 0.405868
6028138 0.01324
6028142 0.453621
6028161 0.0162228
6028163 0.0342014
6028167 0.0349213
6028177 0.0335788
6028179 0.00291488
6028184 0.41869
6028206 0.0154207
6028210 0.0126345
6028219 0.00773236
6028417 0.00148183
6028433 0.0296919
6028628 0.0152191
6028632 0.0280429
6028633 0.0229557
6028634 0.0259026
6028644 0.0122221
6029052 0.0119015
6029055 0.00202687
6029064 0.0493079
6029065 0.00944448
6029145 0.000524654
6029162 0.617002
6029170 0.000609988
6029183 0.00818711
6029208 0.00521982
6029242 0.0469359
6029264 0.573667
6029297 0.570859
6029392 0.445152
6029515 0.443163
6029522 0.340067
6029538 0.449533
6029539 0.48842
6029550 0.224204
6029552 0.00533792
6029665 0.00298791
6029666 0.0193006
6029669 0.00219784
6029673 0.0299265
6029681 0.0293939
6029694 0.521358
6029695 0.524064
6029713 0.601603
6029715 0.57606
6029716 0.0737485
6029767 0.43189
6029768 0.054482
6029769 0.432373
6029774 0.354957
6029778 0.0561872
6040241 0.0340092
6040245 0.423458
6040408 0.52401
6043410 0.538378
6043424 0.00750761
6043431 0.462865
6043846 0.0107331
6043847 0.00411822
6043859 0.00615031
6043868 0.0317379
6043897 0.144032
6043911 0.514693
6043912 0.408921
6044020 0.00402823
6044025 0.00419798
6044029 0.0205045
6044032 0.666402
6044041 0.00232986
6044043 0.00124865
6044045 0.0207076
6044079 0.0139029
6044081 0.0249937
6044111 0.46695
6044130 0.395978
6044138 0.0051565
6044254 0.249152
6044268 0.580603
6044279 0.0190537
6045494 0.639144
6045509 0.547493
6045535 0.404602
6045538 0.413716
6045539 0.698419
6045549 0.00498449
6045550 0.556527
6045556 0.0130354
6045559 0.0763938
6045562 0.333011
6045565 0.518048
6045576 0.26364
6045597 0.032056
6045605 0.525707
6045606 0.27934
6045608 0.0231481
6045624 0.453232
6045625 0.411191
6045627 0.443236
6045751 0.495615
6045852 0.519808
6045863 0.395135
6045884 0.391814
6045888 0.325135
6045894 0.262441
6045904 0.474336
6045909 0.462211
6046047 0.222778
6046674 0.467648
6047292 0.00867173
6048233 0.656063
6048268 0.561204
6048271 0.42031
6048273 0.504427
6048274 0.108255
6048278 0.47341
6048280 0.519479
6048287 0.481392
6048289 0.563228
6048303 0.426161
6048309 0.497379
6048310 0.567242
6048314 0.559402
6048498 0.00460138
6048608 0.429927
6048622 0.00684978
6048641 0.00418062
6048656 0.302127
6053312 0.0166417
6053317 0.00434337
6053320 0.425935
6053335 0.00857932
6053352 0.50776
6053357 0.481642
6053376 0.0126266
6053429 0.45504
6053467 0.000414019
6053471 0.00441114
6053516 0.103163
6053520 0.00743045
6053611 0.00222555
6053718 0.273971
6053747 0.657907
6054224 0.0162209
6054231 0.00309583
6054234 0.0059608
6057163 0.00490229
6059244 0.235686
6059275 0.00109491
6059284 0.472272
6059293 0.308938
6059296 0.0130283
6059318 0.466602
6059341 0.323605
6059349 0.101649
6059453 0.0106246
6059459 0.00153484
6059467 0.333215
6059486 0.00274845
6059493 0.0346346
6059500 0.429296
6059501 0.562166
6059505 0.384812
6059530 0.0073048
6059541 0.0628953
6059545 0.662136
6059575 0.528377
6059577 0.00226676
6059591 0.0187998
6059597 0.0156045
6059600 0.00516852
6060246 0.00265229
6060259 0.0275912
6060263 0.00571812
6060264 0.0101405
6060275 0.562477
6060314 0.334595
6060321 0.00591434
6060324 0.477507
6060366 0.560061
6060367 0.489427
6060368 0.00477202
6060369 0.241387
6060385 0.392111
6060484 0.00753859
6060538 0.0159338
6060544 0.000359736
6060556 0.435776
6060559 0.498833
6060563 0.0781252
6060566 0.00503387
6060568 0.0150034
6060611 0.0870698
6060696 0.00560546
6060698 0.00322761
6060707 0.0658145
6060709 0.10887
6060714 0.00799428
6060718 0.54111
6060720 0.358596
6060724 0.0578156
6060731 0.376839
6060733 0.354154
6060739 0.0302332
6060747 0.00637367
6060762 0.581521
6060791 0.0371824
6060799 0.000377542
6060822 0.0238781
6060826 0.00639344
6060827 0.00680987
6060876 0.000297645
6060893 0.0817882
6060921 0.00291897
6060953 0.53957
6060964 0.374917
6060976 0.401167
6061396 0.00488028
6061762 0.00521303
6061765 0.0272881
6061766 0.0140042
6061780 0.00757239
6061807 0.0347963
6061826 0.109446
6061842 0.00146773
6061917 0.0186278
6061939 0.641741
6061941 0.456892
6062090 0.348809
6062107 0.0186938
6063063 0.00433851
6063089 0.0191853
6063159 0.00218199
6063185 0.00900257
6063239 0.00364662
6063241 0.00410782
6063243 0.0152348
6063247 0.0120118
6063263 0.0239427
6063299 0.00505343
6063317 0.00167314
6063405 0.00363154
6063449 0.0281084
6063494 0.00696894
6063512 0.373366
6063514 0.00153259
6063544 0.0172442
6063574 0.000834922
6063585 0.015363
6063599 0.463263
6066900 0.479792
6066906 0.450487
6066908 0.56289
6066929 0.340992
6068638 0.37905
6068652 0.0179359
6068723 0.0025528
6068726 0.00739021
6068765 0.0225847
6068770 0.0347071
6068774 0.00833017
6078200 0.0232075
6078205 0.468717
6078437 0.0100572
6078490 0.00242316
6078561 0.00411944
6078575 0.000839196
6078581 0.0010263
6078609 0.427842
6078612 0.00165075
6078718 0.0287186
6078719 0.00100825
6078753 0.00410026
6078759 0.00607131
6078768 0.00533073
6078769 0.00015467
6080451 0.00194105
6080456 0.533268
6080458 0.449877
6081737 0.528711
6081738 0.0165848
6081748 0.0132765
6083077 0.013258
6088047 0.00232973
6088107 0.0251523
6088594 0.00486645
6088595 0.000264332
6088608 0.00859466
6088618 0.000584845
6088642 0.0140641
6088679 0.513628
6088680 0.5034
6088681 0.427471
6088682 0.456634
6088683 0.500637
6088684 0.509007
6088685 0.596673
6088686 0.425733
6088688 0.525252
6088689 0.458855
6088690 0.601847
6088698 0.519535
6088704 0.58194
6089999 0.00343783
6090008 0.489273
6090014 0.477303
6090016 0.542385
6090017 0.545356
6090023 0.432351
6090027 0.462355
6090029 0.526697
6090038 0.00486937
6090407 0.00473197
6090441 0.0125138
6090474 0.00488963
6090486 0.00758913
6090491 0.0131362
6090549 0.0315574
6090557 0.0183065
6090608 0.00964216
6097762 0.000940022
6097806 0.0169792
6097808 0.00185947
6097824 0.0188325
6097831 0.0192698
6097858 0.0126114
6098125 0.0227005
6098126 0.015164
6098131 0.0140834
6098133 0.0162366
6098148 0.50811
6098150 0.452086
6098162 0.00961573
6098180 0.00782439
6098281 0.00564119
6098307 0.00180778
6098314 0.0173622
6098322 0.0396243
6099058 0.0121261
6099108 0.0037485
6099207 0.0132746
6099228 0.0080495
6099240 0.582311
6099245 0.32442
6099261 0.508111
6099368 0.35582
6099372 0.310484
6099405 0.0041993
6099498 0.0232293
6099504 0.0836156
6099506 0.0437579
6099526 0.00329351
6099531 0.00189667
6099635 0.0436487
6099641 0.286158
6099647 0.534215
6099658 0.0695153
6099672 0.0116125
6099673 0.00855529
6099674 0.31426
6099680 0.385485
6099702 0.00138238
6099717 0.0142255
6099751 0.155278
6099778 0.0200953
6099789 0.445108
6099819 0.00561387
6099830 0.0614765
6099840 0.0105924
6099848 0.0486991
6099865 0.15696
6099879 0.0137694
6099907 0.0601376
6099910 0.0174991
6099934 0.0126446
6100021 0.00304903
6100025 0.000564233
6100117 0.0168463
6100139 0.556459
6100178 0.00224639
6100295 0.0357074
6100349 0.418818
6100854 0.0691016
6100855 0.0179411
6101160 0.00223156
6101182 0.0394117
6101212 0.416657
6101213 0.397927
6101226 0.543217
6101256 0.00461685
6101383 0.466925
6101484 0.00309235
6101505 0.0163329
6102003 0.0121813
6102587 0.0276489
6103350 0.00354439
6103868 0.00483665
6103881 0.0135928
6103969 0.0232638
6103973 0.00290683
6103981 0.0194118
6103986 0.00142113
6103992 0.0111675
6103996 0.0179142
6104002 0.00726773
6104006 0.00149387
6104007 0.00477809
6104012 0.491489
6104014 0.571566
6104015 0.48408
6104021 0.00172278
6107173 0.0299472
6107179 0.0192681
6107181 0.037589
6107183 0.0132034
6107187 0.0114805
6107189 0.247788
6107192 0.186222
6107195 0.0865051
6107198 0.00935659
6107202 0.0017635
6107206 0.00044601
6107210 0.0132941
6107214 0.419728
6107218 0.0205136
6107224 0.0128379
6107233 0.00904229
6107235 0.171254
6107243 0.00370892
6107245 0.0309538
6107246 0.0129677
6107250 0.622934
6107263 0.344307
6107265 0.155729
6107267 0.022623
6107291 0.559908
6107309 0.00111977
6107313 0.00309276
6107320 0.00422004
6107323 0.00101381
6107369 0.590555
6107385 0.515678
6107386 0.553194
6107387 0.0196034
6107388 0.416561
6107389 0.649907
6107436 0.0273119
6107445 0.00650741
6107459 0.043407
6107483 0.00219319
6107501 0.00320547
6107502 0.00196827
6107514 0.046784
6107516 0.00396443
6107562 0.444477
6107566 0.363902
6107579 0.750023
6107592 0.49395
6107599 0.0332106
6107601 0.208086
6107602 0.00596637
6107603 0.458629
6107608 0.587674
6107613 0.539868
6107655 0.0349379
6107662 0.110119
6107663 0.436985
6107668 0.535193
6107679 0.530643
6107684 0.233649
6107688 0.483092
6107691 0.413202
6107700 0.5003
6107723 0.000981411
6107750 0.0320542
6107767 0.36343
6107774 0.00172306
6107782 0.000975677
6107785 0.605214
6107793 0.551466
6107797 0.528488
6107806 0.0705128
6107850 0.0201568
6108027 0.0121092
6108249 0.00798626
6108268 0.00212072
6108280 0.00632288
6108300 0.00751408
6110186 0.00200211
6110271 0.0350614
6110273 0.00708169
6110274 0.144739
6110276 0.029463
6110281 0.222895
6110283 0.0425911
6110297 0.0312542
6110302 0.455542
6110309 0.670852
6110313 0.118826
6110314 0.450904
6110331 0.0208398
6110334 0.0414214
6110336 0.447786
6110394 0.0102399
6110396 0.541378
6110402 0.567143
6110407 0.00787787
6110436 0.00655966
6112975 0.0449867
6114511 0.0837374
6119103 0.00275703
6119110 0.0109271
6119131 0.378505
6119146 0.384482
6119153 0.360491
6119166 0.00694501
6119169 0.00228409
6119176 0.493566
6119183 0.480367
6119198 0.523587
6119199 0.0539259
6119279 0.0226696
6119282 0.145105
6119293 0.00836626
6119310 0.0341943
6122370 0.379551
6122394 0.0402458
6122399 0.000445757
6122416 0.0155481
6122419 0.0010434
6122420 0.00931488
6123179 0.0160027
6126004 0.000528985
6126013 0.000243091
6126018 0.00679576
6126072 0.0252922
6126109 0.0191185
6126130 0.0178134
6126132 0.00180536
6126228 0.0200059
6126265 0.0048714
6126381 0.00102861
6126387 0.0665745
6126396 0.074737
6126400 0.0418962
6126406 0.0208919
6126555 0.00971846
6126560 0.0405762
6126951 0.0201521
6127296 0.00471159
6127297 0.00750009
6127304 0.00597151
6127311 0.00402617
6133320 0.00283737
6133526 0.0458895
6133538 0.0276772
6133698 0.00711474
6133701 0.0239373
6133708 0.463
6133710 0.0230489
6133814 0.0122888
6133824 0.00327987
6133826 0.0425721
6133828 0.587197
6133831 0.0263361
6133930 0.00402542
6133932 0.422221
6133935 0.360533
6133952 0.635607
6133960 0.0140597
6133987 0.050357
6133995 0.0026842
6134012 0.487486
6136269 0.00329582
6136420 0.0403379
6136421 0.0101744
6136443 0.00712996
6136456 0.0609204
6136471 0.00320789
6136479 0.0681956
6136486 0.0594056
6136514 0.0579614
6136531 0.00739673
6136543 0.00831822
6136666 0.0107105
6136734 0.279901
6136760 0.0413998
6136765 0.0065943
6136880 0.0206549
6136893 0.668582
6136897 0.00494214
6136930 0.0162704
6140790 0.0337949
6140864 0.0043824
6140880 0.0155236
6140899 0.0399953
6140901 0.00677605
6140923 0.0149479
6140928 0.0192578
6140934 0.0600266
6140942 0.012141
6140951 0.0539338
6140956 0.0358733
6140997 0.0416911
6141006 0.0093061
6141037 0.087438
6141043 0.00332474
6141047 0.0167633
6141051 0.0896688
6141067 0.0028196
6141132 0.00696928
6141176 0.65689
6141193 0.651784
6141218 0.257412
6141233 0.533348
6141243 0.00990315
6141257 0.00680909
6141264 0.00697061
6141267 0.56993
6141645 0.44999
6142526 0.495392
6142534 0.00811156
6142535 0.408979
6142536 0.397754
6142546 0.00322108
6143001 0.301033
6143029 0.52354
6143043 0.499874
6143051 0.0318512
6143097 0.00463676
6143152 0.00591435
6143169 0.00279872
6143173 0.0103005
6143217 0.613307
6143218 0.410196
6143225 0.022768
6143228 0.0277271
6143229 0.00705091
6143231 0.0279182
6143236 0.000490877
6143238 0.384321
6143239 0.535252
