5993984 0.404914
5993987 0.464173
5994005 0.2066
5994034 0.187218
5994037 0.307394
5994053 0.168974
5994075 0.27053
5994098 0.18967
5994123 0.232896
5994125 0.369945
5994135 0.543623
5994141 0.228937
5994154 0.475524
5994203 0.350031
5994244 0.276359
5994264 0.198941
5994291 0.636754
5994293 0.194113
5994296 0.511903
5994303 0.242445
5994317 0.300907
5994318 0.220173
5994319 0.171187
5994324 0.12466
5994336 0.386067
5994341 0.278037
5994346 0.318782
5994347 0.295126
5994359 0.357568
5994363 0.205501
5994386 0.440932
5994389 0.200103
5994401 0.226482
5994417 0.439459
5994426 0.233675
5994427 0.168034
5994451 0.512351
5995573 0.146184
5995574 0.37329
5995581 0.475977
5995592 0.206507
5995931 0.287949
5995934 0.302079
5995956 0.256541
5995960 0.149699
5995961 0.324004
5996021 0.259723
5996027 0.41129
5996144 0.281094
5996148 0.343363
5996162 0.446489
5996170 0.389225
5996171 0.149509
5996193 0.315158
5996198 0.254868
5996202 0.348669
5996209 0.180781
5996214 0.193385
5996232 0.480464
5996233 0.27737
5996241 0.287284
5996245 0.239425
5996248 0.428243
5996262 0.462763
5996263 0.501889
5996273 0.341476
5996280 0.351302
5996291 0.440394
5996295 0.472923
5996296 0.467871
5996340 0.429064
5996494 0.282346
5996496 0.154758
5996497 0.158314
5996498 0.203155
5996519 0.388884
5996520 0.472598
5996521 0.260065
5996528 0.279932
5996552 0.252843
5996554 0.148858
5996563 0.644672
5996565 0.833309
5996574 0.248757
5996576 0.473642
5998892 0.185937
5998899 0.244999
5998907 0.596778
5998911 0.626727
5998912 0.712352
5998913 0.742295
5998919 0.775197
5998928 0.503619
5998931 0.13225
5998933 0.208639
5998934 0.623575
5998938 0.384834
5998944 0.188438
5998950 0.166164
5998957 0.747393
5998959 0.720456
5998990 0.370867
5998993 0.40929
5998996 0.563176
5999002 0.169853
5999011 0.178653
5999014 0.227204
5999021 0.254346
5999022 0.387082
5999026 0.351497
5999044 0.0697134
5999046 0.252701
5999060 0.401819
5999075 0.399459
5999076 0.195972
5999081 0.429411
5999144 0.524412
5999150 0.476242
5999174 0.210998
5999175 0.277856
5999178 0.603461
5999179 0.245901
5999182 0.354457
5999183 0.46204
5999189 0.328817
5999191 0.347137
5999225 0.295946
5999484 0.452045
6000462 0.42247
6000474 0.446569
6000531 0.333793
6000549 0.466212
6000580 0.162363
6000591 0.651617
6000606 0.295709
6000624 0.290117
6000629 0.3186
6000631 0.239694
6000640 0.319989
6000643 0.378504
6000644 0.215567
6000645 0.259119
6000646 0.356846
6000647 0.462183
6000649 0.27342
6000650 0.687954
6000658 0.188766
6000659 0.33238
6000683 0.281342
6000688 0.274886
6000689 0.212848
6000691 0.333906
6000813 0.503068
6000817 0.251239
6002785 0.349892
6004340 0.193896
6004341 0.418286
6004350 0.245788
6004365 0.356228
6004373 0.35437
6004386 0.482514
6004392 0.467606
6004406 0.217849
6004426 0.406813
6004434 0.224557
6004447 0.358155
6004452 0.540194
6004456 0.27839
6004459 0.516753
6004462 0.341442
6004463 0.720569
6004464 0.432199
6004465 0.416369
6004468 0.413817
6004469 0.498561
6004470 0.588126
6004471 0.294889
6004472 0.680574
6004473 0.333056
6004474 0.459574
6004476 0.125392
6004478 0.149869
6004492 0.185311
6004532 0.428896
6004533 0.381541
6004554 0.142644
6004561 0.26233
6004578 0.36008
6004580 0.338984
6005343 0.296998
6006614 0.270818
6006625 0.314855
6007562 0.458738
6009027 0.468821
6018799 0.571954
6024360 0.509214
6027466 0.521503
6027492 0.383003
6027497 0.547162
6027501 0.373184
6028064 0.495344
6028070 0.561104
6028075 0.235122
6028129 0.641776
6028130 0.690665
6028138 0.603776
6028142 0.557388
6028161 0.177529
6028163 0.120645
6028167 0.11574
6028177 0.298225
6028179 0.0769989
6028184 0.447234
6028206 0.426466
6028210 0.225487
6028219 0.272974
6028417 0.159671
6028433 0.323471
6028628 0.230742
6028632 0.315323
6028633 0.356284
6028634 0.2962
6028644 0.281443
6029052 0.45474
6029055 0.164891
6029064 0.208106
6029065 0.25882
6029145 0.289897
6029162 0.469961
6029170 0.296195
6029183 0.373467
6029208 0.204022
6029242 0.319402
6029264 0.239446
6029297 0.155421
6029392 0.41424
6029515 0.178647
6029522 0.411102
6029538 0.215821
6029539 0.313444
6029550 0.320564
6029552 0.217189
6029665 0.26568
6029666 0.437595
6029669 0.185436
6029673 0.352204
6029681 0.373344
6029694 0.364677
6029695 0.325597
6029713 0.575999
6029715 0.407746
6029716 0.379131
6029767 0.533504
6029768 0.416808
6029769 0.18534
6029774 0.647602
6029778 0.188565
6040241 0.345871
6040245 0.217668
6040408 0.524756
6043410 0.225718
6043424 0.302402
6043431 0.523636
6043846 0.111269
6043847 0.137579
6043859 0.262593
6043868 0.0852132
6043897 0.385277
6043911 0.270179
6043912 0.316063
6044020 0.17191
6044025 0.302832
6044029 0.506409
6044032 0.561057
6044041 0.250519
6044043 0.280582
6044045 0.454033
6044079 0.310525
6044081 0.263364
6044111 0.401393
6044130 0.432752
6044138 0.0995353
6044254 0.652163
6044268 0.497254
6044279 0.104379
6045494 0.156558
6045509 0.254861
6045535 0.273899
6045538 0.140993
6045539 0.173833
6045549 0.140481
6045550 0.236515
6045556 0.492404
6045559 0.194481
6045562 0.600527
6045565 0.278921
6045576 0.651691
6045597 0.210269
6045605 0.575191
6045606 0.29731
6045608 0.279064
6045624 0.397731
6045625 0.494536
6045627 0.480885
6045751 0.516836
6045852 0.490057
6045863 0.562938
6045884 0.56103
6045888 0.387452
6045894 0.378649
6045904 0.616361
6045909 0.523752
6046047 0.189145
6046674 0.546902
6047292 0.248039
6048233 0.502339
6048268 0.331376
6048271 0.442152
6048273 0.287307
6048274 0.446756
6048278 0.611799
6048280 0.699191
6048287 0.483201
6048289 0.584459
6048303 0.543355
6048309 0.614362
6048310 0.777947
6048314 0.53999
6048498 0.224583
6048608 0.501449
6048622 0.528905
6048641 0.42246
6048656 0.563284
6053312 0.172615
6053317 0.589647
6053320 0.457372
6053335 0.222049
6053352 0.641658
6053357 0.467212
6053376 0.404403
6053429 0.551331
6053467 0.254396
6053471 0.551201
6053516 0.137654
6053520 0.127471
6053611 0.473152
6053718 0.394393
6053747 0.246819
6054224 0.397592
6054231 0.0930563
6054234 0.117331
6057163 0.181459
6059244 0.422308
6059275 0.316127
6059284 0.86846
6059293 0.578672
6059296 0.29832
6059318 0.509289
6059341 0.550085
6059349 0.492112
6059453 0.199629
6059459 0.282806
6059467 0.297242
6059486 0.245034
6059493 0.236257
6059500 0.306184
6059501 0.293593
6059505 0.493374
6059530 0.0930844
6059541 0.253406
6059545 0.319694
6059575 0.559447
6059577 0.410675
6059591 0.233968
6059597 0.340157
6059600 0.403121
6060246 0.221175
6060259 0.261288
6060263 0.189014
6060264 0.0975971
6060275 0.486115
6060314 0.294276
6060321 0.382592
6060324 0.316492
6060366 0.507669
6060367 0.236311
6060368 0.209561
6060369 0.161747
6060385 0.273551
6060484 0.154486
6060538 0.397981
6060544 0.309687
6060556 0.237641
6060559 0.416537
6060563 0.0803018
6060566 0.228625
6060568 0.142812
6060611 0.0774774
6060696 0.337672
6060698 0.248741
6060707 0.159039
6060709 0.133261
6060714 0.107377
6060718 0.243936
6060720 0.35524
6060724 0.240043
6060731 0.233032
6060733 0.413165
6060739 0.150183
6060747 0.517897
6060762 0.281807
6060791 0.506498
6060799 0.168889
6060822 0.525785
6060826 0.391127
6060827 0.103552
6060876 0.604256
6060893 0.52741
6060921 0.317149
6060953 0.606383
6060964 0.576862
6060976 0.427538
6061396 0.385241
6061762 0.450873
6061765 0.682433
6061766 0.438544
6061780 0.341433
6061807 0.297084
6061826 0.706261
6061842 0.33184
6061917 0.404153
6061939 0.403116
6061941 0.433182
6062090 0.522925
6062107 0.194026
6063063 0.263694
6063089 0.504114
6063159 0.320909
6063185 0.278982
6063239 0.43164
6063241 0.385886
6063243 0.169933
6063247 0.437221
6063263 0.432416
6063299 0.261601
6063317 0.357539
6063405 0.169561
6063449 0.257031
6063494 0.125094
6063512 0.470016
6063514 0.182122
6063544 0.552611
6063574 0.334458
6063585 0.0549632
6063599 0.660068
6066900 0.640728
6066906 0.603347
6066908 0.718397
6066929 0.770641
6068638 0.614956
6068652 0.167136
6068723 0.431379
6068726 0.159417
6068765 0.392171
6068770 0.287807
6068774 0.10003
6078200 0.227717
6078205 0.409754
6078437 0.442209
6078490 0.308273
6078561 0.349711
6078575 0.239409
6078581 0.230866
6078609 0.476173
6078612 0.43664
6078718 0.156848
6078719 0.224779
6078753 0.147038
6078759 0.420624
6078768 0.241138
6078769 0.480797
6080451 0.374446
6080456 0.434251
6080458 0.547291
6081737 0.68816
6081738 0.166849
6081748 0.156442
6083077 0.177137
6088047 0.146319
6088107 0.146535
6088594 0.356676
6088595 0.357736
6088608 0.457487
6088618 0.279005
6088642 0.524757
6088679 0.442573
6088680 0.297363
6088681 0.30926
6088682 0.399472
6088683 0.388397
6088684 0.479225
6088685 0.43542
6088686 0.340034
6088688 0.579504
6088689 0.54136
6088690 0.413406
6088698 0.151734
6088704 0.50959
6089999 0.25149
6090008 0.414335
6090014 0.33763
6090016 0.343411
6090017 0.227814
6090023 0.25871
6090027 0.580654
6090029 0.396197
6090038 0.254982
6090407 0.182463
6090441 0.141515
6090474 0.165284
6090486 0.191199
6090491 0.194284
6090549 0.166873
6090557 0.151513
6090608 0.512568
6097762 0.317983
6097806 0.622713
6097808 0.25624
6097824 0.129715
6097831 0.0848893
6097858 0.138267
6098125 0.232942
6098126 0.331671
6098131 0.204505
6098133 0.133297
6098148 0.573086
6098150 0.60195
6098162 0.102821
6098180 0.153399
6098281 0.374018
6098307 0.32848
6098314 0.670417
6098322 0.325137
6099058 0.52115
6099108 0.380638
6099207 0.165808
6099228 0.413426
6099240 0.49259
6099245 0.603806
6099261 0.603293
6099368 0.343197
6099372 0.331213
6099405 0.0984914
6099498 0.347609
6099504 0.483452
6099506 0.355065
6099526 0.317783
6099531 0.453016
6099635 0.288601
6099641 0.37545
6099647 0.337902
6099658 0.45569
6099672 0.169582
6099673 0.142388
6099674 0.683513
6099680 0.505823
6099702 0.575807
6099717 0.195522
6099751 0.420862
6099778 0.413388
6099789 0.491447
6099819 0.270059
6099830 0.326629
6099840 0.309421
6099848 0.412657
6099865 0.411673
6099879 0.125674
6099907 0.366494
6099910 0.213839
6099934 0.233916
6100021 0.465823
6100025 0.530437
6100117 0.198922
6100139 0.554271
6100178 0.421878
6100295 0.340045
6100349 0.399372
6100854 0.334793
6100855 0.205391
6101160 0.211288
6101182 0.213331
6101212 0.634571
6101213 0.55038
6101226 0.521118
6101256 0.211144
6101383 0.360297
6101484 0.179702
6101505 0.468071
6102003 0.121596
6102587 0.522843
6103350 0.362885
6103868 0.0704749
6103881 0.29788
6103969 0.214489
6103973 0.518062
6103981 0.467081
6103986 0.154727
6103992 0.434057
6103996 0.554667
6104002 0.576802
6104006 0.422245
6104007 0.253558
6104012 0.490596
6104014 0.794275
6104015 0.597122
6104021 0.342212
6107173 0.356798
6107179 0.469065
6107181 0.482869
6107183 0.45403
6107187 0.475599
6107189 0.555787
6107192 0.446819
6107195 0.422473
6107198 0.690252
6107202 0.541043
6107206 0.342626
6107210 0.666309
6107214 0.401761
6107218 0.589836
6107224 0.494441
6107233 0.501308
6107235 0.564102
6107243 0.591198
6107245 0.434225
6107246 0.449814
6107250 0.670799
6107263 0.679721
6107265 0.468348
6107267 0.219796
6107291 0.777224
6107309 0.228407
6107313 0.241666
6107320 0.32222
6107323 0.218865
6107369 0.697765
6107385 0.690294
6107386 0.698884
6107387 0.518783
6107388 0.70874
6107389 0.624499
6107436 0.340581
6107445 0.22896
6107459 0.377728
6107483 0.171855
6107501 0.349599
6107502 0.346358
6107514 0.621147
6107516 0.532758
6107562 0.143486
6107566 0.397209
6107579 0.150575
6107592 0.127725
6107599 0.265637
6107601 0.47543
6107602 0.406615
6107603 0.157771
6107608 0.201565
6107613 0.389548
6107655 0.409922
6107662 0.224733
6107663 0.192725
6107668 0.531457
6107679 0.361914
6107684 0.316864
6107688 0.481124
6107691 0.535959
6107700 0.546778
6107723 0.17766
6107750 0.315797
6107767 0.0727765
6107774 0.269961
6107782 0.265763
6107785 0.591816
6107793 0.261998
6107797 0.406129
6107806 0.540979
6107850 0.677332
6108027 0.173716
6108249 0.229628
6108268 0.31831
6108280 0.479487
6108300 0.478619
6110186 0.505138
6110271 0.289992
6110273 0.230235
6110274 0.364596
6110276 0.761867
6110281 0.46575
6110283 0.678414
6110297 0.316543
6110302 0.38158
6110309 0.283266
6110313 0.239967
6110314 0.30297
6110331 0.121185
6110334 0.0910691
6110336 0.41846
6110394 0.378864
6110396 0.341454
6110402 0.516988
6110407 0.345967
6110436 0.141476
6112975 0.54268
6114511 0.32527
6119103 0.413879
6119110 0.471386
6119131 0.288667
6119146 0.240484
6119153 0.204406
6119166 0.0637074
6119169 0.0723227
6119176 0.581475
6119183 0.60977
6119198 0.465134
6119199 0.276541
6119279 0.319752
6119282 0.392258
6119293 0.514794
6119310 0.446194
6122370 0.627514
6122394 0.675292
6122399 0.329409
6122416 0.33131
6122419 0.470165
6122420 0.417691
6123179 0.365151
6126004 0.406603
6126013 0.318539
6126018 0.111412
6126072 0.487567
6126109 0.327174
6126130 0.3867
6126132 0.453986
6126228 0.354126
6126265 0.195468
6126381 0.0794941
6126387 0.658273
6126396 0.56573
6126400 0.557871
6126406 0.357443
6126555 0.187631
6126560 0.307381
6126951 0.324659
6127296 0.244312
6127297 0.211354
6127304 0.292944
6127311 0.436475
6133320 0.33069
6133526 0.540552
6133538 0.515839
6133698 0.230641
6133701 0.260438
6133708 0.486377
6133710 0.313872
6133814 0.128539
6133824 0.225478
6133826 0.457785
6133828 0.298291
6133831 0.560604
6133930 0.390344
6133932 0.391721
6133935 0.715777
6133952 0.749385
6133960 0.456017
6133987 0.138914
6133995 0.171717
6134012 0.583389
6136269 0.510703
6136420 0.372923
6136421 0.394343
6136443 0.234088
6136456 0.506962
6136471 0.299032
6136479 0.489978
6136486 0.30044
6136514 0.185497
6136531 0.118248
6136543 0.117296
6136666 0.16638
6136734 0.7072
6136760 0.218157
6136765 0.499746
6136880 0.222094
6136893 0.477283
6136897 0.301515
6136930 0.246122
6140790 0.584261
6140864 0.54673
6140880 0.528661
6140899 0.658739
6140901 0.430643
6140923 0.312607
6140928 0.371123
6140934 0.382751
6140942 0.477851
6140951 0.801289
6140956 0.60837
6140997 0.32897
6141006 0.24486
6141037 0.527758
6141043 0.177032
6141047 0.203717
6141051 0.337409
6141067 0.583041
6141132 0.48037
6141176 0.559153
6141193 0.49169
6141218 0.699548
6141233 0.347526
6141243 0.168022
6141257 0.36188
6141264 0.398874
6141267 0.35201
6141645 0.578629
6142526 0.625526
6142534 0.0927335
6142535 0.70628
6142536 0.459501
6142546 0.192179
6143001 0.553731
6143029 0.568789
6143043 0.636222
6143051 0.30563
6143097 0.134051
6143152 0.169943
6143169 0.0816708
6143173 0.261486
6143217 0.690342
6143218 0.649891
6143225 0.304794
6143228 0.397027
6143229 0.338678
6143231 0.330761
6143236 0.0534081
6143238 0.615241
6143239 0.603201
