5993984 0.0427169
5993987 0.0481765
5994005 0.000181714
5994034 2.94078e-06
5994037 7.65619e-05
5994053 0.000598886
5994075 0.0540981
5994098 0.188369
5994123 0.00628763
5994125 0.0047006
5994135 0.0276882
5994141 0.00123455
5994154 0.00486777
5994203 0.146892
5994244 0.00122107
5994264 0.0238584
5994291 0.204224
5994293 0.0022658
5994296 0.0336772
5994303 0.00218795
5994317 0.000432502
5994318 0.0703559
5994319 0.0360904
5994324 0.0274165
5994336 0.0214868
5994341 0.433652
5994346 0.0104935
5994347 0.0488369
5994359 0.0240398
5994363 0.0170858
5994386 0.0787226
5994389 0.0021805
5994401 0.000381429
5994417 0.0388433
5994426 0.00812977
5994427 0.00323092
5994451 0.00101584
5995573 0.000286265
5995574 0.145297
5995581 0.0309118
5995592 0.209718
5995931 0.00295601
5995934 0.0195323
5995956 0.0197313
5995960 0.0356103
5995961 0.0302204
5996021 0.0363486
5996027 0.000861916
5996144 0.000301409
5996148 0.00126775
5996162 0.24094
5996170 0.00842703
5996171 0.0440573
5996193 0.00925369
5996198 0.0118261
5996202 0.000871803
5996209 0.141738
5996214 0.00455786
5996232 0.0515495
5996233 0.00123762
5996241 0.000969291
5996245 0.0497512
5996248 0.00448455
5996262 0.000216117
5996263 0.0620529
5996273 0.00031067
5996280 0.00705937
5996291 0.00731263
5996295 0.203594
5996296 0.00890634
5996340 0.00920701
5996494 0.138324
5996496 0.00662974
5996497 0.0208046
5996498 0.00966441
5996519 0.00455351
5996520 0.0552273
5996521 0.0028865
5996528 0.0160447
5996552 0.0144556
5996554 0.00135644
5996563 0.548684
5996565 0.112121
5996574 0.0534699
5996576 0.0532071
5998892 4.80786e-05
5998899 0.00368036
5998907 0.953346
5998911 0.579964
5998912 0.00118999
5998913 0.178262
5998919 0.000340907
5998928 0.0101082
5998931 0.155762
5998933 0.126717
5998934 0.240603
5998938 0.00103188
5998944 0.0601613
5998950 0.00119416
5998957 0.850538
5998959 0.146556
5998990 0.312282
5998993 0.415782
5998996 0.403937
5999002 0.132607
5999011 0.000806934
5999014 0.00682476
5999021 0.00374528
5999022 0.000479436
5999026 0.0647114
5999044 0.00736833
5999046 0.0498816
5999060 0.00225715
5999075 0.293227
5999076 6.94886e-05
5999081 0.480323
5999144 0.00152167
5999150 0.314053
5999174 0.0660637
5999175 0.00507845
5999178 0.00864441
5999179 0.00168314
5999182 0.0644141
5999183 0.00497006
5999189 0.0159748
5999191 0.000323496
5999225 0.134572
5999484 0.0103797
6000462 0.0571636
6000474 0.012284
6000531 0.347526
6000549 0.261205
6000580 0.00468656
6000591 0.117684
6000606 0.0138505
6000624 0.00337376
6000629 0.00103611
6000631 0.0440927
6000640 0.229437
6000643 0.383277
6000644 0.0061408
6000645 0.0109316
6000646 0.0631927
6000647 0.0918604
6000649 0.13411
6000650 0.28989
6000658 0.0011738
6000659 0.480804
6000683 0.00121603
6000688 0.0108212
6000689 0.000271479
6000691 0.00100548
6000813 0.0151822
6000817 0.000314467
6002785 0.0836908
6004340 0.01192
6004341 0.056362
6004350 0.00151309
6004365 0.317077
6004373 0.121581
6004386 0.0529361
6004392 0.0194929
6004406 0.178313
6004426 0.0791449
6004434 0.000625259
6004447 0.211011
6004452 0.0396282
6004456 0.408896
6004459 0.0922383
6004462 0.0171959
6004463 0.0437568
6004464 0.0562625
6004465 0.0227412
6004468 0.0512608
6004469 0.205581
6004470 0.0330764
6004471 0.00016236
6004472 0.0628798
6004473 0.162142
6004474 0.38173
6004476 0.716202
6004478 0.00936491
6004492 0.0018612
6004532 0.224801
6004533 0.078597
6004554 0.288827
6004561 0.0872948
6004578 0.00244048
6004580 0.0171445
6005343 0.041742
6006614 0.00722307
6006625 0.00573982
6007562 0.201854
6009027 0.0182978
6018799 0.939922
6024360 0.927675
6027466 0.405364
6027492 0.404792
6027497 0.30468
6027501 0.685963
6028064 0.852873
6028070 0.23474
6028075 0.0215126
6028129 0.79437
6028130 0.620085
6028138 0.0566647
6028142 0.0224882
6028161 0.0234054
6028163 0.00513125
6028167 0.000357826
6028177 0.324521
6028179 0.0187484
6028184 0.176624
6028206 0.972672
6028210 0.0384525
6028219 0.0756807
6028417 0.0919275
6028433 0.635305
6028628 0.0234653
6028632 0.108849
6028633 0.570374
6028634 0.647757
6028644 0.339873
6029052 0.858308
6029055 0.587901
6029064 0.00628988
6029065 0.00208385
6029145 0.00265317
6029162 0.218817
6029170 0.0425064
6029183 0.00129552
6029208 0.539245
6029242 0.966609
6029264 0.0403311
6029297 0.486967
6029392 0.0248632
6029515 0.324165
6029522 0.0389998
6029538 0.0156135
6029539 0.193379
6029550 0.562575
6029552 0.00524399
6029665 0.0031546
6029666 0.0274776
6029669 0.000352919
6029673 0.515643
6029681 0.0312002
6029694 0.152958
6029695 0.230344
6029713 0.974778
6029715 0.0623616
6029716 0.436521
6029767 0.0865356
6029768 0.0611163
6029769 0.188181
6029774 0.732929
6029778 0.000610102
6040241 0.00758891
6040245 0.115447
6040408 0.00139315
6043410 0.516657
6043424 0.000344681
6043431 0.363305
6043846 0.0747878
6043847 0.0119871
6043859 0.0268577
6043868 0.00390536
6043897 0.329243
6043911 0.357797
6043912 0.053628
6044020 0.0439498
6044025 0.0459148
6044029 0.0102066
6044032 0.0756733
6044041 0.0196705
6044043 0.00155918
6044045 0.0043415
6044079 0.0187531
6044081 0.01486
6044111 0.178044
6044130 0.795239
6044138 0.0239723
6044254 0.615028
6044268 0.2372
6044279 0.00209963
6045494 0.219355
6045509 0.146245
6045535 0.0439812
6045538 0.247443
6045539 0.359668
6045549 3.28893e-05
6045550 0.292455
6045556 0.0673025
6045559 0.0182993
6045562 0.717246
6045565 0.0669396
6045576 0.535303
6045597 0.000198141
6045605 0.475029
6045606 0.425505
6045608 0.00109366
6045624 0.0593021
6045625 0.0338627
6045627 0.10052
6045751 0.749874
6045852 0.385821
6045863 0.506757
6045884 0.0570583
6045888 0.116777
6045894 0.246522
6045904 0.515515
6045909 0.606989
6046047 0.245674
6046674 0.0235588
6047292 0.00104692
6048233 0.776846
6048268 0.308512
6048271 0.4073
6048273 0.0541879
6048274 0.74789
6048278 0.19588
6048280 0.0330663
6048287 0.125555
6048289 0.0937782
6048303 0.229226
6048309 0.338693
6048310 0.0436153
6048314 0.671081
6048498 0.0255341
6048608 0.00121356
6048622 0.00129008
6048641 0.0118265
6048656 0.0895128
6053312 0.000669812
6053317 0.0325585
6053320 0.574963
6053335 0.00363831
6053352 0.00761529
6053357 0.0194427
6053376 0.210061
6053429 0.0878518
6053467 0.0757426
6053471 0.06577
6053516 0.0604064
6053520 0.194365
6053611 0.202609
6053718 0.185697
6053747 0.00225327
6054224 0.0332845
6054231 0.0463453
6054234 0.0937891
6057163 0.0303463
6059244 0.026438
6059275 0.00401883
6059284 0.0585314
6059293 0.042371
6059296 0.00101757
6059318 0.292857
6059341 0.353613
6059349 0.0713459
6059453 0.0145406
6059459 0.0202353
6059467 0.237986
6059486 0.0287685
6059493 0.036819
6059500 0.182748
6059501 0.208021
6059505 0.656971
6059530 0.0512518
6059541 0.00411892
6059545 0.00431262
6059575 0.249127
6059577 5.67439e-05
6059591 0.809534
6059597 0.688352
6059600 0.00355653
6060246 0.284938
6060259 0.114433
6060263 0.0389791
6060264 0.00112655
6060275 0.707451
6060314 0.552879
6060321 0.457582
6060324 0.254755
6060366 0.0152472
6060367 0.275943
6060368 0.00848595
6060369 0.080892
6060385 0.0785547
6060484 0.000161491
6060538 0.158576
6060544 0.000196969
6060556 0.104775
6060559 0.317779
6060563 0.351885
6060566 0.00436943
6060568 0.00797306
6060611 0.0957956
6060696 9.91521e-05
6060698 0.0961261
6060707 0.000479226
6060709 0.00175716
6060714 0.000200917
6060718 0.0940234
6060720 0.0288634
6060724 0.0107054
6060731 0.818887
6060733 0.124547
6060739 0.00680542
6060747 0.7458
6060762 0.268702
6060791 0.00395295
6060799 0.0298005
6060822 0.0692866
6060826 0.000157402
6060827 0.00156522
6060876 0.00996526
6060893 0.421774
6060921 0.112458
6060953 0.494737
6060964 0.603984
6060976 0.178559
6061396 0.000263249
6061762 0.000808463
6061765 0.0696963
6061766 0.0592941
6061780 0.0689158
6061807 0.0424328
6061826 0.018706
6061842 0.000551782
6061917 0.357073
6061939 0.175676
6061941 0.0588795
6062090 0.0740315
6062107 3.08688e-05
6063063 6.92325e-05
6063089 0.045697
6063159 0.743101
6063185 0.0248475
6063239 0.00822668
6063241 0.36404
6063243 0.311627
6063247 0.0088107
6063263 0.18387
6063299 0.0344174
6063317 0.000140889
6063405 0.0288373
6063449 0.024654
6063494 0.00344861
6063512 0.0644885
6063514 0.0203114
6063544 0.0857704
6063574 0.000678666
6063585 0.0256318
6063599 0.351318
6066900 0.00286833
6066906 0.00616548
6066908 0.137969
6066929 0.0255638
6068638 0.0719897
6068652 0.000275531
6068723 0.0628145
6068726 0.0408501
6068765 0.0120387
6068770 0.008295
6068774 0.00101376
6078200 0.0116523
6078205 0.037465
6078437 0.344684
6078490 0.000372642
6078561 0.00420054
6078575 0.634379
6078581 0.0034361
6078609 0.118054
6078612 0.502423
6078718 0.000331829
6078719 0.000298185
6078753 0.00211335
6078759 0.114148
6078768 0.0858027
6078769 0.00536197
6080451 0.00414995
6080456 0.046769
6080458 0.337418
6081737 0.4844
6081738 0.00139811
6081748 7.03127e-05
6083077 0.000154731
6088047 0.00115795
6088107 4.44471e-05
6088594 0.00141025
6088595 0.00514346
6088608 0.240411
6088618 0.00100425
6088642 0.1381
6088679 0.134941
6088680 0.410421
6088681 0.531542
6088682 0.0903362
6088683 0.517756
6088684 0.241226
6088685 0.258963
6088686 0.0199069
6088688 0.070029
6088689 0.0297461
6088690 0.0175263
6088698 0.080513
6088704 0.198198
6089999 0.0157354
6090008 0.401396
6090014 0.858159
6090016 0.112971
6090017 0.962565
6090023 0.672217
6090027 0.877265
6090029 0.612111
6090038 0.00910226
6090407 0.00274842
6090441 0.000182527
6090474 0.000473053
6090486 0.000287207
6090491 0.00233405
6090549 0.0295624
6090557 0.000453856
6090608 2.26928e-05
6097762 0.00295598
6097806 0.0144961
6097808 0.00624031
6097824 0.0170315
6097831 0.0180478
6097858 0.00232042
6098125 0.00322823
6098126 0.689867
6098131 0.00140825
6098133 0.000289137
6098148 0.208614
6098150 0.75455
6098162 0.000440016
6098180 0.000752204
6098281 0.0939902
6098307 0.356398
6098314 0.00891444
6098322 0.0489401
6099058 0.00448541
6099108 0.215253
6099207 0.000198102
6099228 0.250502
6099240 0.470545
6099245 0.00792446
6099261 0.864924
6099368 0.028867
6099372 0.0458414
6099405 0.018024
6099498 0.0349783
6099504 0.0680647
6099506 0.0474248
6099526 0.0164389
6099531 0.0283534
6099635 0.0379248
6099641 0.311369
6099647 0.462046
6099658 0.619843
6099672 0.0341265
6099673 0.000473615
6099674 0.00191998
6099680 0.00820257
6099702 0.0406841
6099717 0.0100323
6099751 0.239628
6099778 0.0664248
6099789 0.428498
6099819 0.249973
6099830 0.517413
6099840 0.0158247
6099848 0.875459
6099865 0.140977
6099879 0.287991
6099907 0.382912
6099910 0.0297939
6099934 0.0114214
6100021 0.0034785
6100025 0.0664366
6100117 0.000227415
6100139 0.267087
6100178 0.0316768
6100295 0.0587231
6100349 0.0317022
6100854 0.00155155
6100855 0.00226352
6101160 0.00300376
6101182 4.69507e-05
6101212 0.0233564
6101213 0.00215588
6101226 0.33599
6101256 8.43422e-05
6101383 0.0385072
6101484 0.000348976
6101505 0.0528395
6102003 0.000732229
6102587 0.0120272
6103350 0.0531463
6103868 0.000419891
6103881 0.00104536
6103969 0.00262986
6103973 0.000536366
6103981 0.00409706
6103986 0.00548354
6103992 0.0622284
6103996 0.0197085
6104002 0.000918901
6104006 0.0211746
6104007 0.000147328
6104012 0.0377236
6104014 0.0465763
6104015 0.0071091
6104021 0.301668
6107173 0.127537
6107179 0.0756743
6107181 0.0389806
6107183 0.000356568
6107187 0.00170302
6107189 0.251441
6107192 0.0387915
6107195 0.00190555
6107198 0.00458637
6107202 0.00246513
6107206 0.00639027
6107210 0.012622
6107214 0.0066081
6107218 0.237979
6107224 0.0560455
6107233 0.0175344
6107235 0.039183
6107243 0.261881
6107245 0.308336
6107246 0.285554
6107250 0.00468423
6107263 0.00115439
6107265 0.0273919
6107267 0.0553502
6107291 0.312206
6107309 0.00137789
6107313 0.0292385
6107320 0.00604153
6107323 0.0309511
6107369 0.0240172
6107385 0.038551
6107386 0.0398156
6107387 0.699266
6107388 0.0191561
6107389 0.0447779
6107436 0.0110181
6107445 0.0468735
6107459 0.450149
6107483 0.00290032
6107501 0.392028
6107502 0.0905124
6107514 0.0244203
6107516 0.05741
6107562 0.436293
6107566 0.474367
6107579 0.53512
6107592 0.872953
6107599 0.000780129
6107601 0.0256128
6107602 0.0357175
6107603 0.21503
6107608 0.545959
6107613 0.428794
6107655 0.868906
6107662 0.00683372
6107663 0.932567
6107668 0.454619
6107679 0.383378
6107684 0.469392
6107688 0.292153
6107691 0.0449759
6107700 0.542026
6107723 0.0123928
6107750 0.0694706
6107767 0.69623
6107774 0.00541753
6107782 0.161773
6107785 0.688102
6107793 0.781236
6107797 0.610206
6107806 0.0447293
6107850 0.17566
6108027 0.0347683
6108249 0.000493708
6108268 0.0433934
6108280 0.192842
6108300 0.0509117
6110186 0.0228226
6110271 0.0605548
6110273 0.00191894
6110274 0.0376407
6110276 0.019135
6110281 0.0119235
6110283 0.0229123
6110297 0.00251532
6110302 0.0155291
6110309 0.0730749
6110313 0.000553446
6110314 0.225224
6110331 3.02766e-05
6110334 0.0553737
6110336 0.252876
6110394 0.000974169
6110396 0.0792805
6110402 0.184119
6110407 0.0123107
6110436 0.0189162
6112975 0.678947
6114511 0.381436
6119103 0.0367636
6119110 0.0226457
6119131 0.414574
6119146 0.513499
6119153 0.2404
6119166 0.00205166
6119169 0.00700609
6119176 0.0508211
6119183 0.0311477
6119198 0.00924621
6119199 0.41781
6119279 0.00124781
6119282 0.00188543
6119293 0.113575
6119310 0.0188338
6122370 0.000149966
6122394 0.0200439
6122399 0.00542926
6122416 0.0202372
6122419 0.0233453
6122420 0.00108968
6123179 0.000212398
6126004 0.0117603
6126013 0.0527021
6126018 0.00971109
6126072 0.176054
6126109 0.0322864
6126130 2.36653e-05
6126132 7.67772e-05
6126228 0.0928175
6126265 0.191303
6126381 0.00269904
6126387 0.094661
6126396 0.121419
6126400 0.325779
6126406 0.143825
6126555 0.00031476
6126560 0.165202
6126951 0.00206552
6127296 0.0235368
6127297 0.263096
6127304 0.00362436
6127311 0.00876924
6133320 0.0830671
6133526 0.139791
6133538 0.149185
6133698 0.0357263
6133701 0.253286
6133708 0.230014
6133710 0.00424732
6133814 0.276323
6133824 0.0782112
6133826 0.0104921
6133828 0.204782
6133831 0.0574114
6133930 0.0215236
6133932 0.679447
6133935 0.10927
6133952 0.406753
6133960 0.0509068
6133987 0.0032783
6133995 0.00407389
6134012 0.387959
6136269 0.203421
6136420 0.0259204
6136421 0.000929697
6136443 0.0155227
6136456 0.0576547
6136471 0.0283358
6136479 0.420958
6136486 0.0445817
6136514 0.0310554
6136531 0.239097
6136543 0.4876
6136666 5.43307e-05
6136734 0.01152
6136760 0.131052
6136765 0.0350095
6136880 0.00223761
6136893 0.0141501
6136897 0.0184192
6136930 0.000319782
6140790 0.102902
6140864 0.244524
6140880 0.0165718
6140899 0.404129
6140901 0.0394162
6140923 0.0102683
6140928 0.00872332
6140934 0.0239376
6140942 0.0609759
6140951 0.0945261
6140956 0.504796
6140997 0.00108439
6141006 0.00971879
6141037 0.169067
6141043 0.00250744
6141047 0.0220426
6141051 0.267441
6141067 0.174432
6141132 0.202742
6141176 0.00023805
6141193 0.000277529
6141218 0.00240464
6141233 0.00198016
6141243 0.016583
6141257 0.173866
6141264 0.000455765
6141267 0.0196401
6141645 0.207914
6142526 0.0522355
6142534 0.00119476
6142535 0.841865
6142536 0.0465637
6142546 0.0212799
6143001 0.0122475
6143029 0.328786
6143043 0.0786766
6143051 0.0818544
6143097 0.0111777
6143152 0.0101118
6143169 0.00435873
6143173 0.0016877
6143217 0.455307
6143218 0.396027
6143225 0.0613861
6143228 0.230692
6143229 0.0212329
6143231 0.0376105
6143236 0.0207803
6143238 0.230054
6143239 0.0963161
