5993984 0.065026
5993987 0.0636787
5994005 0.212476
5994034 0.0696296
5994037 0.0276066
5994053 0.0246821
5994075 0.0182838
5994098 0.274424
5994123 0.230463
5994125 0.184454
5994135 0.0757856
5994141 0.306038
5994154 0.0435182
5994203 0.0537464
5994244 0.0741519
5994264 0.168762
5994291 0.27286
5994293 0.0598844
5994296 0.40299
5994303 0.0549217
5994317 0.0636733
5994318 0.102708
5994319 0.044915
5994324 0.263517
5994336 0.163639
5994341 0.753606
5994346 0.100205
5994347 0.172442
5994359 0.242989
5994363 0.0748684
5994386 0.0785408
5994389 0.0567367
5994401 0.114954
5994417 0.130793
5994426 0.35528
5994427 0.381309
5994451 0.0591458
5995573 0.0610282
5995574 0.343497
5995581 0.199314
5995592 0.0542483
5995931 0.00394536
5995934 0.318125
5995956 0.306825
5995960 0.396774
5995961 0.13085
5996021 0.0149642
5996027 0.0278669
5996144 0.100556
5996148 0.0615597
5996162 0.0199715
5996170 0.260801
5996171 0.0251429
5996193 0.0904161
5996198 0.0119062
5996202 0.0474778
5996209 0.0374175
5996214 0.02016
5996232 0.0384592
5996233 0.13859
5996241 0.0568802
5996245 0.13167
5996248 0.00562311
5996262 0.104633
5996263 0.00112308
5996273 0.0614379
5996280 0.0296181
5996291 0.127254
5996295 0.0277137
5996296 0.0598358
5996340 0.21596
5996494 0.0822275
5996496 0.587687
5996497 0.246458
5996498 0.0969544
5996519 0.0866324
5996520 0.557524
5996521 0.530131
5996528 0.073414
5996552 0.376453
5996554 0.017975
5996563 0.0108039
5996565 0.028144
5996574 0.0960328
5996576 0.111558
5998892 0.0542895
5998899 0.106531
5998907 0.0613738
5998911 0.0385478
5998912 0.0938016
5998913 0.447284
5998919 0.257889
5998928 0.451051
5998931 0.178042
5998933 0.050922
5998934 0.393357
5998938 0.00796739
5998944 0.295072
5998950 0.350021
5998957 0.0489353
5998959 0.0393266
5998990 0.0244054
5998993 0.00663652
5998996 0.0297478
5999002 0.00669052
5999011 0.476306
5999014 0.236442
5999021 0.0188736
5999022 0.0300967
5999026 0.211691
5999044 0.37636
5999046 0.176265
5999060 0.0640251
5999075 0.0555145
5999076 0.0250191
5999081 0.032487
5999144 0.0800815
5999150 0.0182373
5999174 0.324854
5999175 0.173571
5999178 0.237373
5999179 0.341488
5999182 0.0743105
5999183 0.168876
5999189 0.162198
5999191 0.0181613
5999225 0.252219
5999484 0.199036
6000462 0.00651747
6000474 0.0152368
6000531 0.0725897
6000549 0.0914228
6000580 0.395606
6000591 0.0717571
6000606 0.374571
6000624 0.407091
6000629 0.182993
6000631 0.199618
6000640 0.0131442
6000643 0.0035457
6000644 0.00837196
6000645 0.0177849
6000646 0.00643402
6000647 0.00276531
6000649 0.50514
6000650 0.0261304
6000658 0.0548708
6000659 0.0949251
6000683 0.187572
6000688 0.104944
6000689 0.0637961
6000691 0.123077
6000813 0.015532
6000817 0.097255
6002785 0.0404643
6004340 0.59076
6004341 0.0464866
6004350 0.0953945
6004365 0.0827699
6004373 0.00952071
6004386 0.044757
6004392 0.196131
6004406 0.842335
6004426 0.175949
6004434 0.0564455
6004447 0.00437242
6004452 0.407975
6004456 0.00421763
6004459 0.00494759
6004462 0.0269895
6004463 0.0174501
6004464 0.0608612
6004465 0.0394843
6004468 0.0266982
6004469 0.0228191
6004470 0.0767622
6004471 0.00823139
6004472 0.0106897
6004473 0.00524194
6004474 0.00451759
6004476 0.0116723
6004478 0.258092
6004492 0.497195
6004532 0.0507906
6004533 0.205518
6004554 0.514582
6004561 0.262277
6004578 0.064296
6004580 0.409043
6005343 0.677858
6006614 0.359986
6006625 0.129439
6007562 0.0136125
6009027 0.146727
6018799 0.0792546
6024360 0.0307048
6027466 0.0138075
6027492 0.0782714
6027497 0.250721
6027501 0.0484037
6028064 0.03511
6028070 0.0344988
6028075 0.0600702
6028129 0.0412563
6028130 0.0264329
6028138 0.125334
6028142 0.0580721
6028161 0.258783
6028163 0.107506
6028167 0.602594
6028177 0.128871
6028179 0.205542
6028184 0.0407752
6028206 0.0564183
6028210 0.530887
6028219 0.115626
6028417 0.262395
6028433 0.0594636
6028628 0.152254
6028632 0.180954
6028633 0.0893019
6028634 0.0622944
6028644 0.23956
6029052 0.209802
6029055 0.248772
6029064 0.585837
6029065 0.0432202
6029145 0.160554
6029162 0.0394101
6029170 0.0575136
6029183 0.223667
6029208 0.06975
6029242 0.287421
6029264 0.186878
6029297 0.0194262
6029392 0.0039843
6029515 0.0275611
6029522 0.0254071
6029538 0.0173864
6029539 0.0214866
6029550 0.0156801
6029552 0.0505207
6029665 0.0814668
6029666 0.140269
6029669 0.646654
6029673 0.510448
6029681 0.155852
6029694 0.0501552
6029695 0.0272399
6029713 0.0109786
6029715 0.00674595
6029716 0.0587757
6029767 0.0107283
6029768 0.0306118
6029769 0.0157398
6029774 0.202106
6029778 0.0668769
6040241 0.0764272
6040245 0.0255437
6040408 0.0193375
6043410 0.10552
6043424 0.171798
6043431 0.0145978
6043846 0.480057
6043847 0.395511
6043859 0.202424
6043868 0.407817
6043897 0.17346
6043911 0.0293118
6043912 0.0272989
6044020 0.144373
6044025 0.0532418
6044029 0.0274153
6044032 0.0329783
6044041 0.0757213
6044043 0.0865735
6044045 0.0570071
6044079 0.228288
6044081 0.305259
6044111 0.0355695
6044130 0.0536491
6044138 0.456153
6044254 0.0225262
6044268 0.0176188
6044279 0.314979
6045494 0.00289032
6045509 0.00632976
6045535 0.040946
6045538 0.00372313
6045539 0.0140862
6045549 0.109358
6045550 0.00693517
6045556 0.273579
6045559 0.00790994
6045562 0.202626
6045565 0.0439018
6045576 0.0715803
6045597 0.0800484
6045605 0.293511
6045606 0.0339645
6045608 0.0466909
6045624 0.0351442
6045625 0.0210798
6045627 0.0123924
6045751 0.0528262
6045852 0.0096476
6045863 0.0344967
6045884 0.0333782
6045888 0.0100843
6045894 0.0414383
6045904 0.0219232
6045909 0.0343628
6046047 0.0725498
6046674 0.0161251
6047292 0.0231648
6048233 0.0526715
6048268 0.026426
6048271 0.0402386
6048273 0.0107898
6048274 0.0853103
6048278 0.0130718
6048280 0.0074294
6048287 0.0328135
6048289 0.0417359
6048303 0.0215057
6048309 0.0167163
6048310 0.109132
6048314 0.0138207
6048498 0.0910685
6048608 0.0287718
6048622 0.119813
6048641 0.0839087
6048656 0.0387196
6053312 0.0353872
6053317 0.484908
6053320 0.204412
6053335 0.15942
6053352 0.00522569
6053357 0.0198399
6053376 0.262906
6053429 0.132074
6053467 0.0593814
6053471 0.140356
6053516 0.116072
6053520 0.466602
6053611 0.120119
6053718 0.00404287
6053747 0.018126
6054224 0.210115
6054231 0.0609638
6054234 0.400074
6057163 0.115697
6059244 0.0106642
6059275 0.12597
6059284 0.0358157
6059293 0.0370693
6059296 0.0955968
6059318 0.00880193
6059341 0.00825878
6059349 0.254041
6059453 0.0283474
6059459 0.0621535
6059467 0.00331033
6059486 0.0960105
6059493 0.0739232
6059500 0.0054466
6059501 0.0165572
6059505 0.023846
6059530 0.196199
6059541 0.224178
6059545 0.0107668
6059575 0.00881787
6059577 0.104918
6059591 0.429899
6059597 0.174024
6059600 0.0280206
6060246 0.707934
6060259 0.19607
6060263 0.0614901
6060264 0.152735
6060275 0.0515119
6060314 0.0306899
6060321 0.112274
6060324 0.0559398
6060366 0.0117118
6060367 0.0399001
6060368 0.441649
6060369 0.0109987
6060385 0.00803292
6060484 0.122346
6060538 0.0943617
6060544 0.168486
6060556 0.115997
6060559 0.0452123
6060563 0.190849
6060566 0.100107
6060568 0.0722945
6060611 0.102905
6060696 0.156371
6060698 0.0969242
6060707 0.235669
6060709 0.254974
6060714 0.0550658
6060718 0.0270473
6060720 0.00956961
6060724 0.0619461
6060731 0.025333
6060733 0.0127528
6060739 0.251255
6060747 0.144722
6060762 0.0355366
6060791 0.06156
6060799 0.412407
6060822 0.0495665
6060826 0.127246
6060827 0.228789
6060876 0.164196
6060893 0.181136
6060921 0.18074
6060953 0.0894404
6060964 0.0252028
6060976 0.0148071
6061396 0.205814
6061762 0.11501
6061765 0.0558159
6061766 0.114507
6061780 0.0140617
6061807 0.120516
6061826 0.18703
6061842 0.0834145
6061917 0.221533
6061939 0.147991
6061941 0.0285906
6062090 0.169742
6062107 0.0620191
6063063 0.0613567
6063089 0.232955
6063159 0.171324
6063185 0.303809
6063239 0.077442
6063241 0.241133
6063243 0.256339
6063247 0.208428
6063263 0.0612166
6063299 0.103862
6063317 0.201687
6063405 0.0425381
6063449 0.436187
6063494 0.019732
6063512 0.0190548
6063514 0.105363
6063544 0.268585
6063574 0.126128
6063585 0.209391
6063599 0.122401
6066900 0.0943406
6066906 0.00512279
6066908 0.0212116
6066929 0.062612
6068638 0.0464831
6068652 0.0153024
6068723 0.0570761
6068726 0.211186
6068765 0.127587
6068770 0.129362
6068774 0.251331
6078200 0.0654216
6078205 0.0399436
6078437 0.067342
6078490 0.0492372
6078561 0.264401
6078575 0.35594
6078581 0.17541
6078609 0.127754
6078612 0.411795
6078718 0.0218204
6078719 0.207788
6078753 0.025404
6078759 0.134525
6078768 0.124954
6078769 0.0685203
6080451 0.119057
6080456 0.0121876
6080458 0.0396615
6081737 0.0102476
6081738 0.0151838
6081748 0.0117189
6083077 0.0652937
6088047 0.202287
6088107 0.0328842
6088594 0.19551
6088595 0.0900217
6088608 0.0827545
6088618 0.227566
6088642 0.098672
6088679 0.00976183
6088680 0.0328141
6088681 0.0141683
6088682 0.00764813
6088683 0.00162614
6088684 0.0470129
6088685 0.0652624
6088686 0.0249145
6088688 0.0169857
6088689 0.0253896
6088690 0.00981475
6088698 0.0190975
6088704 0.0250854
6089999 0.329473
6090008 0.0747623
6090014 0.026146
6090016 0.0227853
6090017 0.0585159
6090023 0.0142784
6090027 0.0142088
6090029 0.0242884
6090038 0.152277
6090407 0.0603812
6090441 0.0156423
6090474 0.0119714
6090486 0.00968446
6090491 0.069724
6090549 0.0721529
6090557 0.0768664
6090608 0.30852
6097762 0.0556161
6097806 0.081365
6097808 0.119311
6097824 0.104306
6097831 0.0390668
6097858 0.0492892
6098125 0.0162926
6098126 0.0260315
6098131 0.0361958
6098133 0.0535222
6098148 0.0145972
6098150 0.0356702
6098162 0.030426
6098180 0.0287447
6098281 0.129585
6098307 0.0593386
6098314 0.119548
6098322 0.0279452
6099058 0.0848026
6099108 0.113947
6099207 0.0159542
6099228 0.0700916
6099240 0.022368
6099245 0.0417147
6099261 0.234652
6099368 0.0248902
6099372 0.00482955
6099405 0.233987
6099498 0.181188
6099504 0.165547
6099506 0.0960806
6099526 0.131088
6099531 0.128907
6099635 0.281999
6099641 0.358036
6099647 0.165298
6099658 0.0796592
6099672 0.0860725
6099673 0.0873108
6099674 0.0263348
6099680 0.0972473
6099702 0.110845
6099717 0.0573218
6099751 0.0656033
6099778 0.0550259
6099789 0.0142898
6099819 0.0728493
6099830 0.147163
6099840 0.136887
6099848 0.0631413
6099865 0.0421988
6099879 0.232154
6099907 0.065013
6099910 0.0431439
6099934 0.00741267
6100021 0.229327
6100025 0.0233753
6100117 0.0134131
6100139 0.032195
6100178 0.143958
6100295 0.0289921
6100349 0.52325
6100854 0.0540668
6100855 0.0590154
6101160 0.174548
6101182 0.0510501
6101212 0.0130583
6101213 0.0866837
6101226 0.00733241
6101256 0.081331
6101383 0.0316411
6101484 0.0293049
6101505 0.210995
6102003 0.0114053
6102587 0.194829
6103350 0.0981549
6103868 0.233549
6103881 0.157323
6103969 0.0312232
6103973 0.167705
6103981 0.252225
6103986 0.0851713
6103992 0.196514
6103996 0.118433
6104002 0.264448
6104006 0.157449
6104007 0.144422
6104012 0.0360746
6104014 0.115867
6104015 0.0569924
6104021 0.214904
6107173 0.0406799
6107179 0.308173
6107181 0.0638308
6107183 0.137511
6107187 0.16902
6107189 0.0838098
6107192 0.066407
6107195 0.152172
6107198 0.655069
6107202 0.194009
6107206 0.116576
6107210 0.116783
6107214 0.00490252
6107218 0.044411
6107224 0.0651359
6107233 0.0493034
6107235 0.0179432
6107243 0.0745169
6107245 0.0753187
6107246 0.0453758
6107250 0.00679609
6107263 0.0105247
6107265 0.0511025
6107267 0.1034
6107291 0.90322
6107309 0.0474967
6107313 0.046745
6107320 0.409674
6107323 0.087291
6107369 0.963847
6107385 0.996235
6107386 0.994472
6107387 0.315384
6107388 0.992122
6107389 0.998241
6107436 0.368618
6107445 0.119493
6107459 0.352035
6107483 0.0729307
6107501 0.0908297
6107502 0.26127
6107514 0.156079
6107516 0.325158
6107562 0.0266773
6107566 0.0267061
6107579 0.0734162
6107592 0.0384925
6107599 0.0911003
6107601 0.105528
6107602 0.0521107
6107603 0.0164473
6107608 0.0572977
6107613 0.0345385
6107655 0.120466
6107662 0.0322034
6107663 0.0120536
6107668 0.00955686
6107679 0.0689935
6107684 0.0247756
6107688 0.162986
6107691 0.0560348
6107700 0.0392317
6107723 0.499735
6107750 0.0292628
6107767 0.0153367
6107774 0.0811547
6107782 0.198815
6107785 0.094492
6107793 0.0258954
6107797 0.0342406
6107806 0.508957
6107850 0.0837427
6108027 0.0372757
6108249 0.0501755
6108268 0.0744266
6108280 0.0725822
6108300 0.18779
6110186 0.0933112
6110271 0.0880067
6110273 0.0354413
6110274 0.0175159
6110276 0.22629
6110281 0.0234516
6110283 0.218606
6110297 0.0895827
6110302 0.0041251
6110309 0.193965
6110313 0.114474
6110314 0.0423359
6110331 0.03761
6110334 0.0667314
6110336 0.0156182
6110394 0.150856
6110396 0.0361112
6110402 0.0268614
6110407 0.109337
6110436 0.144906
6112975 0.0653851
6114511 0.0859641
6119103 0.174619
6119110 0.218059
6119131 0.0258677
6119146 0.533163
6119153 0.305095
6119166 0.0424011
6119169 0.101732
6119176 0.00859686
6119183 0.00778145
6119198 0.0165238
6119199 0.0346353
6119279 0.053435
6119282 0.175805
6119293 0.128109
6119310 0.123618
6122370 0.0616388
6122394 0.333566
6122399 0.0398191
6122416 0.0988045
6122419 0.0538378
6122420 0.0330447
6123179 0.146855
6126004 0.144451
6126013 0.0417748
6126018 0.147654
6126072 0.0902358
6126109 0.0576243
6126130 0.0540218
6126132 0.0714082
6126228 0.0512413
6126265 0.0857164
6126381 0.404302
6126387 0.0825616
6126396 0.0990707
6126400 0.214839
6126406 0.281244
6126555 0.0352464
6126560 0.0447825
6126951 0.121836
6127296 0.143907
6127297 0.135383
6127304 0.114381
6127311 0.0636866
6133320 0.176904
6133526 0.0217977
6133538 0.141527
6133698 0.292708
6133701 0.171632
6133708 0.0373143
6133710 0.13038
6133814 0.19238
6133824 0.0133831
6133826 0.0213304
6133828 0.154424
6133831 0.134741
6133930 0.106255
6133932 0.0520852
6133935 0.498971
6133952 0.0219572
6133960 0.0427478
6133987 0.619958
6133995 0.0780973
6134012 0.0718911
6136269 0.0728194
6136420 0.137604
6136421 0.0591439
6136443 0.175512
6136456 0.15069
6136471 0.31095
6136479 0.0397695
6136486 0.0512548
6136514 0.146001
6136531 0.496873
6136543 0.22185
6136666 0.0325759
6136734 0.0126307
6136760 0.104109
6136765 0.088735
6136880 0.224135
6136893 0.035714
6136897 0.064043
6136930 0.20478
6140790 0.13477
6140864 0.0714116
6140880 0.130902
6140899 0.0923183
6140901 0.0182323
6140923 0.348873
6140928 0.133972
6140934 0.358198
6140942 0.0393049
6140951 0.0492459
6140956 0.121667
6140997 0.110643
6141006 0.0383954
6141037 0.126988
6141043 0.0860949
6141047 0.106926
6141051 0.122878
6141067 0.0736875
6141132 0.0780839
6141176 0.037466
6141193 0.0186354
6141218 0.0653568
6141233 0.0355096
6141243 0.158022
6141257 0.146152
6141264 0.105102
6141267 0.0472886
6141645 0.0144581
6142526 0.10079
6142534 0.172842
6142535 0.54245
6142536 0.0402886
6142546 0.168571
6143001 0.0173146
6143029 0.0997418
6143043 0.180384
6143051 0.0561449
6143097 0.0242038
6143152 0.175338
6143169 0.231039
6143173 0.0778126
6143217 0.185704
6143218 0.170396
6143225 0.0667389
6143228 0.0812072
6143229 0.209047
6143231 0.157659
6143236 0.0048926
6143238 0.142017
6143239 0.158391
