195736 0.620698
188633 0.0572878
157791 0.0583118
140163 0.287482
165928 0.317268
201713 0.723534
151255 0.0328166
150140 0.431978
124034 0.77565
125577 0.643015
151872 0.501082
200986 0.418803
187242 0.321955
166006 0.133163
103860 0.164488
199915 0.0376073
189677 0.0866599
198578 0.390183
184060 0.203208
172594 0.00867977
141136 0.0647037
192320 0.303081
137163 0.297066
171267 0.232515
117198 0.383523
201919 0.0651155
202081 0.297364
168893 0.171478
124689 0.0432555
140747 0.268112
195482 0.0460973
199130 0.672856
185086 0.502919
172981 0.143994
194494 0.0550475
155606 0.537503
151603 0.143893
150080 0.287497
186131 0.0450818
177374 0.778617
199138 0.548744
183152 0.85884
142594 0.876092
172033 0.608585
177981 0.0874792
142728 0.576513
166582 0.487086
174066 0.201416
154534 0.119066
150198 0.131038
127757 0.389287
165594 0.451924
182749 0.328225
197504 0.913078
190789 0.33348
155821 0.198963
151661 0.056943
119784 0.143406
112513 0.662668
192278 0.155564
143244 0.089336
187628 0.31888
192375 0.0411579
190703 0.492039
126738 0.37068
179340 0.189818
149501 0.124487
153278 0.171675
184064 0.221419
149453 0.464539
153788 0.551575
182388 0.151056
154625 0.069661
185886 0.349098
110758 0.397222
194365 0.43594
110757 0.10754
144698 0.75663
155475 0.0365851
196848 0.184748
176126 0.250877
182197 0.378515
171290 0.277396
176270 0.260305
197041 0.0980832
177147 0.0918082
185461 0.114006
202523 0.3765
140886 0.4583
165614 0.180676
178707 0.284964
145249 0.646393
168239 0.0176993
187963 0.357735
192401 0.227361
169237 0.648972
133385 0.177203
120909 0.777053
169621 0.261994
181045 0.343627
158846 0.0189702
173624 0.559664
194820 0.507744
178231 0.557712
125545 0.477366
169894 0.369838
199794 0.43617
150950 0.928947
176725 0.0726856
162715 0.038048
140786 0.0997845
118598 0.484151
181383 0.585597
189958 0.178561
198224 0.482381
197133 0.30973
201691 0.668344
183184 0.444685
156063 0.467009
143332 0.0842794
202994 0.176158
138009 0.915746
165569 0.550672
119719 0.380247
193409 0.701309
138199 0.412846
141751 0.0202171
108368 0.801945
158348 0.0927322
194780 0.343532
191791 0.143232
181664 0.0829667
156336 0.137917
150835 0.733247
141711 0.222714
183223 0.337729
201823 0.85952
105278 0.123556
189993 0.384305
184521 0.132639
168368 0.853391
182730 0.122405
169467 0.352958
169491 0.47438
120865 0.648433
164940 0.176978
201996 0.0631504
148717 0.919792
193397 0.68825
201359 0.319522
140649 0.513946
199831 0.143467
172920 0.0543955
160203 0.0986244
189126 0.533675
183158 0.0350104
151949 0.453591
168308 0.345951
191292 0.696689
159732 0.105707
131435 0.150707
184549 0.0640307
155622 0.0615519
178354 0.388407
140365 0.0394962
173572 0.197902
152148 0.102911
153150 0.154653
184579 0.467612
123002 0.305441
199803 0.0498923
157338 0.141638
194607 0.354153
177314 0.662692
191768 0.0984142
184779 0.535062
126816 0.550055
158819 0.0579306
199465 0.731019
201535 0.68122
148399 0.125468
139699 0.0240232
197579 0.360498
150070 0.328851
196489 0.143729
190469 0.0816576
144010 0.448101
151269 0.0584186
198550 0.388413
146235 0.00518927
173484 0.127914
195757 0.700717
144306 0.135437
122732 0.652402
197555 0.214134
167894 0.0286255
123787 0.321642
157694 0.409771
159590 0.131231
186889 0.531976
191257 0.191507
174858 0.152361
198031 0.254688
195096 0.323453
141516 0.307919
121420 0.70119
167978 0.0545891
198558 0.167506
169336 0.539665
197408 0.170602
178501 0.325579
171618 0.0917056
194126 0.115962
128180 0.5114
199284 0.23926
149824 0.543438
198820 0.0800941
144253 0.256975
161758 0.0740947
178993 0.0690993
134351 0.911504
168074 0.761841
147064 0.337487
183176 0.0778073
135341 0.698098
183668 0.15255
161837 0.0995166
164141 0.186677
144287 0.85337
158907 0.207578
111812 0.362514
185538 0.172082
199586 0.559816
201275 0.301692
172207 0.14732
197802 0.119478
132687 0.240036
188207 0.490119
171281 0.22419
187060 0.639203
198947 0.741722
198612 0.222774
160620 0.951387
186563 0.0403533
187969 0.681198
115551 0.772752
155343 0.107797
169615 0.131491
175268 0.288236
180223 0.202021
129673 0.820556
188427 0.0619003
186872 0.39614
162578 0.16235
189391 0.230494
179992 0.443737
194845 0.204493
168975 0.461585
160631 0.718757
152608 0.0870592
104454 0.147946
160380 0.0103126
193469 0.788969
175027 0.226549
159848 0.454858
169566 0.0393903
166733 0.824167
169836 0.0376983
147498 0.684248
164094 0.102635
124041 0.712042
183229 0.625288
114831 0.69902
202592 0.406635
168340 0.0661155
164136 0.0767534
154372 0.0658111
165780 0.64755
173634 0.148496
143333 0.154468
143043 0.434843
149858 0.125207
177924 0.0588489
141842 0.402636
175448 0.218389
142191 0.247186
191488 0.155426
170020 0.681394
203190 0.340033
120379 0.0812277
119531 0.727161
200259 0.439858
178639 0.0765428
190063 0.146253
194565 0.543864
193114 0.0644438
182543 0.130651
146441 0.380602
141170 0.692221
195741 0.642744
193462 0.115604
199631 0.67599
144020 0.861368
200390 0.0996019
198282 0.0677427
159944 0.261406
158351 0.291847
169881 0.264408
107951 0.105541
158053 0.171218
158948 0.272438
194219 0.302061
186912 0.483475
170698 0.16723
179002 0.325895
200825 0.505151
194986 0.283164
189944 0.469403
165502 0.312059
105420 0.125542
165917 0.359276
192161 0.602499
196746 0.292417
198165 0.190911
174340 0.0749772
154364 0.380998
166050 0.584778
112159 0.855464
183722 0.125837
183533 0.456035
148028 0.176581
118753 0.421734
155518 0.089671
178660 0.108486
149488 0.357195
144216 0.888659
188001 0.471629
132072 0.590762
186175 0.0284626
160917 0.0171656
137076 0.449637
120437 0.578334
114715 0.924641
154739 0.0229539
194310 0.0585404
174770 0.800749
112478 0.710615
162353 0.242367
148911 0.0870935
172376 0.043291
139784 0.512464
200995 0.763237
184096 0.190469
152499 0.127452
148063 0.0982148
180209 0.5918
119371 0.353985
144270 0.992389
151575 0.133904
196001 0.360416
175922 0.420567
115537 0.69598
189487 0.646971
190070 0.258292
161500 0.692614
191837 0.349932
167095 0.717474
166577 0.969059
144023 0.960507
191919 0.0324179
190912 0.558022
188019 0.0679498
172828 0.123018
157422 0.597851
165427 0.0291034
182731 0.0260702
139900 0.105016
133672 0.467933
168150 0.0409684
105182 0.132865
168159 0.00871197
180492 0.289451
166336 0.723854
129644 0.423928
126687 0.699339
153561 0.406773
146716 0.306934
169429 0.261219
202637 0.0869734
177884 0.323215
146102 0.0560723
156255 0.0993878
148447 0.0118299
187471 0.27008
135084 0.324548
189904 0.100284
147574 0.181121
190520 0.331759
164836 0.722416
199456 0.416833
182650 0.175762
193021 0.483626
186310 0.168511
194303 0.396325
131545 0.0277666
152384 0.100695
154821 0.679802
128411 0.457181
129246 0.35743
153390 0.792271
194850 0.190439
161675 0.23137
158233 0.0304131
138433 0.855074
139800 0.428344
193032 0.266082
165081 0.0542928
195039 0.480901
110576 0.926947
140044 0.0150717
143059 0.0083357
174879 0.665512
203109 0.309139
158546 0.0833644
188709 0.0551817
156102 0.149609
106114 0.606054
123033 0.310897
148266 0.261067
172703 0.0675523
172000 0.0999683
131310 0.0664533
191554 0.0301186
155394 0.0295771
201345 0.118205
164110 0.18688
135119 0.242778
166617 0.498491
185288 0.0803934
177882 0.166365
198106 0.180825
166775 0.0275202
168339 0.276585
155314 0.189868
132049 0.505393
153822 0.248156
146179 0.542189
190864 0.147053
188783 0.705667
201464 0.662029
141610 0.0973765
200734 0.7328
196801 0.288822
167012 0.685912
202812 0.29982
170311 0.539186
166591 0.840669
195109 0.208446
180629 0.157903
177435 0.529284
171104 0.15309
169359 0.134931
183510 0.0872833
127196 0.464981
125536 0.134355
142042 0.0539864
141974 0.677862
191108 0.095503
153228 0.0227886
197727 0.199086
155207 0.169629
167201 0.451996
148991 0.173231
93393 0.93432
144235 0.111851
151819 0.542039
174059 0.0990779
140938 0.595375
186317 0.753608
187208 0.478804
169344 0.628845
147596 0.150072
151734 0.240523
165505 0.463299
155669 0.144917
195798 0.0392927
124606 0.0809291
121630 0.42852
170037 0.317215
203173 0.320133
149648 0.56647
156820 0.442916
182954 0.469766
124617 0.00125496
161782 0.265693
191944 0.249065
151092 0.119744
144745 0.0686881
200358 0.210415
164861 0.564886
156723 0.290737
179856 0.241798
191484 0.0424119
187001 0.0234977
144344 0.96171
129590 0.618976
170287 0.0718426
130289 0.204844
175550 0.0855414
201695 0.583161
168330 0.178818
185982 0.389747
188086 0.589104
197014 0.282976
152873 0.321073
200994 0.0950599
177464 0.307763
191790 0.142542
149555 0.204923
143838 0.167336
158903 0.665845
158666 0.0489989
185274 0.272621
198354 0.248092
106115 0.158042
149981 0.182333
128294 0.392757
185860 0.439407
154703 0.305958
160336 0.273351
189370 0.236269
107496 0.718258
151034 0.183417
131045 0.402006
125917 0.381051
121492 0.734359
103855 0.383054
202577 0.504531
141151 0.703143
125951 0.4943
180926 0.572002
183751 0.646299
194300 0.236815
189341 0.242023
182349 0.292329
185317 0.0533953
165616 0.0482614
125551 0.413695
160429 0.326379
165945 0.557012
157768 0.562967
153697 0.279235
185474 0.0792333
196663 0.452363
191778 0.388452
156764 0.80865
181659 0.125345
163661 0.0536412
121453 0.601151
151873 0.556822
176693 0.0146236
163976 0.148159
96652 0.620347
135953 0.30313
118105 0.869145
158918 0.605145
148623 0.173664
173052 0.481832
188516 0.0796016
196469 0.0784592
177510 0.18334
196829 0.392703
136813 0.244854
121210 0.773453
173302 0.335171
201865 0.0911625
144411 0.114744
171984 0.0497674
189955 0.140969
198846 0.0854733
175061 0.182872
124165 0.499996
146922 0.10438
161586 0.189925
158374 0.642873
156753 0.772556
178640 0.263253
173261 0.277203
120677 0.728233
107994 0.0844541
162369 0.273385
129255 0.203847
181379 0.144854
174004 0.0635049
203414 0.134594
130522 0.19666
199599 0.736194
144343 0.964088
177157 0.329361
120685 0.569807
199849 0.192437
196320 0.114704
179679 0.723431
156900 0.35025
138410 0.529908
153238 0.201069
202518 0.174858
200095 0.00873892
142208 0.0209169
142554 0.100738
183545 0.349293
157856 0.719611
172121 0.0996805
158426 0.202544
203155 0.555892
158235 0.671526
108856 0.716341
202531 0.568789
154482 0.0468353
165769 0.0684595
201619 0.226886
156685 0.707762
158335 0.870876
193250 0.421964
172954 0.0217697
168626 0.181377
124807 0.0565229
148292 0.15976
158010 0.572129
142619 0.337562
190758 0.480015
158237 0.115129
123282 0.54748
164872 0.143735
191433 0.0763884
197273 0.767512
137685 0.744726
152088 0.562917
147655 0.0668891
188766 0.0421002
183920 0.141769
192062 0.196861
152115 0.319378
177308 0.241048
141147 0.0884917
162152 0.126925
168769 0.109102
167221 0.222103
187004 0.315191
121991 0.355495
147034 0.0295326
177135 0.530962
191690 0.120612
138893 0.401548
149860 0.105643
195027 0.156679
184724 0.393128
203383 0.401573
189657 0.261044
191023 0.250814
162266 0.289987
194749 0.431785
170780 0.187378
167441 0.135551
92508 0.761535
177855 0.455672
130326 0.6511
189189 0.530181
140542 0.10223
118617 0.528094
191575 0.0239035
189916 0.00266164
151462 0.313588
184543 0.128275
156280 0.724344
162902 0.0424804
158386 0.0876354
170820 0.0722767
149816 0.0972978
154515 0.045333
198635 0.681766
178419 0.0894389
144280 0.983157
187052 0.191807
187502 0.409472
198977 0.708726
142413 0.597784
180848 0.357345
147117 0.130396
156546 0.874531
183169 0.386914
183783 0.24455
171555 0.0994368
181655 0.0464683
134653 0.526138
176316 0.275192
151778 0.23097
117071 0.480133
141062 0.706702
160316 0.0464142
189528 0.531373
198660 0.377038
156245 0.122618
155561 0.320427
156445 0.935281
168359 0.127652
194747 0.714307
186455 0.442001
181111 0.238081
158174 0.123137
177133 0.0685985
171472 0.0775665
200041 0.525812
136575 0.518424
171875 0.133188
167045 0.285586
152503 0.460848
112396 0.0633237
121382 0.597848
159544 0.0908585
127893 0.279968
124431 0.664257
152497 0.206363
187437 0.00474336
171598 0.115448
157713 0.424767
185598 0.128878
150281 0.139469
129955 0.465414
173470 0.0301514
191388 0.347809
153813 0.323718
192355 0.731338
165257 0.1656
121406 0.826397
156689 0.468498
157339 0.503717
200797 0.346243
192512 0.109886
158249 0.101166
135471 0.202808
200240 0.252278
171355 0.0496524
192309 0.66101
138606 0.896025
167341 0.112108
184566 0.373889
166655 0.271224
190944 0.327957
153541 0.865403
142550 0.376175
192986 0.364366
186440 0.421827
103894 0.0654963
169834 0.0878003
126496 0.688366
191094 0.586104
140294 0.304682
179864 0.0571337
183098 0.138706
187509 0.461794
122818 0.371442
202279 0.16942
178598 0.23382
146787 0.252664
140958 0.262228
137195 0.167497
142320 0.511953
196375 0.508849
152813 0.423059
175354 0.0106832
195538 0.825292
196128 0.454716
199294 0.242782
184789 0.597504
195502 0.181522
118428 0.366664
202792 0.374529
170468 0.229217
202660 0.35943
118779 0.356798
139933 0.0501178
179689 0.551756
173010 0.267907
203166 0.349095
124706 0.101047
155402 0.446283
131208 0.020738
121439 0.416569
124072 0.380062
164792 0.0790068
201462 0.524821
194550 0.569249
187781 0.541211
158897 0.415339
192155 0.432938
160264 0.15849
179655 0.556999
155965 0.643298
145955 0.25112
190929 0.251763
123117 0.540104
201108 0.383744
177619 0.154591
174338 0.157401
149597 0.227064
195384 0.0496445
199519 0.553276
200291 0.312034
197333 0.793748
175369 0.183691
181546 0.136668
171404 0.192945
130882 0.322076
174107 0.154974
159424 0.104681
180675 0.416727
197753 0.0871657
157272 0.207417
181975 0.578101
196017 0.904223
117961 0.42666
150978 0.807079
202472 0.410857
166442 0.113842
198590 0.75763
155612 0.272227
151477 0.246493
200782 0.100791
155589 0.189881
108562 0.845466
135635 0.485416
171095 0.0883227
152567 0.472013
151657 0.0126147
184769 0.214118
195826 0.398945
182147 0.0478458
170495 0.0619478
184601 0.250501
154034 0.149753
97339 0.347073
142094 0.11077
153477 0.0655791
202745 0.264862
155046 0.135189
203403 0.108992
141428 0.872835
183858 0.638691
197024 0.53416
194072 0.140732
123543 0.515899
172301 0.528023
182539 0.00957065
176729 0.0851692
144832 0.695876
126788 0.337996
145745 0.15895
148220 0.455125
169358 0.285647
198312 0.40575
105663 0.920346
139686 0.484891
125294 0.157578
203421 0.097385
200454 0.230805
141169 0.30173
138951 0.646917
165659 0.108289
160803 0.126938
186945 0.0529859
191247 0.0202915
163884 0.310106
160042 0.100928
146760 0.107101
195363 0.280238
149836 0.0915372
121494 0.410431
124933 0.0404881
175335 0.299845
188634 0.0934957
124605 0.0557951
189931 0.411189
130299 0.192015
147787 0.627399
142457 0.266643
191090 0.567279
138964 0.678883
149153 0.286051
160266 0.0838697
194924 0.487824
167011 0.421131
142527 0.345243
195337 0.182128
188796 0.24653
195245 0.668253
180587 0.308902
198414 0.260828
152792 0.0185562
148274 0.382196
153305 0.0141778
147681 0.0339373
199734 0.420069
174210 0.0280707
118738 0.566538
203295 0.793875
152470 0.406819
199149 0.369975
169234 0.387048
189474 0.0865036
193254 0.307123
184509 0.0514067
192396 0.18684
188912 0.0723649
177112 0.0820771
202907 0.042678
160822 0.10379
157256 0.146791
174153 0.0214803
182582 0.278457
129647 0.646308
118602 0.585378
179993 0.29248
163357 0.0665437
203449 0.674576
121553 0.482078
182608 0.380141
158166 0.0947197
159808 0.433703
183913 0.0716359
173834 0.146912
198324 0.206578
150795 0.719567
182535 0.0154403
177808 0.0912329
154419 0.256015
142335 0.34798
179926 0.682929
132109 0.441942
100979 0.678328
142778 0.393386
165653 0.0584794
166199 0.30085
160594 0.0825146
104069 0.603445
108228 0.914657
180417 0.397818
144170 0.446554
165369 0.146251
187565 0.347474
194263 0.642111
161848 0.0123624
119474 0.277107
139435 0.140263
187479 0.184167
168805 0.0412291
168283 0.0221875
190401 0.50817
170565 0.0116014
191781 0.0957297
130255 0.53633
145615 0.565344
188488 0.206573
170122 0.213686
171413 0.0193723
190491 0.180297
170562 0.0522665
108479 0.784113
188312 0.20297
180070 0.0836091
191122 0.139817
191796 0.564489
166784 0.556125
200785 0.334331
200557 0.79361
174859 0.0180645
129978 0.683952
124941 0.0249915
157179 0.327973
159975 0.538782
124687 0.0226657
162752 0.058904
120702 0.408751
176364 0.0380118
198124 0.469169
195562 0.10438
181404 0.13912
162194 0.121648
171354 0.474993
196343 0.24788
197196 0.0566307
140676 0.0163404
130301 0.536399
157156 0.146503
202342 0.0360147
115539 0.68128
125535 0.118347
178964 0.0342755
119865 0.762613
187623 0.155356
149733 0.078116
154844 0.30895
194169 0.327822
181392 0.426733
198081 0.210185
197731 0.091517
175166 0.0245399
149137 0.207126
143936 0.696099
195681 0.362279
190675 0.0673105
191912 0.356195
123349 0.646359
142862 0.0493686
184108 0.313619
173916 0.480473
196487 0.117933
198540 0.744719
116977 0.138979
177851 0.456879
160301 0.204473
151392 0.212075
108555 0.795154
150252 0.282506
196998 0.658434
166448 0.0985859
197412 0.0875489
144049 0.770703
142980 0.127638
176374 0.154835
199660 0.338215
151109 0.639578
196781 0.0412586
123874 0.373397
120521 0.365121
142960 0.0392017
174056 0.102092
128732 0.954545
124797 0.137305
195118 0.525573
190437 0.266653
186898 0.200987
166764 0.217893
145986 0.341091
139168 0.549965
197332 0.836177
198545 0.0578905
164127 0.407274
197889 0.456192
122733 0.633571
150131 0.526114
136905 0.441996
142618 0.361259
167200 0.695502
191177 0.536617
133964 0.297322
167376 0.151738
189729 0.365574
140452 0.57902
188758 0.173311
158380 0.180417
167430 0.719091
150657 0.474306
153114 0.0144454
150565 0.710877
165675 0.605148
178834 0.0212971
158913 0.0499937
195069 0.106723
127810 0.360107
141420 0.18321
149714 0.131854
141407 0.904038
142577 0.597843
154513 0.15891
152377 0.140613
160423 0.395635
152611 0.211139
168214 0.891709
195991 0.0489781
132413 0.675213
201900 0.163308
180073 0.0793929
129581 0.384467
199693 0.0132489
172338 0.0437217
151171 0.212321
200398 0.697145
194069 0.296492
122190 0.803565
162419 0.0897504
142201 0.0266178
172242 0.408124
179816 0.309534
186336 0.16736
129008 0.329295
162633 0.233523
166816 0.382606
156323 0.302077
188928 0.724156
181763 0.419098
167367 0.148552
174745 0.0904414
144419 0.170878
192370 0.0955766
158176 0.0979988
195759 0.185878
194148 0.194443
177459 0.490741
187586 0.253557
162686 0.365955
190651 0.0364007
176132 0.0400772
152152 0.386317
182986 0.439238
197607 0.109316
124686 0.0099032
193062 0.352433
179052 0.41578
182710 0.197746
173022 0.423776
193132 0.235688
187970 0.258455
191460 0.111169
165443 0.050575
190858 0.392
180701 0.0851538
176386 0.0565995
179090 0.301509
171136 0.0846444
124352 0.350997
119861 0.388374
134544 0.595168
178360 0.0912217
145244 0.344479
201802 0.447369
141089 0.30211
184023 0.740432
201411 0.156557
166889 0.764601
196818 0.222409
201069 0.116263
202060 0.177739
200527 0.840968
191907 0.126084
167462 0.0476494
188802 0.691826
195238 0.629644
160109 0.628949
131000 0.284858
182112 0.0196183
106144 0.224343
156500 0.362173
123829 0.335908
142719 0.107322
118558 0.547708
200863 0.561664
155727 0.178846
200425 0.578653
155180 0.206366
148132 0.576196
164075 0.27719
183529 0.105586
149013 0.205464
160792 0.0607025
181532 0.0906557
124036 0.86921
147798 0.244459
183215 0.196489
164126 0.210638
144290 0.845507
172485 0.389335
141171 0.348519
195035 0.267646
125360 0.269315
194262 0.587125
172342 0.226117
165076 0.202769
157767 0.091236
160431 0.225377
168130 0.430494
176433 0.0800848
160545 0.188755
118593 0.427773
95791 0.719255
170782 0.34691
158755 0.45825
158391 0.0971592
169171 0.0946116
170105 0.126636
157262 0.0817163
193356 0.848269
157983 0.153225
187152 0.0753527
185603 0.196546
199785 0.289149
160665 0.434241
192371 0.0839348
175519 0.0993111
195477 0.0681079
198798 0.015326
181476 0.16823
139827 0.095049
155720 0.765534
183810 0.371553
120726 0.538777
167868 0.421572
178033 0.333347
152752 0.0320206
147641 0.333687
161263 0.264414
143071 0.266471
120919 0.34134
157748 0.531426
188081 0.780688
179014 0.356372
164112 0.0242815
141134 0.0749605
175873 0.284189
160627 0.871674
202548 0.299135
187007 0.166036
201315 0.0695491
167527 0.195527
103949 0.516226
202970 0.654967
197868 0.124684
195479 0.575766
126585 0.410931
201994 0.136713
152878 0.241107
195389 0.401188
188487 0.309748
137217 0.342569
148400 0.285654
150875 0.49332
120896 0.667984
202715 0.694881
192148 0.434863
162882 0.075212
197707 0.528841
160709 0.507187
151289 0.398097
110907 0.684043
138029 0.808175
153117 0.106799
196872 0.560507
155687 0.502492
179034 0.560093
200326 0.106034
166767 0.116412
179132 0.130759
184479 0.0845128
146852 0.161443
203218 0.443822
200602 0.142419
196072 0.34393
130693 0.770904
135560 0.454472
185553 0.174325
181980 0.18022
182851 0.121842
177214 0.734079
161760 0.128213
193275 0.183578
123922 0.650132
183281 0.218262
140660 0.10834
160106 0.394016
131425 0.378928
128304 0.127298
131380 0.239919
170560 0.105761
160829 0.23138
108726 0.868837
148665 0.127356
162417 0.000412583
199938 0.255136
141191 0.250512
124663 0.0580049
125324 0.331764
148142 0.502589
174932 0.103097
200321 0.187681
173523 0.198767
152714 0.00340878
161757 0.469505
189671 0.0769123
182387 0.174608
124290 0.274408
202109 0.0683414
197517 0.572195
121478 0.246858
152112 0.396449
189634 0.451644
185811 0.422666
145795 0.307108
195135 0.139444
151341 0.909328
182972 0.28622
169673 0.303893
156521 0.532199
203286 0.461575
155830 0.0570194
164365 0.645864
153497 0.0895744
139930 0.243693
197814 0.321991
184542 0.192893
132552 0.320969
139153 0.0865483
134897 0.889341
177006 0.301577
173997 0.0111515
202982 0.223127
164035 0.322893
173165 0.214296
158568 0.0710917
162559 0.0424555
179020 0.106821
137985 0.340082
167025 0.100836
117013 0.100932
144392 0.422522
191058 0.790135
183868 0.397445
168161 0.124492
199954 0.464423
148533 0.534396
174952 0.251446
158331 0.114961
172713 0.235394
152688 0.0223478
151784 0.167329
181168 0.205368
126362 0.666798
191568 0.155151
139883 0.4667
187009 0.42055
178059 0.309406
151290 0.31966
155825 0.149888
145216 0.018546
196773 0.259735
141300 0.122829
182953 0.0589145
200946 0.523541
178307 0.438312
161032 0.0963767
170553 0.210848
198172 0.375557
142886 0.0687852
177680 0.0451794
109651 0.74983
154832 0.435684
160375 0.0108369
143117 0.366195
154047 0.0506216
153033 0.468984
197380 0.0614334
199799 0.490415
123940 0.885912
152362 0.140577
125401 0.200436
188431 0.182749
198068 0.316303
159511 0.1057
202996 0.506056
106164 0.00614437
134872 0.169765
142639 0.523009
178817 0.41759
140550 0.0295352
135129 0.570843
201291 0.548716
193431 0.396862
199097 0.549095
153833 0.101947
165934 0.0390162
180689 0.408594
197990 0.103636
121465 0.217044
192022 0.271711
179396 0.217763
154973 0.0949157
160190 0.654979
126489 0.43478
196882 0.288668
147405 0.474019
96944 0.826664
118746 0.475187
163355 0.418263
150550 0.762562
162923 0.0999904
120945 0.524227
195085 0.361858
130015 0.789739
198094 0.193224
154476 0.0204139
181610 0.114322
143061 0.0462247
160270 0.0213333
107630 0.168522
114832 0.574624
195258 0.156824
151406 0.0290756
182490 0.279453
67037 0.652865
183936 0.200803
169598 0.0163027
181174 0.117263
195998 0.161667
169785 0.406313
186969 0.25093
183438 0.248915
96520 0.867887
192585 0.064129
141468 0.819903
193490 0.123252
167561 0.556829
115989 0.677659
169739 0.805914
173263 0.214339
183871 0.342136
168747 0.205362
199692 0.13523
168979 0.690339
142364 0.151091
186189 0.152021
161688 0.171526
155007 0.123003
146751 0.662583
144506 0.203697
162438 0.179908
183072 0.122334
176400 0.167207
195522 0.501579
124630 0.116567
188483 0.100283
198906 0.776841
202003 0.0825589
121000 0.405883
165874 0.444953
136900 0.439196
125584 0.542629
201260 0.350672
169513 0.0595518
198874 0.144952
194848 0.637522
191509 0.14296
152294 0.70322
151656 0.0820111
149010 0.723093
162426 0.00730992
152749 0.0431483
103910 0.112687
164993 0.135999
179209 0.102635
143347 0.657886
124739 0.149894
171223 0.374768
177565 0.195139
144178 0.420194
201573 0.323897
155154 0.292028
177955 0.169869
187993 0.158083
153279 0.0727453
157011 0.650664
139161 0.733416
144963 0.466134
147072 0.938772
195298 0.357776
140343 0.189305
198819 0.0501014
176424 0.50384
142823 0.0799504
167228 0.338693
124792 0.13983
155907 0.312596
200205 0.137493
141672 0.774806
202858 0.644753
182381 0.104918
173226 0.542008
199844 0.108713
141267 0.0549496
185186 0.0202592
200910 0.318994
160489 0.0332089
198625 0.564234
126310 0.490448
185173 0.37295
140236 0.167794
178069 0.00592418
168888 0.203406
172173 0.114106
189814 0.484061
165350 0.633446
191616 0.100751
194141 0.354306
157744 0.49412
191826 0.259434
126539 0.589805
154477 0.270718
150904 0.329255
123617 0.403753
170326 0.244998
198195 0.176644
107514 0.835779
181093 0.158428
160027 0.187423
167893 0.233425
194813 0.0140948
189539 0.407749
131051 0.102418
169420 0.0516043
201705 0.362904
199034 0.0322157
160020 0.0665616
103929 0.238886
188526 0.287063
158993 0.453601
124681 0.0659786
185595 0.242758
188373 0.104785
162895 0.0200809
159903 0.090585
191857 0.587132
196540 0.217259
201489 0.306691
166049 0.599776
144797 0.082443
201981 0.74966
131424 0.131107
190986 0.00877574
182706 0.311767
199199 0.168083
197832 0.0814504
169681 0.304336
124911 0.092512
121583 0.717385
178277 0.539715
182077 0.274906
182911 0.81662
188506 0.121593
191346 0.352552
177003 0.324948
116490 0.438899
199588 0.562867
190988 0.228377
120738 0.767124
160041 0.647492
198868 0.358174
178876 0.0605259
143190 0.41589
199343 0.176542
165585 0.203661
151193 0.505764
142572 0.277309
189791 0.262223
177657 0.00674504
196864 0.69018
152029 0.107533
183212 0.13421
180730 0.630808
193042 0.0928653
119792 0.121688
142077 0.264015
187421 0.33379
184069 0.434632
156640 0.518335
126364 0.693395
126357 0.677595
192122 0.335124
123972 0.945136
202724 0.372793
114724 0.865406
179207 0.441457
160105 0.0540464
159560 0.142935
154719 0.0577461
127614 0.350249
140977 0.165724
166416 0.299055
164888 0.684789
188727 0.11902
189390 0.0374628
170802 0.162428
106145 0.0654889
203442 0.565662
148719 0.914227
157752 0.32286
152516 0.24684
169232 0.54896
129609 0.654241
186420 0.0899193
130778 0.591998
181802 0.10971
194595 0.195258
177113 0.25719
179357 0.232118
166382 0.0602018
183741 0.185004
200308 0.205417
195572 0.339738
115533 0.784055
197185 0.208241
162865 0.129554
143813 0.19204
169319 0.493956
103740 0.0932641
138210 0.573378
153927 0.331007
197610 0.665289
169692 0.0466075
189573 0.165912
177389 0.00745462
158200 0.755444
179321 0.0934077
174193 0.0339106
165714 0.285797
161247 0.0479569
165656 0.119936
124097 0.659762
149465 0.111307
193056 0.259126
157346 0.191712
188652 0.102219
173037 0.913569
155691 0.955516
150216 0.401322
166636 0.349813
177818 0.510075
156283 0.267309
202219 0.123941
165954 0.331363
163389 0.0340792
141639 0.00716061
203159 0.417403
199873 0.152691
160259 0.231621
197995 0.260362
195346 0.430231
130322 0.091799
199984 0.0461084
110826 0.0775415
115387 0.493649
158290 0.116186
145904 0.767287
196577 0.76868
154732 0.303551
168736 0.238958
187044 0.249647
129836 0.577681
192581 0.437653
178018 0.275956
183150 0.24155
196490 0.645728
164406 0.0955809
148646 0.273078
79047 0.932333
146034 0.0298325
121016 0.769531
140344 0.0350376
168062 0.300242
111807 0.621356
187520 0.474596
144803 0.233699
198223 0.0721783
179694 0.231943
177571 0.00436942
154930 0.49482
154621 0.074128
143804 0.192903
141337 0.299622
171810 0.0446929
187097 0.436245
151273 0.250279
150694 0.351134
192529 0.148592
170905 0.0140071
164528 0.512112
162995 0.183795
178676 0.0959062
192374 0.0332446
123045 0.482912
188125 0.33725
169203 0.591068
172909 0.0539448
191769 0.336009
149497 0.166009
103906 0.141426
171599 0.130301
195644 0.377595
162104 0.753247
124648 0.222217
172491 0.194745
145595 0.174592
191959 0.586344
168865 0.135967
147623 0.168909
124153 0.126972
194533 0.48585
129625 0.460394
191361 0.770728
165564 0.123754
174755 0.0248056
167123 0.696763
169303 0.766505
191096 0.426553
166189 0.0945976
128340 0.578353
177472 0.58558
189305 0.207681
110199 0.959385
167765 0.718307
187334 0.0428194
179922 0.479304
143810 0.485649
159555 0.375124
126035 0.554658
177416 0.579216
148391 0.397225
157806 0.521288
127577 0.447497
168238 0.121845
124370 0.565089
147635 0.0528014
158842 0.339374
117485 0.576657
148209 0.246295
191421 0.306755
177461 0.600641
166936 0.100969
119292 0.558019
202680 0.0490694
195518 0.185807
152083 0.0487042
170297 0.0521819
158304 0.547178
203288 0.12244
171162 0.517238
157121 0.620354
192501 0.15436
134720 0.463975
198895 0.492685
198670 0.763476
109628 0.962332
151728 0.382682
115176 0.246782
183513 0.228882
143325 0.30063
185225 0.775801
201374 0.578483
191927 0.154145
196215 0.750643
196250 0.27487
95784 0.758363
131290 0.728839
200851 0.110142
163100 0.116076
191965 0.431849
116857 0.188779
201917 0.0880168
160783 0.389992
183332 0.122046
183256 0.332345
195573 0.130486
141898 0.00916106
165280 0.17746
169023 0.578488
117069 0.410251
182913 0.0401409
148528 0.628192
158125 0.317945
186232 0.0750704
142962 0.0430747
123058 0.460152
116703 0.653555
157972 0.887259
159522 0.482828
201261 0.752313
152385 0.339867
136749 0.276986
160170 0.0459399
152433 0.341008
141481 0.568238
190778 0.761298
191439 0.159169
184420 0.118139
180244 0.379482
133023 0.560418
147887 0.434758
166081 0.151303
150207 0.127083
163732 0.131064
181920 0.357536
197961 0.636324
150797 0.157159
155366 0.110685
203423 0.337179
127119 0.0930329
193028 0.047778
124886 0.0139969
169749 0.209049
164489 0.283403
184665 0.437137
172299 0.136561
200434 0.663169
171933 0.115526
160125 0.112093
152709 0.528227
115818 0.826745
165775 0.262684
137312 0.138853
148441 0.774655
171497 0.217447
157649 0.329785
201956 0.28226
187291 0.842794
168619 0.420028
155636 0.00747579
124620 0.119981
142645 0.330453
154478 0.211849
198684 0.435897
196459 0.589482
179232 0.196097
179671 0.247473
201819 0.492398
138160 0.419165
175034 0.305749
106967 0.757156
197964 0.216915
163622 0.174988
203345 0.0780677
200539 0.0290054
191999 0.739462
192172 0.373982
182865 0.584605
178711 0.632152
152915 0.033819
158742 0.249491
197202 0.163224
177366 0.547181
195841 0.532837
201795 0.253903
142556 0.132928
172198 0.126787
157176 0.082742
165627 0.398821
128233 0.733215
188182 0.127902
168138 0.166387
120883 0.705348
196940 0.00975887
158488 0.0322387
162570 0.522722
151002 0.232171
153182 0.552249
144212 0.705069
178587 0.0261062
163348 0.46037
196655 0.15479
118164 0.461844
177967 0.0504095
182483 0.084974
121519 0.622184
196992 0.498118
195267 0.0572516
171844 0.20346
169211 0.10122
179030 0.0844778
118387 0.659697
165270 0.125732
200445 0.137004
189034 0.506377
150139 0.0592205
173755 0.825094
168269 0.497457
196431 0.616874
160394 0.367873
199081 0.385387
149422 0.507063
126552 0.343929
118644 0.745409
143445 0.25895
160823 0.361639
144282 0.946471
152774 0.0976975
199139 0.563994
197464 0.931623
182557 0.642721
193111 0.112134
192120 0.125258
165706 0.153021
194685 0.758087
105597 0.897925
156358 0.301212
202772 0.168602
185988 0.116373
141325 0.026391
144233 0.116609
150564 0.0478483
160293 0.154051
193120 0.740198
181981 0.173166
145749 0.494803
167121 0.499595
131943 0.268583
172854 0.208469
138813 0.327067
176788 0.259778
133646 0.2147
157746 0.0416462
143699 0.381209
156061 0.152059
118590 0.0900092
96715 0.770123
97479 0.741972
164904 0.265019
173137 0.05091
197722 0.387851
121206 0.296452
158721 0.52817
159296 0.920105
121063 0.703708
135003 0.380187
154967 0.279346
178893 0.0719875
168516 0.124184
173327 0.141616
194299 0.25416
152857 0.304896
127485 0.284158
154117 0.702466
161508 0.531128
146529 0.331659
132777 0.532308
170521 0.0509653
124837 0.027571
122990 0.86241
174999 0.0939011
161576 0.0730998
152389 0.86185
131283 0.485737
153596 0.843644
120817 0.7496
177253 0.252133
127171 0.369271
190803 0.366201
186449 0.0750378
172075 0.768656
200219 0.263088
150243 0.376859
112944 0.612412
196136 0.144203
189409 0.214152
136033 0.529078
201696 0.0621998
126572 0.710427
165348 0.262929
128944 0.420716
202667 0.303044
201589 0.595805
194585 0.143681
142735 0.0588364
124915 0.0689557
199694 0.0295852
202155 0.680394
142031 0.0790291
150532 0.450754
196468 0.31999
200600 0.0597183
133005 0.498007
188902 0.0874592
148710 0.060095
158791 0.124316
182237 0.0314461
175308 0.203932
144182 0.76793
126266 0.739679
143670 0.0698065
124035 0.816495
198783 0.0558806
127736 0.581795
130770 0.157458
186642 0.273286
165053 0.0706989
170817 0.263239
79025 0.862189
161759 0.18064
183148 0.86651
182999 0.670935
183018 0.298596
151006 0.11136
171163 0.34213
122193 0.637216
162384 0.662928
188635 0.90298
186314 0.407656
174080 0.597088
196364 0.165691
121283 0.123946
168384 0.167418
151350 0.327511
203456 0.43129
152758 0.176492
164884 0.282617
172462 0.248507
165771 0.197397
191249 0.219715
189278 0.117034
196509 0.216157
193048 0.145447
184399 0.464121
194770 0.125424
181511 0.185682
152318 0.666553
144672 0.574246
175164 0.471551
156467 0.274545
184456 0.148315
143574 0.518787
202822 0.456591
197325 0.411401
150024 0.634552
180213 0.280079
151329 0.751904
162958 0.0776487
168843 0.223724
174071 0.141497
198288 0.493747
141225 0.0836683
139202 0.40735
161319 0.0117876
108363 0.698386
195830 0.308478
105043 0.206769
166493 0.161064
157436 0.044356
176543 0.0710851
159673 0.694034
156972 0.143984
143271 0.557258
152517 0.532031
160337 0.301102
199124 0.444665
132038 0.15843
160421 0.363336
154686 0.230471
118042 0.833412
124957 0.0286102
175083 0.518545
196591 0.0471233
194576 0.772906
153173 0.0860867
181929 0.17666
145789 0.0641161
141760 0.255704
198685 0.705351
200983 0.247037
194574 0.63776
160710 0.299831
175533 0.0622561
146743 0.566791
157201 0.319731
193548 0.740045
105395 0.00964835
144934 0.70872
158580 0.604831
202997 0.672443
199613 0.458853
150032 0.628155
158731 0.716198
153333 0.345411
194289 0.384054
199504 0.437627
119577 0.125227
196195 0.174212
178709 0.172263
186619 0.377331
157178 0.350116
139714 0.11017
184716 0.0925701
200865 0.585094
147056 0.675709
156583 0.410891
160396 0.441027
174173 0.0265983
187714 0.00828829
182311 0.167521
186267 0.180484
193523 0.439062
177908 0.636778
124740 0.139524
169417 0.88845
187450 0.429256
201180 0.113208
157185 0.269373
195503 0.0810861
170019 0.254879
146717 0.324167
120929 0.628995
159036 0.092295
169418 0.0766865
150749 0.0760344
156108 0.651569
157042 0.642421
196083 0.167938
132560 0.314338
148023 0.665744
154179 0.0792871
183236 0.0233175
150455 0.294556
132027 0.193
184666 0.604847
141563 0.0782459
180760 0.0290286
145721 0.12508
166077 0.0401381
190648 0.147954
121514 0.64763
158735 0.276976
124865 0.0400915
129735 0.54625
145881 0.0962101
144107 0.56476
188394 0.552834
148463 0.248507
173186 0.129773
203139 0.520312
139290 0.481103
156903 0.490312
202576 0.336886
168778 0.0982275
167883 0.0857598
202025 0.354383
115467 0.627445
201392 0.0377225
190752 0.543351
137832 0.28305
108218 0.876678
162354 0.0939182
202719 0.426741
180740 0.728933
159757 0.22083
195636 0.39074
193395 0.567244
179829 0.151586
187561 0.266842
173425 0.0769525
201317 0.0433857
182609 0.323707
147952 0.0576639
128329 0.20654
184875 0.30484
151998 0.370196
125696 0.468541
185069 0.138994
127658 0.466869
144431 0.270767
174200 0.0990129
155074 0.127671
152085 0.0851767
166843 0.00887758
160217 0.134554
195351 0.0946721
154750 0.265334
197164 0.0916068
179988 0.614465
146560 0.160996
190582 0.0775506
160691 0.0946003
129238 0.644255
143136 0.21805
158710 0.3216
179205 0.293398
161793 0.0349852
144706 0.741107
172510 0.299034
194547 0.0683061
189781 0.473998
121893 0.702361
155062 0.163162
154533 0.0965083
178400 0.0887515
182188 0.290442
179148 0.385988
170984 0.623086
144011 0.204001
177477 0.30888
123618 0.646074
134607 0.146309
193584 0.434724
177899 0.548835
195647 0.122438
152082 0.278657
185569 0.0656342
156988 0.79363
180774 0.278914
170222 0.770841
195145 0.0255275
168858 0.0254424
182044 0.144328
200877 0.363652
197863 0.0963663
197988 0.307906
124778 0.130375
124721 0.0312119
176274 0.0567706
178216 0.0748331
140979 0.284093
191387 0.309011
164152 0.0917162
131948 0.531956
184738 0.354981
197180 0.794302
184517 0.107876
129832 0.750808
127223 0.765521
180560 0.483899
152811 0.369021
172328 0.0263855
127279 0.871864
165893 0.0152372
124399 0.432607
165882 0.21071
118036 0.200066
129868 0.640974
169208 0.118025
123830 0.129537
129953 0.77238
153811 0.254347
145882 0.162454
188436 0.0822305
198283 0.17363
197568 0.312006
149467 0.0380835
161798 0.259599
139819 0.602295
143250 0.410811
168862 0.0808919
188964 0.615965
145329 0.479891
193104 0.41018
200477 0.0241144
170525 0.0420996
134414 0.410484
191380 0.824199
149716 0.147437
181468 0.193366
180962 0.569426
183557 0.446839
149523 0.144781
165105 0.146298
153478 0.396065
159223 0.322562
193613 0.480024
199663 0.659669
136892 0.385798
194099 0.393387
123366 0.489138
149703 0.615533
189552 0.256122
203081 0.261941
201096 0.122883
201348 0.386053
173507 0.399079
177965 0.100152
194735 0.579622
116816 0.763859
191318 0.436658
151005 0.0893244
185520 0.145746
190748 0.56441
196599 0.835603
150545 0.43814
197099 0.337049
140811 0.143651
124756 0.13353
146252 0.0960105
203252 0.0667426
183974 0.473062
125344 0.403614
193405 0.652563
182799 0.351851
186879 0.607046
197672 0.441231
153503 0.343383
130459 0.241604
185559 0.100564
190686 0.304436
159396 0.325778
194849 0.0808902
181695 0.133103
121056 0.573197
141851 0.764088
189436 0.265697
129844 0.786065
175059 0.576539
193513 0.169845
186514 0.408274
141490 0.612198
186404 0.118683
181968 0.394305
199210 0.571435
185499 0.148746
128145 0.869245
142970 0.422264
119180 0.485313
148965 0.693692
190666 0.16312
179741 0.4171
143898 0.348741
169869 0.186751
178327 0.72305
178340 0.224466
193179 0.426926
157751 0.320206
149764 0.342243
118019 0.390404
141262 0.0971717
169354 0.431684
199075 0.469734
150127 0.154563
165592 0.426165
140702 0.44557
191419 0.035608
154835 0.0830487
195726 0.352516
165683 0.280572
197227 0.822919
91811 0.112373
185200 0.454805
202004 0.0783048
183654 0.0259654
104124 0.218188
162561 0.249621
166094 0.50698
153420 0.0969198
189289 0.259185
189467 0.158465
195175 0.644994
191224 0.593905
167170 0.065576
177129 0.0538047
162647 0.730241
117076 0.459623
174778 0.0622922
123031 0.360289
182568 0.232398
192397 0.161073
174233 0.0943581
184101 0.218572
185210 0.0704088
170184 0.0669742
155017 0.0993595
139979 0.0989265
162443 0.0778193
196963 0.757081
160192 0.024753
197972 0.755263
193067 0.431187
203000 0.0354354
188614 0.31249
129739 0.781437
182416 0.548724
128964 0.559734
200237 0.260754
152394 0.283676
135351 0.273597
201711 0.450652
141366 0.0423478
167828 0.448308
173440 0.242071
197065 0.420031
201435 0.671168
177278 0.343424
202842 0.127871
164874 0.203596
149461 0.042874
152692 0.0392842
162542 0.581251
203285 0.457074
138821 0.346719
180301 0.129021
148488 0.159029
183518 0.0896619
93046 0.856989
174563 0.00290266
167159 0.60614
191239 0.00732554
136547 0.129835
167458 0.0547263
196365 0.118041
154413 0.388938
117942 0.520942
148996 0.0993528
198259 0.0830197
112459 0.944507
191775 0.226446
166185 0.276493
143234 0.123391
178450 0.380752
165382 0.566226
174771 0.255039
196191 0.0977175
165603 0.116679
169213 0.387826
175445 0.254482
133730 0.494584
141235 0.401476
105051 0.345634
191220 0.451672
117274 0.315602
140658 0.171103
170295 0.148743
119590 0.0145956
137634 0.142109
191873 0.351616
174909 0.219959
159576 0.187824
203165 0.304192
135954 0.757471
142207 0.0424326
202698 0.527294
184432 0.14936
184689 0.485008
197103 0.0729452
188455 0.257531
133031 0.484491
113600 0.596622
150942 0.390195
150462 0.144067
201895 0.0589644
198786 0.162245
182220 0.222752
180986 0.213141
123162 0.783182
162151 0.0927097
146845 0.126913
149089 0.0656188
163270 0.267903
191608 0.233294
127123 0.207599
140404 0.0276572
196728 0.49947
184462 0.537594
169325 0.34069
196780 0.0861702
195745 0.169875
194783 0.019016
181827 0.642456
161801 0.569246
189906 0.841331
194276 0.314899
166647 0.518655
181908 0.625959
155718 0.937544
159834 0.0453296
203200 0.561544
195466 0.228359
193209 0.791966
152810 0.318297
172377 0.174621
198386 0.456467
145797 0.124907
141939 0.309188
141940 0.0370513
166068 0.685495
177043 0.282623
137315 0.172073
188821 0.0319284
203193 0.542612
167949 0.478094
187485 0.256288
201406 0.531367
123651 0.831032
160629 0.907877
189345 0.0266088
132421 0.186814
148596 0.0844979
201929 0.138425
131568 0.0223876
172142 0.0301855
144661 0.151696
197577 0.180014
176528 0.377404
172839 0.124305
177398 0.129245
164516 0.0736218
156796 0.12433
163845 0.0591625
194098 0.277528
156275 0.108697
170154 0.0237553
196731 0.231248
187429 0.551885
147789 0.20148
153026 0.166173
152557 0.367925
173524 0.394659
130850 0.281692
148157 0.564871
199333 0.492802
177905 0.294143
148507 0.161587
195995 0.230492
192090 0.317241
158005 0.70862
118152 0.729759
164363 0.0787339
196958 0.740304
188552 0.106384
199792 0.15592
174074 0.269344
161713 0.104224
163693 0.312855
165375 0.41207
202696 0.117233
151203 0.564287
121431 0.65258
145549 0.691781
194199 0.456112
148885 0.226807
165240 0.382117
179028 0.0582968
197597 0.0597955
172063 0.466927
191817 0.67964
116991 0.222585
158177 0.120982
163625 0.224377
137770 0.215498
160116 0.00872896
123160 0.709926
198425 0.0449085
117009 0.0879145
201559 0.648176
197193 0.181197
140308 0.164503
158979 0.359235
187784 0.261407
156666 0.835845
190756 0.174884
158036 0.0892281
190643 0.078012
178158 0.393671
194929 0.432887
201008 0.292896
158504 0.0188751
177865 0.310466
141834 0.573339
203387 0.174663
203107 0.802462
128154 0.93384
169078 0.49759
196066 0.240139
191973 0.843078
155893 0.136357
188828 0.0739918
123779 0.643338
124946 0.0438259
178285 0.189715
148957 0.603216
153452 0.0524831
115863 0.692219
203408 0.50681
141452 0.211838
141581 0.125036
180243 0.554358
141085 0.162722
169899 0.176408
194933 0.757118
166366 0.17167
202672 0.51895
157757 0.257805
184604 0.189919
143038 0.194766
161100 0.375061
187176 0.762523
150277 0.411878
187353 0.0935992
199860 0.346927
121405 0.7579
180915 0.480504
196325 0.488362
170096 0.168857
200242 0.482571
197280 0.537011
188555 0.217391
195967 0.496664
187470 0.011221
200025 0.379467
191564 0.513674
172318 0.287123
155392 0.106857
198480 0.613168
198881 0.308185
160425 0.155376
182771 0.033836
150107 0.43937
183675 0.589652
121530 0.837053
201361 0.576242
200162 0.524982
193760 0.5219
147713 0.0917209
201024 0.471715
189976 0.291466
142313 0.340985
124196 0.373578
153957 0.0244636
187859 0.0940275
168143 0.0676614
173309 0.212012
167368 0.195892
202816 0.737056
168165 0.396898
197556 0.766994
181634 0.373204
192473 0.0855927
190653 0.166796
118158 0.669802
198701 0.296238
185504 0.156398
186361 0.0712627
198488 0.874556
181453 0.179025
203224 0.678512
125347 0.428284
155147 0.117477
195185 0.473657
169556 0.135283
198910 0.0566738
121429 0.603875
166660 0.341279
199029 0.300565
178003 0.0571231
171335 0.578505
181442 0.694029
143080 0.285671
151212 0.0892329
193231 0.597541
173472 0.518711
167245 0.0337191
169014 0.111437
188850 0.846876
117065 0.253845
134796 0.774905
163728 0.393058
188586 0.0646709
123351 0.498859
166494 0.280745
150659 0.221892
199534 0.497515
144538 0.0719033
201920 0.141615
183182 0.0445279
111143 0.806629
144639 0.084111
134177 0.204151
197916 0.117328
136798 0.303842
189138 0.594135
165006 0.0381823
182336 0.319162
162331 0.372097
178825 0.104465
121373 0.518459
160511 0.0139546
183562 0.0907747
186968 0.642101
196312 0.361877
142720 0.468327
202360 0.0357877
186507 0.0999815
178302 0.0481007
151714 0.0864629
161492 0.349494
141952 0.0526601
195929 0.52393
190919 0.482107
199823 0.101418
170773 0.0966783
188523 0.263278
146756 0.02298
199188 0.497287
178314 0.144223
198638 0.377187
189277 0.489332
198712 0.455442
184574 0.024332
181301 0.132758
174954 0.0761069
173614 0.339887
108545 0.851586
193085 0.351603
155146 0.285804
132510 0.333519
180555 0.293137
202143 0.743051
137648 0.618675
176370 0.0507661
184975 0.457747
199911 0.476515
129919 0.192218
157542 0.487151
148016 0.677198
183819 0.419458
173273 0.0373886
155739 0.0487678
188290 0.398011
136468 0.666669
179139 0.737068
117010 0.363919
155820 0.485089
186874 0.399558
129377 0.224818
184531 0.527572
164356 0.585587
171821 0.511719
196291 0.0246953
190913 0.027107
198449 0.163289
181678 0.0697594
126636 0.503401
142624 0.380254
194593 0.635655
185377 0.0827802
178962 0.0746656
199092 0.421704
198608 0.0759339
186865 0.226639
194672 0.654391
173543 0.161873
172458 0.0389519
183511 0.585244
157111 0.212954
179242 0.243564
188507 0.158995
163742 0.521178
124250 0.27345
182082 0.39388
191740 0.55597
160403 0.252366
128702 0.543088
134745 0.715394
178283 0.271417
146746 0.017931
112564 0.53177
180632 0.149361
174417 0.542598
163965 0.578382
170535 0.322712
159710 0.193465
164898 0.219924
162100 0.415987
184480 0.408642
123242 0.699042
156054 0.0809797
155035 0.310113
115786 0.31617
172123 0.104334
190428 0.0591806
188351 0.517667
173021 0.0232617
202202 0.601272
174116 0.0395952
199068 0.0636084
180772 0.0843898
140903 0.0242255
159398 0.508269
130769 0.124875
194050 0.0456873
196389 0.147484
171349 0.0389549
160222 0.476895
161205 0.0486009
192086 0.119903
168005 0.0854897
173922 0.107863
176537 0.0235783
143344 0.38382
169986 0.37813
139302 0.733664
146726 0.295083
185400 0.114869
149173 0.363394
157688 0.310738
118147 0.518508
198025 0.0891905
177251 0.265987
126146 0.041247
166327 0.00446806
166846 0.00533755
139390 0.655011
198571 0.185034
154776 0.288216
167755 0.473046
153877 0.0759897
194971 0.738091
183681 0.225431
148256 0.266871
150839 0.170999
189979 0.305876
170726 0.00638659
193471 0.738939
187304 0.0930814
144886 0.303071
183186 0.774091
190714 0.537668
178243 0.0253148
189416 0.147514
174171 0.102802
169495 0.263814
152290 0.399206
193012 0.011614
151194 0.0209412
154394 0.046861
185168 0.277295
183383 0.217653
165019 0.0983009
140476 0.103653
140959 0.103708
172058 0.0624381
157327 0.216912
150751 0.491505
148295 0.20854
185181 0.143602
118929 0.569711
198334 0.428012
196771 0.11865
190979 0.518918
198262 0.0806333
183027 0.213326
112109 0.890972
123990 0.566056
189363 0.059041
140695 0.175746
191511 0.143469
144531 0.293921
186349 0.48892
118601 0.311583
134306 0.403902
196793 0.741659
186347 0.0567888
110363 0.697654
193243 0.334405
95083 0.922408
202647 0.271166
123395 0.135528
145788 0.0127814
153032 0.351662
183261 0.048382
159705 0.463978
160374 0.0414102
203149 0.587427
180253 0.0413768
198640 0.840741
160619 0.920271
194789 0.441514
121464 0.568346
127403 0.199542
165725 0.163503
169995 0.101333
167165 0.519027
139396 0.255196
166347 0.815313
184772 0.034985
129902 0.15296
200874 0.610091
148578 0.348504
140006 0.1334
138016 0.767507
197562 0.327466
148192 0.17101
186925 0.0321166
151777 0.337461
183154 0.640002
153036 0.537077
167220 0.282507
176391 0.36771
105230 0.130986
128341 0.452064
184705 0.235539
140207 0.498474
127820 0.624734
148519 0.0322481
155400 0.0595785
175630 0.173428
157182 0.0977265
185966 0.114122
171589 0.0254427
148815 0.0441192
191694 0.238122
123412 0.697227
193497 0.0178421
144040 0.380935
183762 0.223305
199479 0.758785
133515 0.818864
159569 0.152624
124845 0.0538029
195633 0.296129
67195 0.546144
129734 0.311238
162569 0.0891187
142889 0.538083
196610 0.438253
160575 0.33498
170380 0.498999
155480 0.0997272
170484 0.00851843
182869 0.0307983
151442 0.153505
174747 0.0489571
198451 0.747327
197983 0.20184
124803 0.0493329
163754 0.424156
139224 0.435526
169596 0.0234311
163831 0.148498
118161 0.502458
203292 0.490496
169295 0.397951
171682 0.0802089
106136 0.11292
160108 0.14014
189646 0.393769
145597 0.0795808
200420 0.297494
116814 0.340296
157343 0.242254
180380 0.319523
201568 0.2871
174791 0.0432732
170304 0.115894
119971 0.227165
195794 0.674277
182721 0.420371
167984 0.0603109
190847 0.286955
200820 0.80998
169366 0.0437737
149595 0.109207
118146 0.274929
146725 0.378207
164257 0.121989
186653 0.558568
163977 0.499195
195630 0.456874
166595 0.944042
142131 0.095011
172334 0.145409
182299 0.280034
181467 0.316064
158955 0.745221
173616 0.363672
148226 0.0188484
201006 0.740606
170549 0.359169
183704 0.328712
197451 0.24108
175290 0.0764741
179323 0.0715051
150722 0.559569
179722 0.523095
164116 0.0373703
131230 0.382911
140967 0.0839118
135444 0.185858
188355 0.273942
125387 0.782692
193117 0.231192
169619 0.776219
182906 0.124531
163919 0.0520334
181142 0.399177
174452 0.144055
201882 0.720074
154341 0.0691109
128141 0.27476
106523 0.308729
156869 0.56219
157187 0.356136
190866 0.0899592
143926 0.0507101
191797 0.362055
194988 0.629655
129805 0.380056
189316 0.0509913
198129 0.0245701
167762 0.201987
136899 0.815069
139908 0.243427
139176 0.819105
172327 0.124729
140349 0.424505
149128 0.181736
195442 0.6033
160311 0.0309843
183635 0.142457
179989 0.128654
192565 0.266343
188502 0.191375
160797 0.236054
125338 0.716395
192128 0.267374
186875 0.415162
121803 0.21069
133514 0.690811
147864 0.521454
190035 0.546414
199498 0.405726
121789 0.269365
201845 0.15954
203051 0.327947
173691 0.133294
138628 0.0569525
123049 0.797707
181962 0.305914
173819 0.821022
148255 0.217952
181100 0.338853
149318 0.0771067
161311 0.0301114
148794 0.624603
157058 0.0989381
151166 0.51519
142142 0.185345
153903 0.104102
198205 0.855676
148434 0.0933286
150840 0.526519
166917 0.382199
153652 0.513971
149837 0.0766089
165073 0.0305593
193214 0.300189
193301 0.182014
143196 0.203891
154425 0.0170603
105270 0.0935052
140882 0.193126
159740 0.219609
198387 0.176363
197516 0.654508
192279 0.132015
130666 0.346733
163360 0.174234
174049 0.065325
182974 0.574462
108777 0.469205
196249 0.172087
177202 0.287246
194487 0.16095
156793 0.616026
149329 0.0355151
182743 0.153819
121491 0.694292
195131 0.142224
198176 0.524153
192153 0.276924
166648 0.697646
189780 0.297057
177934 0.100594
187198 0.663053
194807 0.412683
182724 0.297527
200605 0.215787
200804 0.662349
132325 0.401471
150994 0.186033
196043 0.045752
143561 0.555206
171701 0.0696679
167433 0.169031
180882 0.28886
190923 0.312307
144748 0.219605
168761 0.0581842
183058 0.341723
203455 0.611931
199742 0.455187
151595 0.119959
150716 0.743974
196819 0.287493
185304 0.116301
127165 0.0772734
126245 0.431558
123823 0.785905
150692 0.124603
126483 0.13763
179077 0.376654
143424 0.0547628
189521 0.898717
177153 0.438022
123475 0.860691
97375 0.342879
191884 0.1273
139241 0.14909
175042 0.0996772
163788 0.0370526
154219 0.408914
201335 0.172182
161252 0.0705049
142184 0.0588933
152790 0.177398
118863 0.361097
150349 0.466857
182559 0.470057
191877 0.178642
200258 0.606166
193600 0.178305
177471 0.595551
122152 0.500888
191743 0.539745
186709 0.0570191
124718 0.00450221
200256 0.403936
141577 0.546847
179146 0.256403
199619 0.536554
195067 0.612812
146165 0.0585256
138037 0.559873
183093 0.194817
201194 0.0367452
177255 0.28857
200367 0.396085
200374 0.449436
201153 0.837766
193664 0.312163
201425 0.461629
154900 0.0178315
160409 0.0629399
145907 0.285219
182736 0.104248
130820 0.137743
121425 0.396903
200020 0.463897
201791 0.288426
136533 0.267488
142731 0.0394367
186478 0.439883
136400 0.703548
180724 0.227293
194173 0.139233
128400 0.448151
158279 0.151923
144887 0.335332
152991 0.79555
199466 0.641115
150275 0.692563
162358 0.238372
188943 0.502562
144206 0.964296
191025 0.0414856
126933 0.379735
184570 0.0613946
171450 0.135125
126360 0.814345
202551 0.223103
154040 0.166471
126082 0.44027
197872 0.103655
137094 0.683485
196740 0.455057
195330 0.132933
171977 0.10869
160780 0.051787
190713 0.423382
146736 0.448484
186383 0.610552
117028 0.758754
199420 0.521652
199245 0.204703
175368 0.249409
193492 0.1093
167360 0.569255
156557 0.0875418
167917 0.180466
196380 0.110574
171617 0.0869167
184092 0.7978
117133 0.400065
174042 0.229888
193031 0.149759
186862 0.479368
164705 0.0110533
132852 0.7538
195508 0.353029
169091 0.318363
142766 0.868502
187819 0.511048
146804 0.0537837
198796 0.0128734
183171 0.0448929
176856 0.170289
154145 0.52145
178622 0.122442
189125 0.352144
156581 0.82116
184590 0.293307
197769 0.376213
164530 0.167298
182982 0.265695
142844 0.517616
199751 0.526822
152460 0.0223031
180921 0.256998
196323 0.479278
122864 0.566821
190435 0.0530964
135993 0.527732
139165 0.422189
200839 0.296625
199190 0.428306
178613 0.270848
201933 0.234525
148910 0.0686874
178383 0.0782378
200336 0.436455
201282 0.345859
187669 0.162827
183670 0.0843924
147892 0.479236
143457 0.152288
135254 0.732563
171364 0.161793
150246 0.307563
112051 0.26074
172056 0.167536
160131 0.103685
149639 0.851642
150781 0.713953
191107 0.575133
154933 0.136646
141361 0.599214
158539 0.0666335
201355 0.341055
148030 0.192626
199491 0.337151
194659 0.387947
198300 0.42424
188605 0.370773
179927 0.255078
121587 0.242991
142096 0.0350112
180199 0.520474
186469 0.151543
150842 0.284882
138704 0.299068
162913 0.643008
197162 0.237978
192428 0.0869968
199262 0.562043
137342 0.749719
149996 0.21675
130296 0.454312
187267 0.199804
136335 0.640919
174869 0.207833
157720 0.501563
120785 0.744986
170107 0.190104
138788 0.15806
117129 0.813024
182840 0.206851
159279 0.771488
172395 0.18729
203140 0.327442
128254 0.709452
162321 0.31289
120449 0.616743
199908 0.151487
184520 0.0667456
165908 0.336276
197954 0.162119
122895 0.340739
179091 0.353212
142724 0.0472983
148752 0.345786
155360 0.081303
196969 0.263364
181645 0.607084
124050 0.0350557
143626 0.822337
153748 0.802293
156504 0.640317
127684 0.469439
177762 0.666686
182282 0.500009
165450 0.270708
149778 0.275141
144802 0.0635273
160640 0.407057
170955 0.146095
140433 0.246998
182150 0.0772336
137813 0.266573
169440 0.107085
178664 0.328826
183439 0.390072
117159 0.622585
181768 0.132284
117987 0.686834
183130 0.0520655
169128 0.336388
141030 0.789397
144230 0.671304
191856 0.0828468
115855 0.310312
156474 0.412458
198098 0.162798
182193 0.191398
179127 0.742611
176473 0.0719338
128955 0.620589
162212 0.0986032
181157 0.418639
133723 0.306865
198249 0.424708
186991 0.496208
187425 0.0725681
190887 0.249618
172277 0.180968
178651 0.0599519
192470 0.453525
145973 0.254397
105296 0.131234
189918 0.0391297
155418 0.112565
202952 0.106222
123287 0.394184
182977 0.393457
149652 0.0256799
169970 0.0576385
145944 0.397652
105594 0.57608
118591 0.416674
169773 0.33843
119295 0.669679
201319 0.458259
193452 0.799902
203223 0.678178
157244 0.396852
139483 0.7698
111817 0.707843
114666 0.210289
174431 0.396248
161055 0.187412
144517 0.534568
185459 0.23163
174043 0.095099
112895 0.654016
178509 0.618012
136296 0.134497
160750 0.750784
165684 0.041851
150567 0.146876
159942 0.474614
173552 0.453581
144514 0.298694
167062 0.235666
197550 0.197455
185175 0.0701828
199115 0.282952
181099 0.272932
143247 0.226482
195406 0.331638
196956 0.379072
156349 0.321251
194441 0.0898032
172521 0.243202
191076 0.501956
100978 0.576563
197126 0.174139
199360 0.206947
197532 0.603153
192387 0.64555
156344 0.584619
196891 0.656003
115828 0.845906
197893 0.329242
139163 0.755316
201744 0.532867
157644 0.0138372
155596 0.893234
122930 0.453237
176990 0.232141
147939 0.591694
148222 0.253054
124047 0.368758
120870 0.869706
148517 0.129937
200460 0.446616
173532 0.3205
181587 0.382424
182074 0.405701
172734 0.370782
189562 0.0420838
153906 0.288749
148828 0.0275144
144499 0.0736759
147188 0.337011
153769 0.0998209
131388 0.401766
189378 0.486475
159207 0.491114
176344 0.0968965
129107 0.283304
169823 0.0352137
165000 0.408279
178313 0.191189
178211 0.636473
148598 0.14349
154915 0.816109
195887 0.403509
200852 0.242315
192015 0.0803021
126598 0.389079
197246 0.254198
165902 0.237007
177104 0.137671
152588 0.200212
119800 0.847341
168645 0.259031
175289 0.0535308
196628 0.725816
185524 0.619296
152326 0.728869
191561 0.527416
200873 0.340725
198673 0.477509
201027 0.344146
198100 0.723851
185985 0.750455
142974 0.0163141
117079 0.444211
189787 0.366998
180627 0.0680458
164301 0.037821
197513 0.199593
159295 0.410158
104927 0.763666
117249 0.770893
182071 0.376848
186450 0.264715
202565 0.321006
172272 0.0512453
196316 0.19203
198721 0.341327
148939 0.0904326
140890 0.602963
201320 0.23619
172893 0.216413
189425 0.329285
162817 0.27035
160488 0.124098
183191 0.0438338
126076 0.961681
138614 0.815258
171351 0.0611537
190044 0.195323
189429 0.143063
151966 0.0263507
107060 0.336432
183270 0.0832721
195402 0.237903
168243 0.0128157
109218 0.938834
107057 0.0694969
169636 0.0141801
195357 0.312218
144486 0.47416
150834 0.143211
177765 0.439219
178555 0.615385
188478 0.0882848
117211 0.241938
128124 0.781127
136631 0.40608
140087 0.464578
201470 0.157308
184714 0.420637
175526 0.0484299
179736 0.138961
199699 0.615822
189778 0.505942
140515 0.344733
198611 0.213238
200342 0.793404
172276 0.0794331
150265 0.0722032
170347 0.362269
178464 0.307844
201916 0.0612403
120899 0.834057
109619 0.786044
195773 0.358073
168788 0.0158466
194120 0.461886
141448 0.0996563
202277 0.272949
179007 0.0318236
187262 0.471867
201073 0.708916
185833 0.0832004
200113 0.656176
197571 0.296385
129559 0.491336
160077 0.49118
132745 0.56792
176352 0.193994
198419 0.484691
159408 0.262717
141261 0.279669
140274 0.0294253
129685 0.466809
177209 0.745191
148988 0.0628434
162996 0.125023
152556 0.293641
192044 0.128568
167544 0.0600672
144488 0.547349
183506 0.783354
201792 0.219036
181104 0.152445
157269 0.476078
171806 0.0379325
156279 0.281551
138926 0.204522
147260 0.204983
151354 0.490758
178662 0.470112
146790 0.0710281
121388 0.715683
190826 0.0976657
195098 0.24077
199638 0.627432
119548 0.940761
195161 0.181361
198651 0.604354
177605 0.483912
175449 0.578769
196796 0.279941
189331 0.125451
200267 0.293328
158941 0.0415492
159261 0.221918
163134 0.32538
171358 0.270304
164130 0.150392
165429 0.0634779
198186 0.392936
168515 0.419354
169036 0.231023
132177 0.424434
154032 0.0114986
162382 0.213956
166719 0.302337
172428 0.0290559
155076 0.0799397
147712 0.0480212
93044 0.889588
194919 0.567993
129659 0.387469
129691 0.705311
171100 0.0529309
201323 0.440344
148141 0.433301
203359 0.660482
150145 0.0144884
141368 0.223076
154957 0.259942
181521 0.648537
189600 0.390294
182653 0.116555
151404 0.34195
129956 0.706646
151099 0.181564
164670 0.285868
144269 0.840508
195668 0.469883
183145 0.0563656
123859 0.376985
123110 0.396028
135516 0.12176
178461 0.0946502
155325 0.0324349
164346 0.189491
171784 0.224073
177552 0.272728
153630 0.383646
168661 0.469963
183757 0.172698
180049 0.0106363
190863 0.256971
126849 0.593938
160693 0.113568
121717 0.696641
129023 0.66264
188379 0.320919
190996 0.209951
167816 0.0910348
193521 0.156295
188688 0.124017
149614 0.0309313
152317 0.498093
200001 0.134826
156914 0.089978
117080 0.595676
199735 0.450468
201769 0.292342
165029 0.0134927
183899 0.481647
177599 0.403598
199483 0.711931
188309 0.472552
168255 0.386159
160682 0.31699
200397 0.661692
183806 0.0338447
167076 0.0138251
150304 0.430698
201803 0.657959
169364 0.253035
147804 0.573861
203261 0.403462
134437 0.857406
158814 0.125759
169413 0.00995425
155491 0.636279
188458 0.035871
153325 0.557837
110556 0.750717
144367 0.131342
181654 0.21621
165911 0.412575
150693 0.0533936
175207 0.0395347
183117 0.185993
134087 0.784608
165559 0.102181
161016 0.389996
178210 0.507078
168573 0.771763
203251 0.25031
124612 0.0581872
170432 0.0401647
111986 0.440859
183581 0.159984
147447 0.586604
172647 0.102459
157231 0.380509
166635 0.140494
108227 0.911605
117981 0.38752
198531 0.127809
154140 0.235223
112403 0.231193
162253 0.0656255
123469 0.355447
160315 0.0773545
171118 0.361133
195371 0.0728252
166090 0.199151
154665 0.312718
162991 0.0767397
184595 0.0350472
195299 0.0998403
199593 0.60787
139919 0.122117
181639 0.401323
170363 0.45864
123102 0.692182
169642 0.706313
132104 0.510239
141845 0.393829
122878 0.453977
152805 0.32791
177382 0.0956761
191772 0.137442
200549 0.851289
200571 0.224484
139411 0.125548
160708 0.090735
178247 0.27286
162857 0.16223
183773 0.131678
188762 0.15317
124741 0.117188
152865 0.380543
105696 0.242956
202835 0.298464
182163 0.356652
191492 0.614147
189609 0.0580947
191473 0.0917642
143397 0.0116729
154626 0.36751
158627 0.23476
177488 0.356651
142552 0.187248
159561 0.0471418
194467 0.207269
172842 0.0557631
147240 0.0798783
202765 0.337764
127378 0.67641
171590 0.195402
187005 0.16011
179996 0.333255
193296 0.255221
194518 0.261847
158432 0.673747
150843 0.364164
140612 0.496166
166731 0.158643
142119 0.523173
199265 0.12137
162475 0.00997311
154851 0.0540825
146727 0.321318
200489 0.469266
183009 0.150884
122968 0.658157
165447 0.131296
162861 0.227782
117491 0.645053
188888 0.341118
163629 0.614286
193011 0.0363509
139687 0.320857
121187 0.552893
191996 0.497261
150881 0.509619
150036 0.348605
185830 0.586339
150786 0.1159
137316 0.151396
132657 0.785987
142727 0.34439
172036 0.568875
167798 0.223478
160325 0.413073
142210 0.592085
148876 0.165881
179696 0.43255
160892 0.243195
150632 0.533305
146815 0.180412
171387 0.391353
188495 0.277577
200207 0.0362404
192458 0.788323
174039 0.0899264
140588 0.390056
200180 0.38738
173349 0.793819
145026 0.651377
150695 0.0359696
153096 0.100919
147095 0.0393002
119593 0.804496
159319 0.333669
159490 0.0997589
202767 0.537182
144167 0.170762
174109 0.375515
154922 0.23715
158583 0.450692
202032 0.133447
189250 0.123127
193574 0.376337
193096 0.10941
174807 0.448067
202591 0.467625
183316 0.956861
140964 0.198368
154964 0.0649237
156241 0.228708
136700 0.589338
191253 0.162999
165050 0.0558853
186496 0.62351
161446 0.213529
129075 0.6537
192499 0.566882
128232 0.382781
124870 0.0451764
154798 0.0667178
191368 0.564675
183170 0.264335
195507 0.150927
160574 0.0403609
193003 0.0398593
118382 0.176813
177961 0.121151
173633 0.0574826
144041 0.639744
169891 0.0293471
143291 0.147568
186909 0.0700011
137599 0.7224
156024 0.673289
146699 0.222908
197719 0.309355
107059 0.190467
158725 0.196735
196790 0.481511
142914 0.275689
129519 0.507178
168170 0.0429723
115465 0.417578
194071 0.177494
196007 0.328344
175321 0.316584
183237 0.0692642
203194 0.350466
158657 0.943819
159631 0.108103
171877 0.0654242
163928 0.226457
152864 0.066746
161011 0.0449681
189713 0.214717
192102 0.515039
178408 0.118548
192579 0.300003
196870 0.577408
164889 0.763389
103923 0.204985
153981 0.097802
174958 0.199483
199949 0.077849
142765 0.169726
182504 0.242365
127244 0.556856
185491 0.416298
171869 0.332776
175908 0.517911
121581 0.687981
188354 0.164342
143780 0.0706861
189489 0.15032
203233 0.244591
153591 0.912286
155047 0.178743
177130 0.318676
202371 0.1122
119573 0.223909
127443 0.654201
152230 0.0814937
200601 0.20252
182921 0.0663487
199781 0.555488
183596 0.10591
127149 0.304629
122154 0.790609
152128 0.387938
126824 0.77523
129596 0.435326
166017 0.137724
195148 0.0872292
189558 0.640432
202078 0.273815
196508 0.490526
202830 0.589862
189890 0.742498
126897 0.49195
186248 0.150196
191596 0.0464762
156566 0.375771
137768 0.789013
144972 0.61961
124884 0.114484
193066 0.582045
159385 0.0586261
191066 0.546504
161727 0.0536819
159362 0.473521
147860 0.305675
194772 0.0520267
150047 0.109222
152890 0.274833
108191 0.071201
190946 0.312499
131997 0.713655
171872 0.216492
184106 0.289109
161604 0.131968
195009 0.327441
169898 0.0300357
107894 0.544081
203502 0.819305
152284 0.818396
177363 0.499478
131654 0.489848
113351 0.858936
71411 0.530967
203104 0.237783
150493 0.164813
191261 0.0704151
175527 0.0808779
176412 0.06027
177936 0.0602668
168112 0.705804
194349 0.120919
145999 0.034153
127934 0.492997
174877 0.647295
161910 0.398436
178101 0.780087
107915 0.381192
178507 0.381183
95787 0.771887
134840 0.512134
146744 0.218218
181826 0.257088
153236 0.166188
198102 0.150422
169287 0.254923
177264 0.499202
164210 0.0248789
166824 0.450376
140241 0.576458
191188 0.428146
189592 0.170967
194751 0.219326
185152 0.71107
142661 0.266941
170988 0.0143223
155375 0.16433
173259 0.117049
201773 0.229132
196107 0.340876
194474 0.294446
138786 0.473898
138420 0.627437
196238 0.559235
190806 0.822993
127022 0.20551
177377 0.0591544
201557 0.709479
183162 0.435618
177394 0.311973
177430 0.243509
153277 0.448543
199236 0.105734
166633 0.356237
202852 0.290788
192023 0.358445
144361 0.393871
195624 0.342206
104228 0.520671
143053 0.116674
