201713 0.723534
125577 0.643015
137163 0.297066
117198 0.383523
195482 0.0460973
150080 0.287497
183152 0.85884
142594 0.876092
166582 0.487086
197504 0.913078
126738 0.37068
179340 0.189818
149501 0.124487
144698 0.75663
155475 0.0365851
182197 0.378515
185461 0.114006
202523 0.3765
140886 0.4583
133385 0.177203
120909 0.777053
194820 0.507744
125545 0.477366
169894 0.369838
198224 0.482381
201691 0.668344
119719 0.380247
194780 0.343532
201823 0.85952
123002 0.305441
199465 0.731019
201535 0.68122
150070 0.328851
198550 0.388413
195757 0.700717
144306 0.135437
141516 0.307919
121420 0.70119
199284 0.23926
168074 0.761841
144287 0.85337
111812 0.362514
199586 0.559816
201275 0.301692
187060 0.639203
198947 0.741722
115551 0.772752
104454 0.147946
159848 0.454858
147498 0.684248
119531 0.727161
200259 0.439858
141170 0.692221
144020 0.861368
198165 0.190911
154364 0.380998
112159 0.855464
118753 0.421734
132072 0.590762
137076 0.449637
114715 0.924641
112478 0.710615
200995 0.763237
180209 0.5918
119371 0.353985
144270 0.992389
196001 0.360416
115537 0.69598
166577 0.969059
144023 0.960507
133672 0.467933
129644 0.423928
186310 0.168511
128411 0.457181
129246 0.35743
138433 0.855074
165081 0.0542928
195039 0.480901
110576 0.926947
172000 0.0999683
153822 0.248156
188783 0.705667
200734 0.7328
170311 0.539186
166591 0.840669
171104 0.15309
127196 0.464981
125536 0.134355
93393 0.93432
186317 0.753608
121630 0.42852
203173 0.320133
161782 0.265693
200358 0.210415
144344 0.96171
129590 0.618976
130289 0.204844
201695 0.583161
152873 0.321073
200994 0.0950599
158903 0.665845
149981 0.182333
107496 0.718258
125917 0.381051
121492 0.734359
125951 0.4943
125551 0.413695
160429 0.326379
156764 0.80865
96652 0.620347
118105 0.869145
196829 0.392703
201865 0.0911625
158374 0.642873
162369 0.273385
129255 0.203847
181379 0.144854
130522 0.19666
199599 0.736194
144343 0.964088
120685 0.569807
138410 0.529908
202518 0.174858
157856 0.719611
158426 0.202544
202531 0.568789
156685 0.707762
158335 0.870876
158010 0.572129
123282 0.54748
197273 0.767512
137685 0.744726
192062 0.196861
194749 0.431785
130326 0.6511
156280 0.724344
198635 0.681766
144280 0.983157
187502 0.409472
198977 0.708726
156546 0.874531
151778 0.23097
141062 0.706702
156445 0.935281
200041 0.525812
136575 0.518424
129955 0.465414
165257 0.1656
121406 0.826397
157339 0.503717
200240 0.252278
192309 0.66101
153541 0.865403
122818 0.371442
152813 0.423059
196128 0.454716
118779 0.356798
179689 0.551756
203166 0.349095
155402 0.446283
155965 0.643298
201108 0.383744
199519 0.553276
130882 0.322076
117961 0.42666
150978 0.807079
108562 0.845466
123543 0.515899
144832 0.695876
126788 0.337996
105663 0.920346
125294 0.157578
141169 0.30173
138951 0.646917
163884 0.310106
195363 0.280238
121494 0.410431
130299 0.192015
147787 0.627399
138964 0.678883
194924 0.487824
203295 0.793875
152470 0.406819
169234 0.387048
203449 0.674576
121553 0.482078
159808 0.433703
150795 0.719567
154419 0.256015
132109 0.441942
142778 0.393386
108228 0.914657
130255 0.53633
145615 0.565344
108479 0.784113
191122 0.139817
200785 0.334331
200557 0.79361
129978 0.683952
120702 0.408751
198124 0.469169
181404 0.13912
130301 0.536399
115539 0.68128
125535 0.118347
119865 0.762613
154844 0.30895
181392 0.426733
191912 0.356195
108555 0.795154
144049 0.770703
199660 0.338215
151109 0.639578
123874 0.373397
128732 0.954545
145986 0.341091
189729 0.365574
140452 0.57902
150565 0.710877
127810 0.360107
141407 0.904038
142577 0.597843
160423 0.395635
168214 0.891709
129581 0.384467
162419 0.0897504
129008 0.329295
166816 0.382606
195759 0.185878
119861 0.388374
201802 0.447369
201411 0.156557
200527 0.840968
131000 0.284858
200863 0.561664
144290 0.845507
141171 0.348519
165076 0.202769
160431 0.225377
118593 0.427773
95791 0.719255
160665 0.434241
183810 0.371553
120726 0.538777
167868 0.421572
120919 0.34134
188081 0.780688
175873 0.284189
202548 0.299135
187007 0.166036
195479 0.575766
137217 0.342569
151289 0.398097
110907 0.684043
138029 0.808175
135560 0.454472
108726 0.868837
162417 0.000412583
124290 0.274408
197517 0.572195
189634 0.451644
169673 0.303893
164365 0.645864
132552 0.320969
137985 0.340082
191058 0.790135
199954 0.464423
148533 0.534396
200946 0.523541
161032 0.0963767
198172 0.375557
109651 0.74983
154832 0.435684
197380 0.0614334
199799 0.490415
123940 0.885912
178817 0.41759
201291 0.548716
199097 0.549095
96944 0.826664
163355 0.418263
150550 0.762562
120945 0.524227
195085 0.361858
130015 0.789739
96520 0.867887
141468 0.819903
115989 0.677659
146751 0.662583
162438 0.179908
201260 0.350672
162426 0.00730992
139161 0.733416
147072 0.938772
200205 0.137493
202858 0.644753
123617 0.403753
107514 0.835779
189539 0.407749
169420 0.0516043
158993 0.453601
201981 0.74966
121583 0.717385
178277 0.539715
182911 0.81662
191346 0.352552
116490 0.438899
199588 0.562867
160041 0.647492
143190 0.41589
199343 0.176542
142077 0.264015
156640 0.518335
126364 0.693395
126357 0.677595
123972 0.945136
114724 0.865406
148719 0.914227
157752 0.32286
129609 0.654241
130778 0.591998
115533 0.784055
158200 0.755444
155691 0.955516
177818 0.510075
199873 0.152691
130322 0.091799
145904 0.767287
196577 0.76868
154732 0.303551
187044 0.249647
148646 0.273078
111807 0.621356
129625 0.460394
191361 0.770728
167123 0.696763
128340 0.578353
177472 0.58558
110199 0.959385
127577 0.447497
117485 0.576657
119292 0.558019
198670 0.763476
109628 0.962332
95784 0.758363
123058 0.460152
157972 0.887259
159522 0.482828
201261 0.752313
141481 0.568238
190778 0.761298
133023 0.560418
127119 0.0930329
169749 0.209049
115818 0.826745
165775 0.262684
157649 0.329785
187291 0.842794
201819 0.492398
138160 0.419165
106967 0.757156
182865 0.584605
201795 0.253903
128233 0.733215
121519 0.622184
196992 0.498118
171844 0.20346
118387 0.659697
126552 0.343929
118644 0.745409
144282 0.946471
105597 0.897925
167121 0.499595
118590 0.0900092
97479 0.741972
121206 0.296452
159296 0.920105
152857 0.304896
127485 0.284158
154117 0.702466
132777 0.532308
122990 0.86241
152389 0.86185
153596 0.843644
120817 0.7496
172075 0.768656
128944 0.420716
201589 0.595805
150532 0.450754
144182 0.76793
126266 0.739679
165053 0.0706989
188635 0.90298
174080 0.597088
203456 0.43129
152758 0.176492
194770 0.125424
144672 0.574246
197325 0.411401
150024 0.634552
151329 0.751904
139202 0.40735
108363 0.698386
159673 0.694034
143271 0.557258
160337 0.301102
132038 0.15843
160421 0.363336
118042 0.833412
198685 0.705351
200983 0.247037
194574 0.63776
193548 0.740045
144934 0.70872
199613 0.458853
150032 0.628155
199504 0.437627
200865 0.585094
147056 0.675709
156583 0.410891
160396 0.441027
169417 0.88845
187450 0.429256
156108 0.651569
157042 0.642421
196083 0.167938
132560 0.314338
121514 0.64763
129735 0.54625
137832 0.28305
108218 0.876678
159757 0.22083
128329 0.20654
151998 0.370196
125696 0.468541
195351 0.0946721
158710 0.3216
144706 0.741107
189781 0.473998
121893 0.702361
170984 0.623086
193584 0.434724
191387 0.309011
197180 0.794302
127279 0.871864
118036 0.200066
123830 0.129537
129953 0.77238
139819 0.602295
188964 0.615965
145329 0.479891
134414 0.410484
149703 0.615533
189552 0.256122
116816 0.763859
186879 0.607046
130459 0.241604
129844 0.786065
141490 0.612198
199210 0.571435
119180 0.485313
148965 0.693692
169869 0.186751
118019 0.390404
141262 0.0971717
195726 0.352516
104124 0.218188
166094 0.50698
191224 0.593905
196963 0.757081
197972 0.755263
128964 0.559734
152394 0.283676
201711 0.450652
93046 0.856989
167159 0.60614
154413 0.388938
117942 0.520942
112459 0.944507
165382 0.566226
117274 0.315602
170295 0.148743
203165 0.304192
133031 0.484491
113600 0.596622
127123 0.207599
169325 0.34069
161801 0.569246
194276 0.314899
172377 0.174621
123651 0.831032
132421 0.186814
196731 0.231248
199333 0.492802
196958 0.740304
145549 0.691781
137770 0.215498
123160 0.709926
201559 0.648176
156666 0.835845
203107 0.802462
178285 0.189715
115863 0.692219
180243 0.554358
161100 0.375061
187176 0.762523
199860 0.346927
121405 0.7579
197280 0.537011
195967 0.496664
198480 0.613168
160425 0.155376
150107 0.43937
121530 0.837053
189976 0.291466
142313 0.340985
202816 0.737056
197556 0.766994
198488 0.874556
203224 0.678512
125347 0.428284
195185 0.473657
199029 0.300565
188850 0.846876
134796 0.774905
123351 0.498859
199534 0.497515
111143 0.806629
165006 0.0381823
121373 0.518459
142720 0.468327
199188 0.497287
178314 0.144223
198638 0.377187
198712 0.455442
108545 0.851586
136468 0.666669
164356 0.585587
171821 0.511719
142624 0.380254
183511 0.585244
163742 0.521178
124250 0.27345
112564 0.53177
123242 0.699042
169986 0.37813
139302 0.733664
149173 0.363394
154776 0.288216
183681 0.225431
183186 0.774091
190714 0.537668
183383 0.217653
140959 0.103708
150751 0.491505
118929 0.569711
112109 0.890972
144531 0.293921
134306 0.403902
110363 0.697654
198640 0.840741
197562 0.327466
151777 0.337461
183154 0.640002
128341 0.452064
140207 0.498474
127820 0.624734
155400 0.0595785
175630 0.173428
123412 0.697227
144040 0.380935
199479 0.758785
133515 0.818864
142889 0.538083
139224 0.435526
203292 0.490496
116814 0.340296
201568 0.2871
195794 0.674277
146725 0.378207
186653 0.558568
163977 0.499195
166595 0.944042
201006 0.740606
150722 0.559569
179722 0.523095
131230 0.382911
125387 0.782692
169619 0.776219
128141 0.27476
194988 0.629655
125338 0.716395
121803 0.21069
133514 0.690811
190035 0.546414
121789 0.269365
123049 0.797707
148794 0.624603
198205 0.855676
153652 0.513971
165073 0.0305593
159740 0.219609
198387 0.176363
197516 0.654508
192279 0.132015
130666 0.346733
163360 0.174234
156793 0.616026
121491 0.694292
200804 0.662349
150994 0.186033
144748 0.219605
203455 0.611931
199742 0.455187
123823 0.785905
126483 0.13763
118863 0.361097
141577 0.546847
179146 0.256403
195067 0.612812
138037 0.559873
200374 0.449436
201153 0.837766
193664 0.312163
201425 0.461629
145907 0.285219
136533 0.267488
186478 0.439883
136400 0.703548
128400 0.448151
199466 0.641115
188943 0.502562
126933 0.379735
171450 0.135125
126360 0.814345
137094 0.683485
190713 0.423382
199245 0.204703
193031 0.149759
154145 0.52145
156581 0.82116
142844 0.517616
199751 0.526822
196323 0.479278
122864 0.566821
139165 0.422189
199190 0.428306
200336 0.436455
201282 0.345859
149639 0.851642
191107 0.575133
141361 0.599214
201355 0.341055
137342 0.749719
130296 0.454312
120785 0.744986
138788 0.15806
159279 0.771488
120449 0.616743
122895 0.340739
148752 0.345786
196969 0.263364
143626 0.822337
153748 0.802293
156504 0.640317
177762 0.666686
160640 0.407057
182150 0.0772336
117159 0.622585
117987 0.686834
141030 0.789397
156474 0.412458
128955 0.620589
190887 0.249618
123287 0.394184
145944 0.397652
105594 0.57608
118591 0.416674
119295 0.669679
193452 0.799902
203223 0.678178
139483 0.7698
111817 0.707843
167062 0.235666
196956 0.379072
100978 0.576563
197532 0.603153
115828 0.845906
139163 0.755316
122930 0.453237
120870 0.869706
165000 0.408279
178313 0.191189
154915 0.816109
195887 0.403509
126598 0.389079
152588 0.200212
119800 0.847341
198673 0.477509
201027 0.344146
198100 0.723851
197513 0.199593
104927 0.763666
117249 0.770893
186450 0.264715
198721 0.341327
140890 0.602963
126076 0.961681
138614 0.815258
190044 0.195323
195402 0.237903
109218 0.938834
144486 0.47416
136631 0.40608
140087 0.464578
200342 0.793404
120899 0.834057
109619 0.786044
194120 0.461886
201073 0.708916
200113 0.656176
129559 0.491336
132745 0.56792
159408 0.262717
148988 0.0628434
144488 0.547349
157269 0.476078
151354 0.490758
199638 0.627432
119548 0.940761
196796 0.279941
200267 0.293328
93044 0.889588
201323 0.440344
182653 0.116555
151404 0.34195
129956 0.706646
144269 0.840508
123859 0.376985
126849 0.593938
152317 0.498093
199735 0.450468
177599 0.403598
160682 0.31699
201803 0.657959
203261 0.403462
134437 0.857406
155491 0.636279
110556 0.750717
134087 0.784608
161016 0.389996
168573 0.771763
147447 0.586604
108227 0.911605
117981 0.38752
198531 0.127809
166090 0.199151
162991 0.0767397
199593 0.60787
169642 0.706313
132104 0.510239
122878 0.453977
200549 0.851289
178247 0.27286
162857 0.16223
105696 0.242956
127378 0.67641
158432 0.673747
140612 0.496166
122968 0.658157
150786 0.1159
132657 0.785987
160892 0.243195
140588 0.390056
119593 0.804496
174807 0.448067
136700 0.589338
165050 0.0558853
137599 0.7224
146699 0.222908
196790 0.481511
158657 0.943819
192102 0.515039
175908 0.517911
121581 0.687981
153591 0.912286
129596 0.435326
137768 0.789013
144972 0.61961
159362 0.473521
131997 0.713655
131654 0.489848
113351 0.858936
127934 0.492997
174877 0.647295
178101 0.780087
107915 0.381192
95787 0.771887
166824 0.450376
138786 0.473898
196238 0.559235
190806 0.822993
201557 0.709479
