10
[102.2, 101.9, 98.6]
20
[109.45, 108.55, 101.9]
30
[112.33333333333333, 110.33333333333333, 100.56666666666666]
40
[113.525, 112.4, 103.825]
50
[115.56, 114.96, 107.28]
60
[116.06666666666666, 116.9, 110.26666666666667]
70
[115.52857142857142, 118.0, 112.64285714285714]
80
[114.8125, 118.975, 114.7]
90
[114.73333333333333, 119.47777777777777, 115.76666666666667]
100
[115.15, 120.16, 116.54]
110
[114.7090909090909, 119.84545454545454, 115.65454545454546]
120
[113.975, 118.79166666666667, 112.675]
130
[114.36923076923077, 119.1, 112.16153846153846]
140
[114.42142857142858, 118.82857142857142, 111.1]
Traceback (most recent call last):
  File "./calcMeanPixs.py", line 25, in <module>
    c3 += p3
KeyboardInterrupt
10
[102.2, 101.9, 98.6]
20
[109.45, 108.55, 101.9]
30
[112.33333333333333, 110.33333333333333, 100.56666666666666]
40
[113.525, 112.4, 103.825]
50
[115.56, 114.96, 107.28]
60
[116.06666666666666, 116.9, 110.26666666666667]
70
[115.52857142857142, 118.0, 112.64285714285714]
Traceback (most recent call last):
  File "./calcMeanPixs.py", line 21, in <module>
    for y in range(sy):
KeyboardInterrupt
